2022-12-16 08:10:51.483 [info] Extension host with pid 120 started
2022-12-16 08:10:51.596 [info] Lock '/home/karolart/.vscode-server/data/User/workspaceStorage/e87297d80ed91d9a981cbfb24e7a1840/vscode.lock': Lock acquired.
2022-12-16 08:10:51.852 [info] ExtensionService#_doActivateExtension vscode.git-base, startup: true, activationEvent: '*', root cause: vscode.git
2022-12-16 08:10:52.189 [info] ExtensionService#_doActivateExtension vscode.git, startup: true, activationEvent: '*'
2022-12-16 08:10:52.190 [info] ExtensionService#_doActivateExtension vscode.github, startup: true, activationEvent: '*'
2022-12-16 08:10:52.912 [info] ExtensionService#_doActivateExtension vscode.debug-auto-launch, startup: false, activationEvent: 'onStartupFinished'
2022-12-16 08:10:52.920 [info] ExtensionService#_doActivateExtension vscode.emmet, startup: false, activationEvent: 'onStartupFinished'
2022-12-16 08:10:52.922 [info] ExtensionService#_doActivateExtension vscode.merge-conflict, startup: false, activationEvent: 'onStartupFinished'
2022-12-16 08:10:52.923 [info] Eager extensions activated
2022-12-16 08:10:56.684 [info] ExtensionService#_doActivateExtension vscode.configuration-editing, startup: false, activationEvent: 'onLanguage:jsonc'
2022-12-16 08:10:56.685 [info] ExtensionService#_doActivateExtension vscode.json-language-features, startup: false, activationEvent: 'onLanguage:jsonc'
2022-12-16 08:10:56.686 [info] ExtensionService#_doActivateExtension vscode.typescript-language-features, startup: false, activationEvent: 'onLanguage:jsonc'
2022-12-16 09:58:21.250 [warning] [Decorations] CAPPING events from decorations provider vscode.git 1814
2022-12-16 09:58:24.340 [warning] [Decorations] CAPPING events from decorations provider vscode.git 1814
2022-12-16 09:58:29.782 [warning] [Decorations] CAPPING events from decorations provider vscode.git 1814
2022-12-16 09:58:35.191 [warning] [Decorations] CAPPING events from decorations provider vscode.git 1814
2022-12-16 09:58:40.624 [warning] [Decorations] CAPPING events from decorations provider vscode.git 1814
2022-12-16 09:59:05.447 [warning] [Decorations] CAPPING events from decorations provider vscode.git 1814
2022-12-16 09:59:10.864 [warning] [Decorations] CAPPING events from decorations provider vscode.git 1814
2022-12-16 09:59:16.242 [warning] [Decorations] CAPPING events from decorations provider vscode.git 1814
2022-12-16 09:59:21.790 [warning] [Decorations] CAPPING events from decorations provider vscode.git 1814
2022-12-16 09:59:27.159 [warning] [Decorations] CAPPING events from decorations provider vscode.git 1814
2022-12-16 09:59:32.511 [warning] [Decorations] CAPPING events from decorations provider vscode.git 1814
2022-12-16 09:59:37.862 [warning] [Decorations] CAPPING events from decorations provider vscode.git 1814
2022-12-16 09:59:43.232 [warning] [Decorations] CAPPING events from decorations provider vscode.git 1814
2022-12-16 09:59:48.637 [warning] [Decorations] CAPPING events from decorations provider vscode.git 1814
2022-12-16 09:59:54.317 [warning] [Decorations] CAPPING events from decorations provider vscode.git 1814
2022-12-16 09:59:59.718 [warning] [Decorations] CAPPING events from decorations provider vscode.git 1814
2022-12-16 10:00:05.047 [warning] [Decorations] CAPPING events from decorations provider vscode.git 1807
2022-12-16 10:00:10.403 [warning] [Decorations] CAPPING events from decorations provider vscode.git 1807
2022-12-16 10:00:15.807 [warning] [Decorations] CAPPING events from decorations provider vscode.git 1807
2022-12-16 10:00:21.166 [warning] [Decorations] CAPPING events from decorations provider vscode.git 1807
2022-12-16 10:00:26.528 [warning] [Decorations] CAPPING events from decorations provider vscode.git 1807
2022-12-16 10:00:31.931 [warning] [Decorations] CAPPING events from decorations provider vscode.git 1807
2022-12-16 10:00:37.303 [warning] [Decorations] CAPPING events from decorations provider vscode.git 1807
2022-12-16 10:00:42.667 [warning] [Decorations] CAPPING events from decorations provider vscode.git 1807
2022-12-16 10:00:48.026 [warning] [Decorations] CAPPING events from decorations provider vscode.git 1807
2022-12-16 10:00:53.398 [warning] [Decorations] CAPPING events from decorations provider vscode.git 1807
2022-12-16 10:00:58.766 [warning] [Decorations] CAPPING events from decorations provider vscode.git 1807
2022-12-16 10:01:04.139 [warning] [Decorations] CAPPING events from decorations provider vscode.git 1807
2022-12-16 10:01:16.622 [warning] [Decorations] CAPPING events from decorations provider vscode.git 1807
2022-12-16 10:01:22.027 [warning] [Decorations] CAPPING events from decorations provider vscode.git 1807
2022-12-16 10:01:27.410 [warning] [Decorations] CAPPING events from decorations provider vscode.git 1807
2022-12-16 10:01:32.830 [warning] [Decorations] CAPPING events from decorations provider vscode.git 1807
2022-12-16 10:01:38.304 [warning] [Decorations] CAPPING events from decorations provider vscode.git 1807
2022-12-16 10:01:43.709 [warning] [Decorations] CAPPING events from decorations provider vscode.git 1807
2022-12-16 10:01:49.160 [warning] [Decorations] CAPPING events from decorations provider vscode.git 1807
2022-12-16 10:01:59.310 [warning] [Decorations] CAPPING events from decorations provider vscode.git 1807
2022-12-16 10:02:04.654 [warning] [Decorations] CAPPING events from decorations provider vscode.git 1807
2022-12-16 10:02:10.089 [warning] [Decorations] CAPPING events from decorations provider vscode.git 1807
2022-12-16 10:02:15.459 [warning] [Decorations] CAPPING events from decorations provider vscode.git 1807
2022-12-16 10:02:20.859 [warning] [Decorations] CAPPING events from decorations provider vscode.git 1807
2022-12-16 10:02:26.246 [warning] [Decorations] CAPPING events from decorations provider vscode.git 1807
2022-12-16 10:02:31.812 [warning] [Decorations] CAPPING events from decorations provider vscode.git 1807
2022-12-16 10:02:37.414 [warning] [Decorations] CAPPING events from decorations provider vscode.git 1807
2022-12-16 10:02:43.799 [warning] [Decorations] CAPPING events from decorations provider vscode.git 1807
2022-12-16 10:02:50.254 [warning] [Decorations] CAPPING events from decorations provider vscode.git 1807
2022-12-16 10:02:55.788 [warning] [Decorations] CAPPING events from decorations provider vscode.git 1807
2022-12-16 10:03:01.257 [warning] [Decorations] CAPPING events from decorations provider vscode.git 1807
2022-12-16 10:03:06.851 [warning] [Decorations] CAPPING events from decorations provider vscode.git 1807
2022-12-16 10:03:12.318 [warning] [Decorations] CAPPING events from decorations provider vscode.git 1807
2022-12-16 10:03:17.682 [warning] [Decorations] CAPPING events from decorations provider vscode.git 1807
2022-12-16 10:03:19.107 [info] ExtensionService#_doActivateExtension vscode.extension-editing, startup: false, activationEvent: 'onLanguage:markdown'
2022-12-16 10:03:19.108 [info] ExtensionService#_doActivateExtension vscode.markdown-language-features, startup: false, activationEvent: 'onLanguage:markdown'
2022-12-16 10:03:21.126 [info] ExtensionService#_doActivateExtension vscode.markdown-math, startup: false, activationEvent: 'api', root cause: vscode.markdown-language-features
2022-12-16 10:03:23.132 [warning] [Decorations] CAPPING events from decorations provider vscode.git 1808
2022-12-16 10:03:28.774 [warning] [Decorations] CAPPING events from decorations provider vscode.git 1808
2022-12-16 10:03:34.716 [warning] [Decorations] CAPPING events from decorations provider vscode.git 1808
2022-12-16 10:03:40.132 [warning] [Decorations] CAPPING events from decorations provider vscode.git 1808
2022-12-16 10:03:46.932 [warning] [Decorations] CAPPING events from decorations provider vscode.git 1808
2022-12-16 10:04:17.826 [warning] [Decorations] CAPPING events from decorations provider vscode.git 1808
2022-12-16 10:04:23.200 [warning] [Decorations] CAPPING events from decorations provider vscode.git 1808
2022-12-16 10:04:28.560 [warning] [Decorations] CAPPING events from decorations provider vscode.git 1808
2022-12-16 10:04:34.557 [warning] [Decorations] CAPPING events from decorations provider vscode.git 1808
2022-12-16 10:04:40.425 [warning] [Decorations] CAPPING events from decorations provider vscode.git 1808
2022-12-16 10:04:46.469 [warning] [Decorations] CAPPING events from decorations provider vscode.git 1808
2022-12-16 10:05:02.108 [warning] [Decorations] CAPPING events from decorations provider vscode.git 1808
2022-12-16 10:05:07.519 [warning] [Decorations] CAPPING events from decorations provider vscode.git 1808
2022-12-16 10:05:14.566 [warning] [Decorations] CAPPING events from decorations provider vscode.git 1808
2022-12-16 10:05:20.580 [warning] [Decorations] CAPPING events from decorations provider vscode.git 1808
2022-12-16 10:05:26.590 [warning] [Decorations] CAPPING events from decorations provider vscode.git 1808
2022-12-16 10:06:55.897 [warning] [Decorations] CAPPING events from decorations provider vscode.git 1808
2022-12-16 10:07:01.690 [warning] [Decorations] CAPPING events from decorations provider vscode.git 1808
2022-12-16 10:07:08.085 [warning] [Decorations] CAPPING events from decorations provider vscode.git 1808
2022-12-16 10:07:16.156 [warning] [Decorations] CAPPING events from decorations provider vscode.git 1808
2022-12-16 10:07:25.887 [warning] [Decorations] CAPPING events from decorations provider vscode.git 1808
2022-12-16 10:07:31.256 [warning] [Decorations] CAPPING events from decorations provider vscode.git 1808
2022-12-16 10:07:36.798 [warning] [Decorations] CAPPING events from decorations provider vscode.git 1808
2022-12-16 10:07:42.159 [warning] [Decorations] CAPPING events from decorations provider vscode.git 1808
2022-12-16 10:09:27.946 [warning] [Decorations] CAPPING events from decorations provider vscode.git 1808
2022-12-16 10:09:40.208 [warning] [Decorations] CAPPING events from decorations provider vscode.git 1808
2022-12-16 10:09:45.618 [warning] [Decorations] CAPPING events from decorations provider vscode.git 1808
2022-12-16 10:09:51.965 [warning] [Decorations] CAPPING events from decorations provider vscode.git 1808
2022-12-16 10:09:57.934 [warning] [Decorations] CAPPING events from decorations provider vscode.git 1808
2022-12-16 10:10:03.297 [warning] [Decorations] CAPPING events from decorations provider vscode.git 1808
2022-12-16 10:10:18.137 [warning] [Decorations] CAPPING events from decorations provider vscode.git 1808
2022-12-16 10:10:23.483 [warning] [Decorations] CAPPING events from decorations provider vscode.git 1808
2022-12-16 10:10:28.998 [warning] [Decorations] CAPPING events from decorations provider vscode.git 1808
2022-12-16 10:10:34.348 [warning] [Decorations] CAPPING events from decorations provider vscode.git 1808
2022-12-16 10:10:39.734 [warning] [Decorations] CAPPING events from decorations provider vscode.git 1808
2022-12-16 10:10:50.019 [warning] [Decorations] CAPPING events from decorations provider vscode.git 1808
2022-12-16 10:10:55.403 [warning] [Decorations] CAPPING events from decorations provider vscode.git 1808
2022-12-16 10:11:03.184 [warning] [Decorations] CAPPING events from decorations provider vscode.git 1808
2022-12-16 10:11:08.574 [warning] [Decorations] CAPPING events from decorations provider vscode.git 1808
2022-12-16 10:11:13.936 [warning] [Decorations] CAPPING events from decorations provider vscode.git 1808
2022-12-16 10:11:23.995 [warning] [Decorations] CAPPING events from decorations provider vscode.git 1808
2022-12-16 10:11:32.519 [warning] [Decorations] CAPPING events from decorations provider vscode.git 1808
2022-12-16 10:11:38.040 [warning] [Decorations] CAPPING events from decorations provider vscode.git 1808
2022-12-16 10:11:43.431 [warning] [Decorations] CAPPING events from decorations provider vscode.git 1808
2022-12-16 10:11:52.504 [warning] [Decorations] CAPPING events from decorations provider vscode.git 1808
2022-12-16 10:11:57.892 [warning] [Decorations] CAPPING events from decorations provider vscode.git 1808
2022-12-16 10:12:05.453 [warning] [Decorations] CAPPING events from decorations provider vscode.git 1808
2022-12-16 10:12:10.988 [warning] [Decorations] CAPPING events from decorations provider vscode.git 1808
2022-12-16 10:12:22.696 [warning] [Decorations] CAPPING events from decorations provider vscode.git 1808
2022-12-16 10:12:28.101 [warning] [Decorations] CAPPING events from decorations provider vscode.git 1808
2022-12-16 10:12:38.325 [warning] [Decorations] CAPPING events from decorations provider vscode.git 1808
2022-12-16 10:12:43.677 [warning] [Decorations] CAPPING events from decorations provider vscode.git 1808
2022-12-16 10:12:49.052 [warning] [Decorations] CAPPING events from decorations provider vscode.git 1808
2022-12-16 10:12:54.431 [warning] [Decorations] CAPPING events from decorations provider vscode.git 1808
2022-12-16 10:12:59.976 [warning] [Decorations] CAPPING events from decorations provider vscode.git 1808
2022-12-16 10:13:09.906 [warning] [Decorations] CAPPING events from decorations provider vscode.git 1808
2022-12-16 10:13:15.308 [warning] [Decorations] CAPPING events from decorations provider vscode.git 1808
2022-12-16 10:13:20.757 [warning] [Decorations] CAPPING events from decorations provider vscode.git 1808
2022-12-16 10:13:33.574 [warning] [Decorations] CAPPING events from decorations provider vscode.git 1808
2022-12-16 10:13:39.156 [warning] [Decorations] CAPPING events from decorations provider vscode.git 1808
2022-12-16 10:13:44.722 [warning] [Decorations] CAPPING events from decorations provider vscode.git 1808
2022-12-16 10:13:50.864 [warning] [Decorations] CAPPING events from decorations provider vscode.git 1808
2022-12-16 10:14:03.295 [warning] [Decorations] CAPPING events from decorations provider vscode.git 1808
2022-12-16 10:14:08.709 [warning] [Decorations] CAPPING events from decorations provider vscode.git 1808
2022-12-16 10:14:19.813 [warning] [Decorations] CAPPING events from decorations provider vscode.git 1808
2022-12-16 10:14:34.284 [warning] [Decorations] CAPPING events from decorations provider vscode.git 1808
2022-12-16 10:14:39.687 [warning] [Decorations] CAPPING events from decorations provider vscode.git 1808
2022-12-16 10:14:47.731 [warning] [Decorations] CAPPING events from decorations provider vscode.git 1808
2022-12-16 10:14:53.141 [warning] [Decorations] CAPPING events from decorations provider vscode.git 1808
2022-12-16 10:14:58.558 [warning] [Decorations] CAPPING events from decorations provider vscode.git 1808
2022-12-16 10:15:06.257 [warning] [Decorations] CAPPING events from decorations provider vscode.git 1808
2022-12-16 10:15:11.659 [warning] [Decorations] CAPPING events from decorations provider vscode.git 1808
2022-12-16 10:15:18.526 [warning] [Decorations] CAPPING events from decorations provider vscode.git 1808
2022-12-16 10:15:24.064 [warning] [Decorations] CAPPING events from decorations provider vscode.git 1808
2022-12-16 10:15:29.584 [warning] [Decorations] CAPPING events from decorations provider vscode.git 1808
2022-12-16 10:15:40.333 [warning] [Decorations] CAPPING events from decorations provider vscode.git 1808
2022-12-16 10:15:45.852 [warning] [Decorations] CAPPING events from decorations provider vscode.git 1808
2022-12-16 10:15:52.681 [warning] [Decorations] CAPPING events from decorations provider vscode.git 1808
2022-12-16 10:15:58.361 [warning] [Decorations] CAPPING events from decorations provider vscode.git 1808
2022-12-16 10:16:04.337 [warning] [Decorations] CAPPING events from decorations provider vscode.git 1808
2022-12-16 10:16:16.465 [warning] [Decorations] CAPPING events from decorations provider vscode.git 1808
2022-12-16 10:16:21.967 [warning] [Decorations] CAPPING events from decorations provider vscode.git 1808
2022-12-16 10:16:27.527 [warning] [Decorations] CAPPING events from decorations provider vscode.git 1808
2022-12-16 10:16:33.207 [warning] [Decorations] CAPPING events from decorations provider vscode.git 1808
2022-12-16 10:16:45.057 [warning] [Decorations] CAPPING events from decorations provider vscode.git 1808
2022-12-16 10:16:50.436 [warning] [Decorations] CAPPING events from decorations provider vscode.git 1808
2022-12-16 10:16:57.119 [warning] [Decorations] CAPPING events from decorations provider vscode.git 1808
2022-12-16 10:17:02.637 [warning] [Decorations] CAPPING events from decorations provider vscode.git 1808
2022-12-16 10:17:17.425 [warning] [Decorations] CAPPING events from decorations provider vscode.git 1808
2022-12-16 10:17:27.318 [warning] [Decorations] CAPPING events from decorations provider vscode.git 1808
2022-12-16 10:17:32.710 [warning] [Decorations] CAPPING events from decorations provider vscode.git 1808
2022-12-16 10:17:38.218 [warning] [Decorations] CAPPING events from decorations provider vscode.git 1808
2022-12-16 10:17:43.851 [warning] [Decorations] CAPPING events from decorations provider vscode.git 1808
2022-12-16 10:18:00.879 [warning] [Decorations] CAPPING events from decorations provider vscode.git 1808
2022-12-16 10:18:06.408 [warning] [Decorations] CAPPING events from decorations provider vscode.git 1808
2022-12-16 10:18:16.136 [warning] [Decorations] CAPPING events from decorations provider vscode.git 1808
2022-12-16 10:18:21.641 [warning] [Decorations] CAPPING events from decorations provider vscode.git 1808
2022-12-16 10:18:28.849 [warning] [Decorations] CAPPING events from decorations provider vscode.git 1808
2022-12-16 10:18:34.469 [warning] [Decorations] CAPPING events from decorations provider vscode.git 1808
2022-12-16 10:18:51.366 [warning] [Decorations] CAPPING events from decorations provider vscode.git 1808
2022-12-16 10:18:56.793 [warning] [Decorations] CAPPING events from decorations provider vscode.git 1808
2022-12-16 10:19:02.585 [warning] [Decorations] CAPPING events from decorations provider vscode.git 1808
2022-12-16 10:19:08.228 [warning] [Decorations] CAPPING events from decorations provider vscode.git 1808
2022-12-16 10:19:18.849 [warning] [Decorations] CAPPING events from decorations provider vscode.git 1808
2022-12-16 10:19:24.421 [warning] [Decorations] CAPPING events from decorations provider vscode.git 1808
2022-12-16 10:19:29.969 [warning] [Decorations] CAPPING events from decorations provider vscode.git 1808
2022-12-16 10:19:35.498 [warning] [Decorations] CAPPING events from decorations provider vscode.git 1808
2022-12-16 10:19:40.972 [warning] [Decorations] CAPPING events from decorations provider vscode.git 1808
2022-12-16 10:19:51.475 [warning] [Decorations] CAPPING events from decorations provider vscode.git 1808
2022-12-16 10:19:56.908 [warning] [Decorations] CAPPING events from decorations provider vscode.git 1808
2022-12-16 10:20:06.100 [warning] [Decorations] CAPPING events from decorations provider vscode.git 1808
2022-12-16 10:20:11.705 [warning] [Decorations] CAPPING events from decorations provider vscode.git 1808
2022-12-16 10:20:22.296 [warning] [Decorations] CAPPING events from decorations provider vscode.git 1808
2022-12-16 10:20:27.894 [warning] [Decorations] CAPPING events from decorations provider vscode.git 1808
2022-12-16 10:20:33.485 [warning] [Decorations] CAPPING events from decorations provider vscode.git 1808
2022-12-16 10:20:38.918 [warning] [Decorations] CAPPING events from decorations provider vscode.git 1808
2022-12-16 10:20:48.609 [warning] [Decorations] CAPPING events from decorations provider vscode.git 1808
2022-12-16 10:20:54.198 [warning] [Decorations] CAPPING events from decorations provider vscode.git 1808
2022-12-16 10:20:59.649 [warning] [Decorations] CAPPING events from decorations provider vscode.git 1808
2022-12-16 10:21:05.089 [warning] [Decorations] CAPPING events from decorations provider vscode.git 1808
2022-12-16 10:21:15.215 [warning] [Decorations] CAPPING events from decorations provider vscode.git 1808
2022-12-16 10:21:20.906 [warning] [Decorations] CAPPING events from decorations provider vscode.git 1808
2022-12-16 10:21:26.660 [warning] [Decorations] CAPPING events from decorations provider vscode.git 1808
2022-12-16 10:21:32.185 [warning] [Decorations] CAPPING events from decorations provider vscode.git 1808
2022-12-16 10:21:37.830 [warning] [Decorations] CAPPING events from decorations provider vscode.git 1808
2022-12-16 10:21:50.969 [warning] [Decorations] CAPPING events from decorations provider vscode.git 1808
2022-12-16 10:21:56.409 [warning] [Decorations] CAPPING events from decorations provider vscode.git 1808
2022-12-16 10:22:03.236 [warning] [Decorations] CAPPING events from decorations provider vscode.git 1808
2022-12-16 10:22:08.837 [warning] [Decorations] CAPPING events from decorations provider vscode.git 1808
2022-12-16 10:22:14.655 [warning] [Decorations] CAPPING events from decorations provider vscode.git 1808
2022-12-16 10:22:31.979 [warning] [Decorations] CAPPING events from decorations provider vscode.git 1808
2022-12-16 10:22:40.334 [warning] [Decorations] CAPPING events from decorations provider vscode.git 1808
2022-12-16 10:22:45.723 [warning] [Decorations] CAPPING events from decorations provider vscode.git 1808
2022-12-16 10:22:51.203 [warning] [Decorations] CAPPING events from decorations provider vscode.git 1808
2022-12-16 10:23:07.260 [warning] [Decorations] CAPPING events from decorations provider vscode.git 1808
2022-12-16 10:23:12.790 [warning] [Decorations] CAPPING events from decorations provider vscode.git 1808
2022-12-16 10:23:18.219 [warning] [Decorations] CAPPING events from decorations provider vscode.git 1808
2022-12-16 10:23:23.694 [warning] [Decorations] CAPPING events from decorations provider vscode.git 1808
2022-12-16 10:23:36.667 [warning] [Decorations] CAPPING events from decorations provider vscode.git 1808
2022-12-16 10:23:42.292 [warning] [Decorations] CAPPING events from decorations provider vscode.git 1808
2022-12-16 10:23:47.744 [warning] [Decorations] CAPPING events from decorations provider vscode.git 1808
2022-12-16 10:23:53.280 [warning] [Decorations] CAPPING events from decorations provider vscode.git 1808
2022-12-16 10:23:58.945 [warning] [Decorations] CAPPING events from decorations provider vscode.git 1808
2022-12-16 10:24:04.501 [warning] [Decorations] CAPPING events from decorations provider vscode.git 1808
2022-12-16 10:24:19.955 [warning] [Decorations] CAPPING events from decorations provider vscode.git 1808
2022-12-16 10:24:25.361 [warning] [Decorations] CAPPING events from decorations provider vscode.git 1808
2022-12-16 10:24:32.532 [warning] [Decorations] CAPPING events from decorations provider vscode.git 1808
2022-12-16 10:24:38.040 [warning] [Decorations] CAPPING events from decorations provider vscode.git 1808
2022-12-16 10:24:46.195 [warning] [Decorations] CAPPING events from decorations provider vscode.git 1808
2022-12-16 10:24:51.621 [warning] [Decorations] CAPPING events from decorations provider vscode.git 1808
2022-12-16 10:24:59.677 [warning] [Decorations] CAPPING events from decorations provider vscode.git 1808
2022-12-16 10:25:05.266 [warning] [Decorations] CAPPING events from decorations provider vscode.git 1808
2022-12-16 10:25:10.717 [warning] [Decorations] CAPPING events from decorations provider vscode.git 1808
2022-12-16 10:25:16.296 [warning] [Decorations] CAPPING events from decorations provider vscode.git 1808
2022-12-16 10:25:29.726 [warning] [Decorations] CAPPING events from decorations provider vscode.git 1808
2022-12-16 10:25:35.192 [warning] [Decorations] CAPPING events from decorations provider vscode.git 1808
2022-12-16 10:25:40.657 [warning] [Decorations] CAPPING events from decorations provider vscode.git 1808
2022-12-16 10:25:48.367 [warning] [Decorations] CAPPING events from decorations provider vscode.git 1808
2022-12-16 10:25:54.023 [warning] [Decorations] CAPPING events from decorations provider vscode.git 1808
2022-12-16 10:25:59.444 [warning] [Decorations] CAPPING events from decorations provider vscode.git 1808
2022-12-16 10:26:04.853 [warning] [Decorations] CAPPING events from decorations provider vscode.git 1808
2022-12-16 10:26:10.241 [warning] [Decorations] CAPPING events from decorations provider vscode.git 1808
2022-12-16 10:26:21.244 [warning] [Decorations] CAPPING events from decorations provider vscode.git 1808
2022-12-16 10:26:26.706 [warning] [Decorations] CAPPING events from decorations provider vscode.git 1808
2022-12-16 10:26:33.715 [warning] [Decorations] CAPPING events from decorations provider vscode.git 1808
2022-12-16 10:26:39.251 [warning] [Decorations] CAPPING events from decorations provider vscode.git 1808
2022-12-16 10:26:44.913 [warning] [Decorations] CAPPING events from decorations provider vscode.git 1808
2022-12-16 10:26:52.263 [warning] [Decorations] CAPPING events from decorations provider vscode.git 1808
2022-12-16 10:27:01.736 [warning] [Decorations] CAPPING events from decorations provider vscode.git 1808
2022-12-16 10:27:07.240 [warning] [Decorations] CAPPING events from decorations provider vscode.git 1808
2022-12-16 10:27:12.657 [warning] [Decorations] CAPPING events from decorations provider vscode.git 1808
2022-12-16 10:27:18.202 [warning] [Decorations] CAPPING events from decorations provider vscode.git 1808
2022-12-16 10:27:25.548 [warning] [Decorations] CAPPING events from decorations provider vscode.git 1808
2022-12-16 10:27:31.239 [warning] [Decorations] CAPPING events from decorations provider vscode.git 1808
2022-12-16 10:27:43.369 [warning] [Decorations] CAPPING events from decorations provider vscode.git 1808
2022-12-16 10:27:51.779 [warning] [Decorations] CAPPING events from decorations provider vscode.git 1808
2022-12-16 10:27:57.240 [warning] [Decorations] CAPPING events from decorations provider vscode.git 1808
2022-12-16 10:28:02.729 [warning] [Decorations] CAPPING events from decorations provider vscode.git 1808
2022-12-16 10:28:15.252 [warning] [Decorations] CAPPING events from decorations provider vscode.git 1808
2022-12-16 10:28:20.735 [warning] [Decorations] CAPPING events from decorations provider vscode.git 1808
2022-12-16 10:28:26.343 [warning] [Decorations] CAPPING events from decorations provider vscode.git 1808
2022-12-16 10:28:31.816 [warning] [Decorations] CAPPING events from decorations provider vscode.git 1808
2022-12-16 10:28:43.770 [warning] [Decorations] CAPPING events from decorations provider vscode.git 1808
2022-12-16 10:28:49.493 [warning] [Decorations] CAPPING events from decorations provider vscode.git 1808
2022-12-16 10:28:55.007 [warning] [Decorations] CAPPING events from decorations provider vscode.git 1808
2022-12-16 10:29:00.561 [warning] [Decorations] CAPPING events from decorations provider vscode.git 1808
2022-12-16 10:29:11.082 [warning] [Decorations] CAPPING events from decorations provider vscode.git 1808
2022-12-16 10:29:16.790 [warning] [Decorations] CAPPING events from decorations provider vscode.git 1808
2022-12-16 10:29:22.285 [warning] [Decorations] CAPPING events from decorations provider vscode.git 1808
2022-12-16 10:29:27.768 [warning] [Decorations] CAPPING events from decorations provider vscode.git 1808
2022-12-16 10:29:39.284 [warning] [Decorations] CAPPING events from decorations provider vscode.git 1808
2022-12-16 10:29:44.830 [warning] [Decorations] CAPPING events from decorations provider vscode.git 1808
2022-12-16 10:29:50.695 [warning] [Decorations] CAPPING events from decorations provider vscode.git 1808
2022-12-16 10:29:56.336 [warning] [Decorations] CAPPING events from decorations provider vscode.git 1808
2022-12-16 10:30:07.460 [warning] [Decorations] CAPPING events from decorations provider vscode.git 1808
2022-12-16 10:30:15.681 [warning] [Decorations] CAPPING events from decorations provider vscode.git 1808
2022-12-16 10:30:21.253 [warning] [Decorations] CAPPING events from decorations provider vscode.git 1808
2022-12-16 10:30:26.703 [warning] [Decorations] CAPPING events from decorations provider vscode.git 1808
2022-12-16 10:30:35.236 [warning] [Decorations] CAPPING events from decorations provider vscode.git 1808
2022-12-16 10:30:40.804 [warning] [Decorations] CAPPING events from decorations provider vscode.git 1808
2022-12-16 10:30:46.279 [warning] [Decorations] CAPPING events from decorations provider vscode.git 1808
2022-12-16 10:30:51.917 [warning] [Decorations] CAPPING events from decorations provider vscode.git 1808
2022-12-16 10:31:05.149 [warning] [Decorations] CAPPING events from decorations provider vscode.git 1808
2022-12-16 10:31:10.662 [warning] [Decorations] CAPPING events from decorations provider vscode.git 1808
2022-12-16 10:31:16.172 [warning] [Decorations] CAPPING events from decorations provider vscode.git 1808
2022-12-16 10:31:21.704 [warning] [Decorations] CAPPING events from decorations provider vscode.git 1808
2022-12-16 10:31:29.212 [warning] [Decorations] CAPPING events from decorations provider vscode.git 1808
2022-12-16 10:31:34.693 [warning] [Decorations] CAPPING events from decorations provider vscode.git 1808
2022-12-16 10:31:40.147 [warning] [Decorations] CAPPING events from decorations provider vscode.git 1810
2022-12-16 10:32:08.660 [warning] [Decorations] CAPPING events from decorations provider vscode.git 1810
2022-12-16 10:32:17.248 [warning] [Decorations] CAPPING events from decorations provider vscode.git 1810
2022-12-16 10:32:22.674 [warning] [Decorations] CAPPING events from decorations provider vscode.git 1810
2022-12-16 10:32:28.119 [warning] [Decorations] CAPPING events from decorations provider vscode.git 1810
2022-12-16 10:32:33.561 [warning] [Decorations] CAPPING events from decorations provider vscode.git 1810
2022-12-16 10:32:42.431 [warning] [Decorations] CAPPING events from decorations provider vscode.git 1811
2022-12-16 10:32:47.978 [warning] [Decorations] CAPPING events from decorations provider vscode.git 1811
2022-12-16 10:32:53.485 [warning] [Decorations] CAPPING events from decorations provider vscode.git 1811
2022-12-16 10:32:58.899 [warning] [Decorations] CAPPING events from decorations provider vscode.git 1811
2022-12-16 10:33:04.436 [warning] [Decorations] CAPPING events from decorations provider vscode.git 1811
2022-12-16 10:33:10.083 [warning] [Decorations] CAPPING events from decorations provider vscode.git 1811
2022-12-16 10:33:15.494 [warning] [Decorations] CAPPING events from decorations provider vscode.git 1811
2022-12-16 10:33:21.003 [warning] [Decorations] CAPPING events from decorations provider vscode.git 1811
2022-12-16 10:33:26.472 [warning] [Decorations] CAPPING events from decorations provider vscode.git 1811
2022-12-16 10:33:31.916 [warning] [Decorations] CAPPING events from decorations provider vscode.git 1811
2022-12-16 10:33:37.436 [warning] [Decorations] CAPPING events from decorations provider vscode.git 1811
2022-12-16 10:33:42.899 [warning] [Decorations] CAPPING events from decorations provider vscode.git 1811
2022-12-16 10:33:48.282 [warning] [Decorations] CAPPING events from decorations provider vscode.git 1811
2022-12-16 10:33:53.781 [warning] [Decorations] CAPPING events from decorations provider vscode.git 1811
2022-12-16 10:34:21.159 [warning] [Decorations] CAPPING events from decorations provider vscode.git 1811
2022-12-16 10:34:26.596 [warning] [Decorations] CAPPING events from decorations provider vscode.git 1811
2022-12-16 10:34:32.024 [warning] [Decorations] CAPPING events from decorations provider vscode.git 1811
2022-12-16 10:34:37.470 [warning] [Decorations] CAPPING events from decorations provider vscode.git 1811
2022-12-16 10:34:43.076 [warning] [Decorations] CAPPING events from decorations provider vscode.git 1811
2022-12-16 10:34:48.564 [warning] [Decorations] CAPPING events from decorations provider vscode.git 1811
2022-12-16 10:34:54.051 [warning] [Decorations] CAPPING events from decorations provider vscode.git 1811
2022-12-16 10:34:59.477 [warning] [Decorations] CAPPING events from decorations provider vscode.git 1811
2022-12-16 10:35:04.931 [warning] [Decorations] CAPPING events from decorations provider vscode.git 1811
2022-12-16 10:35:10.355 [warning] [Decorations] CAPPING events from decorations provider vscode.git 1811
2022-12-16 10:41:15.674 [warning] [Decorations] CAPPING events from decorations provider vscode.git 1811
2022-12-16 10:41:21.229 [warning] [Decorations] CAPPING events from decorations provider vscode.git 1811
2022-12-16 10:41:54.931 [warning] [Decorations] CAPPING events from decorations provider vscode.git 1811
2022-12-16 10:42:00.399 [warning] [Decorations] CAPPING events from decorations provider vscode.git 1811
2022-12-16 10:42:03.023 [info] ExtensionService#_doActivateExtension vscode.html-language-features, startup: false, activationEvent: 'onLanguage:html'
2022-12-16 10:42:27.002 [warning] [Decorations] CAPPING events from decorations provider vscode.git 1812
2022-12-16 10:42:32.562 [warning] [Decorations] CAPPING events from decorations provider vscode.git 1812
2022-12-16 10:42:37.980 [warning] [Decorations] CAPPING events from decorations provider vscode.git 1814
2022-12-16 10:42:43.368 [warning] [Decorations] CAPPING events from decorations provider vscode.git 1814
2022-12-16 10:42:48.845 [warning] [Decorations] CAPPING events from decorations provider vscode.git 1814
2022-12-16 10:42:54.242 [warning] [Decorations] CAPPING events from decorations provider vscode.git 1814
2022-12-16 10:43:10.631 [warning] [Decorations] CAPPING events from decorations provider vscode.git 1814
2022-12-16 10:43:16.056 [warning] [Decorations] CAPPING events from decorations provider vscode.git 1814
2022-12-16 10:43:21.440 [warning] [Decorations] CAPPING events from decorations provider vscode.git 1814
2022-12-16 10:43:26.924 [warning] [Decorations] CAPPING events from decorations provider vscode.git 1814
2022-12-16 10:43:32.464 [warning] [Decorations] CAPPING events from decorations provider vscode.git 1814
2022-12-16 10:43:47.037 [warning] [Decorations] CAPPING events from decorations provider vscode.git 1814
2022-12-16 10:43:52.498 [warning] [Decorations] CAPPING events from decorations provider vscode.git 1814
2022-12-16 10:43:58.085 [warning] [Decorations] CAPPING events from decorations provider vscode.git 1814
2022-12-16 10:44:03.481 [warning] [Decorations] CAPPING events from decorations provider vscode.git 1814
2022-12-16 10:44:20.474 [warning] [Decorations] CAPPING events from decorations provider vscode.git 1814
2022-12-16 10:44:25.861 [warning] [Decorations] CAPPING events from decorations provider vscode.git 1814
2022-12-16 10:44:31.229 [warning] [Decorations] CAPPING events from decorations provider vscode.git 1814
2022-12-16 10:44:36.688 [warning] [Decorations] CAPPING events from decorations provider vscode.git 1814
2022-12-16 10:44:42.144 [warning] [Decorations] CAPPING events from decorations provider vscode.git 1814
2022-12-16 10:44:47.492 [warning] [Decorations] CAPPING events from decorations provider vscode.git 1814
2022-12-16 10:44:52.913 [warning] [Decorations] CAPPING events from decorations provider vscode.git 1814
2022-12-16 10:45:22.235 [warning] [Decorations] CAPPING events from decorations provider vscode.git 1814
2022-12-16 10:45:27.668 [warning] [Decorations] CAPPING events from decorations provider vscode.git 1814
2022-12-16 10:45:33.971 [warning] [Decorations] CAPPING events from decorations provider vscode.git 1814
2022-12-16 10:45:40.356 [warning] [Decorations] CAPPING events from decorations provider vscode.git 1814
2022-12-16 10:47:41.121 [warning] [Decorations] CAPPING events from decorations provider vscode.git 1814
2022-12-16 10:47:46.524 [warning] [Decorations] CAPPING events from decorations provider vscode.git 1814
2022-12-16 10:47:51.996 [warning] [Decorations] CAPPING events from decorations provider vscode.git 1814
2022-12-16 10:48:15.607 [warning] [Decorations] CAPPING events from decorations provider vscode.git 1814
2022-12-16 10:48:24.608 [warning] [Decorations] CAPPING events from decorations provider vscode.git 1814
2022-12-16 10:48:50.614 [warning] [Decorations] CAPPING events from decorations provider vscode.git 1814
2022-12-16 10:48:56.086 [warning] [Decorations] CAPPING events from decorations provider vscode.git 1814
2022-12-16 10:49:01.500 [warning] [Decorations] CAPPING events from decorations provider vscode.git 1814
2022-12-16 10:49:10.106 [warning] [Decorations] CAPPING events from decorations provider vscode.git 1816
2022-12-16 10:49:15.520 [warning] [Decorations] CAPPING events from decorations provider vscode.git 1816
2022-12-16 10:49:21.082 [warning] [Decorations] CAPPING events from decorations provider vscode.git 1816
2022-12-16 10:49:26.743 [warning] [Decorations] CAPPING events from decorations provider vscode.git 1816
2022-12-16 10:51:18.602 [warning] [Decorations] CAPPING events from decorations provider vscode.git 1816
2022-12-16 10:51:24.034 [warning] [Decorations] CAPPING events from decorations provider vscode.git 1816
2022-12-16 10:51:29.487 [warning] [Decorations] CAPPING events from decorations provider vscode.git 1816
2022-12-16 10:51:34.859 [warning] [Decorations] CAPPING events from decorations provider vscode.git 1816
2022-12-16 10:51:40.269 [warning] [Decorations] CAPPING events from decorations provider vscode.git 1816
2022-12-16 10:51:47.379 [warning] [Decorations] CAPPING events from decorations provider vscode.git 1816
2022-12-16 10:51:52.770 [warning] [Decorations] CAPPING events from decorations provider vscode.git 1816
2022-12-16 10:51:58.166 [warning] [Decorations] CAPPING events from decorations provider vscode.git 1816
2022-12-16 10:52:03.667 [warning] [Decorations] CAPPING events from decorations provider vscode.git 1816
2022-12-16 10:52:09.073 [warning] [Decorations] CAPPING events from decorations provider vscode.git 1816
2022-12-16 10:52:14.456 [warning] [Decorations] CAPPING events from decorations provider vscode.git 1816
2022-12-16 10:52:19.865 [warning] [Decorations] CAPPING events from decorations provider vscode.git 1818
2022-12-16 10:52:25.307 [warning] [Decorations] CAPPING events from decorations provider vscode.git 1818
2022-12-16 10:52:31.950 [warning] [Decorations] CAPPING events from decorations provider vscode.git 1818
2022-12-16 10:52:37.357 [warning] [Decorations] CAPPING events from decorations provider vscode.git 1818
2022-12-16 10:52:43.030 [warning] [Decorations] CAPPING events from decorations provider vscode.git 1818
2022-12-16 10:52:48.669 [warning] [Decorations] CAPPING events from decorations provider vscode.git 1818
2022-12-16 10:53:06.728 [warning] [Decorations] CAPPING events from decorations provider vscode.git 1818
2022-12-16 10:53:21.261 [warning] [Decorations] CAPPING events from decorations provider vscode.git 1818
2022-12-16 10:53:26.660 [warning] [Decorations] CAPPING events from decorations provider vscode.git 1818
2022-12-16 10:53:33.658 [warning] [Decorations] CAPPING events from decorations provider vscode.git 1818
2022-12-16 10:53:44.731 [warning] [Decorations] CAPPING events from decorations provider vscode.git 1818
2022-12-16 10:53:50.181 [warning] [Decorations] CAPPING events from decorations provider vscode.git 1818
2022-12-16 10:53:55.560 [warning] [Decorations] CAPPING events from decorations provider vscode.git 1818
2022-12-16 10:54:00.949 [warning] [Decorations] CAPPING events from decorations provider vscode.git 1818
2022-12-16 10:54:31.866 [warning] [Decorations] CAPPING events from decorations provider vscode.git 1818
2022-12-16 10:54:52.534 [warning] [Decorations] CAPPING events from decorations provider vscode.git 1818
2022-12-16 10:54:58.139 [warning] [Decorations] CAPPING events from decorations provider vscode.git 1818
2022-12-16 10:55:04.276 [warning] [Decorations] CAPPING events from decorations provider vscode.git 1818
2022-12-16 10:55:28.814 [warning] [Decorations] CAPPING events from decorations provider vscode.git 1818
2022-12-16 10:55:34.423 [warning] [Decorations] CAPPING events from decorations provider vscode.git 1818
2022-12-16 10:55:39.939 [warning] [Decorations] CAPPING events from decorations provider vscode.git 1818
2022-12-16 10:55:45.395 [warning] [Decorations] CAPPING events from decorations provider vscode.git 1818
2022-12-16 10:56:08.457 [warning] [Decorations] CAPPING events from decorations provider vscode.git 1818
2022-12-16 10:56:13.842 [warning] [Decorations] CAPPING events from decorations provider vscode.git 1818
2022-12-16 10:56:36.927 [warning] [Decorations] CAPPING events from decorations provider vscode.git 1818
2022-12-16 10:57:05.937 [warning] [Decorations] CAPPING events from decorations provider vscode.git 1818
2022-12-16 10:57:13.402 [warning] [Decorations] CAPPING events from decorations provider vscode.git 1818
2022-12-16 10:57:23.022 [warning] [Decorations] CAPPING events from decorations provider vscode.git 1818
2022-12-16 10:57:44.880 [warning] [Decorations] CAPPING events from decorations provider vscode.git 1818
2022-12-16 10:57:50.296 [warning] [Decorations] CAPPING events from decorations provider vscode.git 1818
2022-12-16 10:58:14.282 [warning] [Decorations] CAPPING events from decorations provider vscode.git 1818
2022-12-16 10:58:23.724 [warning] [Decorations] CAPPING events from decorations provider vscode.git 1818
2022-12-16 10:58:45.185 [warning] [Decorations] CAPPING events from decorations provider vscode.git 1818
2022-12-16 10:58:50.581 [warning] [Decorations] CAPPING events from decorations provider vscode.git 1818
2022-12-16 10:59:03.614 [warning] [Decorations] CAPPING events from decorations provider vscode.git 1818
2022-12-16 10:59:17.434 [warning] [Decorations] CAPPING events from decorations provider vscode.git 1818
2022-12-16 10:59:22.911 [warning] [Decorations] CAPPING events from decorations provider vscode.git 1818
2022-12-16 10:59:28.345 [warning] [Decorations] CAPPING events from decorations provider vscode.git 1818
2022-12-16 10:59:33.783 [warning] [Decorations] CAPPING events from decorations provider vscode.git 1818
2022-12-16 11:00:24.150 [warning] [Decorations] CAPPING events from decorations provider vscode.git 1818
2022-12-16 11:00:45.598 [warning] [Decorations] CAPPING events from decorations provider vscode.git 1818
2022-12-16 11:00:52.076 [warning] [Decorations] CAPPING events from decorations provider vscode.git 1818
2022-12-16 11:01:03.441 [warning] [Decorations] CAPPING events from decorations provider vscode.git 1818
2022-12-16 11:01:37.619 [warning] [Decorations] CAPPING events from decorations provider vscode.git 1818
2022-12-16 11:01:43.004 [warning] [Decorations] CAPPING events from decorations provider vscode.git 1818
2022-12-16 11:01:48.405 [warning] [Decorations] CAPPING events from decorations provider vscode.git 1818
2022-12-16 11:01:53.802 [warning] [Decorations] CAPPING events from decorations provider vscode.git 1818
2022-12-16 11:01:59.229 [warning] [Decorations] CAPPING events from decorations provider vscode.git 1818
2022-12-16 11:02:04.622 [warning] [Decorations] CAPPING events from decorations provider vscode.git 1818
2022-12-16 11:02:10.064 [warning] [Decorations] CAPPING events from decorations provider vscode.git 1820
2022-12-16 11:02:15.465 [warning] [Decorations] CAPPING events from decorations provider vscode.git 1820
2022-12-16 11:02:20.922 [warning] [Decorations] CAPPING events from decorations provider vscode.git 1820
2022-12-16 11:02:49.857 [warning] [Decorations] CAPPING events from decorations provider vscode.git 1820
2022-12-16 11:02:55.264 [warning] [Decorations] CAPPING events from decorations provider vscode.git 1820
2022-12-16 11:03:00.655 [warning] [Decorations] CAPPING events from decorations provider vscode.git 1820
2022-12-16 11:03:06.083 [warning] [Decorations] CAPPING events from decorations provider vscode.git 1820
2022-12-16 11:05:36.440 [warning] [Decorations] CAPPING events from decorations provider vscode.git 1820
2022-12-16 11:05:41.826 [warning] [Decorations] CAPPING events from decorations provider vscode.git 1820
2022-12-16 11:05:47.208 [warning] [Decorations] CAPPING events from decorations provider vscode.git 1820
2022-12-16 11:06:26.383 [warning] [Decorations] CAPPING events from decorations provider vscode.git 1820
2022-12-16 11:06:31.742 [warning] [Decorations] CAPPING events from decorations provider vscode.git 1820
2022-12-16 11:06:37.128 [warning] [Decorations] CAPPING events from decorations provider vscode.git 1820
2022-12-16 11:07:04.926 [warning] [Decorations] CAPPING events from decorations provider vscode.git 1820
2022-12-16 11:07:10.396 [warning] [Decorations] CAPPING events from decorations provider vscode.git 1820
2022-12-16 11:07:17.298 [warning] [Decorations] CAPPING events from decorations provider vscode.git 1820
2022-12-16 11:18:29.933 [warning] [Decorations] CAPPING events from decorations provider vscode.git 1820
2022-12-16 11:18:35.308 [warning] [Decorations] CAPPING events from decorations provider vscode.git 1820
2022-12-16 11:18:40.712 [warning] [Decorations] CAPPING events from decorations provider vscode.git 1820
2022-12-16 11:18:46.199 [warning] [Decorations] CAPPING events from decorations provider vscode.git 1820
2022-12-16 11:19:03.424 [warning] [Decorations] CAPPING events from decorations provider vscode.git 1820
2022-12-16 11:21:36.504 [warning] [Decorations] CAPPING events from decorations provider vscode.git 1820
2022-12-16 11:21:41.895 [warning] [Decorations] CAPPING events from decorations provider vscode.git 1820
2022-12-16 11:21:47.392 [warning] [Decorations] CAPPING events from decorations provider vscode.git 1820
2022-12-16 11:21:52.794 [warning] [Decorations] CAPPING events from decorations provider vscode.git 1820
2022-12-16 11:22:53.604 [warning] [Decorations] CAPPING events from decorations provider vscode.git 1820
2022-12-16 11:22:58.999 [warning] [Decorations] CAPPING events from decorations provider vscode.git 1820
2022-12-16 11:23:54.748 [warning] [Decorations] CAPPING events from decorations provider vscode.git 1820
2022-12-16 11:24:00.164 [warning] [Decorations] CAPPING events from decorations provider vscode.git 1820
2022-12-16 11:24:05.613 [warning] [Decorations] CAPPING events from decorations provider vscode.git 1820
2022-12-16 11:24:11.014 [warning] [Decorations] CAPPING events from decorations provider vscode.git 1820
2022-12-16 11:24:16.430 [warning] [Decorations] CAPPING events from decorations provider vscode.git 1820
2022-12-16 11:24:22.483 [warning] [Decorations] CAPPING events from decorations provider vscode.git 1820
2022-12-16 11:24:27.946 [warning] [Decorations] CAPPING events from decorations provider vscode.git 1820
2022-12-16 11:24:33.413 [warning] [Decorations] CAPPING events from decorations provider vscode.git 1820
2022-12-16 11:24:42.182 [warning] [Decorations] CAPPING events from decorations provider vscode.git 1820
2022-12-16 11:24:48.988 [warning] [Decorations] CAPPING events from decorations provider vscode.git 1820
2022-12-16 11:24:54.380 [warning] [Decorations] CAPPING events from decorations provider vscode.git 1820
2022-12-16 11:25:09.407 [warning] [Decorations] CAPPING events from decorations provider vscode.git 1820
2022-12-16 11:25:14.817 [warning] [Decorations] CAPPING events from decorations provider vscode.git 1820
2022-12-16 11:25:20.219 [warning] [Decorations] CAPPING events from decorations provider vscode.git 1820
2022-12-16 11:25:25.770 [warning] [Decorations] CAPPING events from decorations provider vscode.git 1820
2022-12-16 11:25:31.182 [warning] [Decorations] CAPPING events from decorations provider vscode.git 1821
2022-12-16 11:25:36.617 [warning] [Decorations] CAPPING events from decorations provider vscode.git 1821
2022-12-16 11:25:42.284 [warning] [Decorations] CAPPING events from decorations provider vscode.git 1821
2022-12-16 11:26:12.544 [warning] [Decorations] CAPPING events from decorations provider vscode.git 1821
2022-12-16 11:26:17.938 [warning] [Decorations] CAPPING events from decorations provider vscode.git 1821
2022-12-16 11:26:23.313 [warning] [Decorations] CAPPING events from decorations provider vscode.git 1821
2022-12-16 11:26:28.783 [warning] [Decorations] CAPPING events from decorations provider vscode.git 1821
2022-12-16 11:27:17.001 [warning] [Decorations] CAPPING events from decorations provider vscode.git 1821
2022-12-16 11:36:42.174 [warning] [Decorations] CAPPING events from decorations provider vscode.git 1821
2022-12-16 11:48:11.064 [warning] [Decorations] CAPPING events from decorations provider vscode.git 1821
2022-12-16 11:48:16.485 [warning] [Decorations] CAPPING events from decorations provider vscode.git 1821
