2022-12-17 15:17:18.376 [info] Log level: Info
2022-12-17 15:17:18.376 [info] Validating found git in: "git"
2022-12-17 15:17:18.376 [info] Using git "2.25.1" from "git"
2022-12-17 15:17:18.377 [info] > git rev-parse --show-toplevel [432ms]
2022-12-17 15:17:18.377 [info] > git rev-parse --git-dir --git-common-dir [306ms]
2022-12-17 15:17:18.377 [info] Open repository: /home/karolart
2022-12-17 15:17:18.423 [info] > git config --get commit.template [26ms]
2022-12-17 15:17:18.425 [info] > git rev-parse --show-toplevel [134ms]
2022-12-17 15:17:18.603 [info] > git rev-parse --show-toplevel [103ms]
2022-12-17 15:17:18.669 [info] > git for-each-ref --format=%(refname)%00%(upstream:short)%00%(objectname)%00%(upstream:track)%00%(upstream:remotename)%00%(upstream:remoteref) refs/heads/master refs/remotes/master [72ms]
2022-12-17 15:17:18.817 [info] > git rev-parse --show-toplevel [154ms]
2022-12-17 15:17:18.982 [info] > git rev-parse --show-toplevel [83ms]
2022-12-17 15:17:19.084 [info] > git for-each-ref --sort -committerdate --format %(refname) %(objectname) %(*objectname) [276ms]
2022-12-17 15:17:19.088 [info] > git check-ignore -v -z --stdin [119ms]
2022-12-17 15:17:19.134 [info] > git rev-parse --show-toplevel [57ms]
2022-12-17 15:17:19.216 [info] > git rev-parse --git-dir --git-common-dir [22ms]
2022-12-17 15:17:19.245 [info] Open repository: /home/karolart/holbertonschool-frontend
2022-12-17 15:17:19.440 [info] > git status -z -uall [694ms]
2022-12-17 15:17:19.444 [info] > git config --get commit.template [49ms]
2022-12-17 15:17:19.446 [info] > git rev-parse --show-toplevel [129ms]
2022-12-17 15:17:21.517 [info] > git rev-parse --git-dir --git-common-dir [1994ms]
2022-12-17 15:17:21.531 [info] Open repository: /home/karolart/holbertonschool-frontend-javascript
2022-12-17 15:17:21.931 [info] > git config --get commit.template [487ms]
2022-12-17 15:17:21.934 [info] > git for-each-ref --format=%(refname)%00%(upstream:short)%00%(objectname)%00%(upstream:track)%00%(upstream:remotename)%00%(upstream:remoteref) refs/heads/main refs/remotes/main [100ms]
2022-12-17 15:17:22.186 [info] > git check-ignore -v -z --stdin [551ms]
2022-12-17 15:17:22.199 [info] > git check-ignore -v -z --stdin [493ms]
2022-12-17 15:17:22.201 [info] > git status -z -uall [205ms]
2022-12-17 15:17:22.203 [info] > git config --get commit.template [284ms]
2022-12-17 15:17:22.280 [info] > git for-each-ref --format=%(refname)%00%(upstream:short)%00%(objectname)%00%(upstream:track)%00%(upstream:remotename)%00%(upstream:remoteref) refs/heads/master refs/remotes/master [117ms]
2022-12-17 15:17:22.446 [info] > git for-each-ref --sort -committerdate --format %(refname) %(objectname) %(*objectname) [344ms]
2022-12-17 15:17:22.606 [info] > git for-each-ref --sort -committerdate --format %(refname) %(objectname) %(*objectname) [165ms]
2022-12-17 15:17:22.607 [info] > git for-each-ref --format=%(refname)%00%(upstream:short)%00%(objectname)%00%(upstream:track)%00%(upstream:remotename)%00%(upstream:remoteref) refs/heads/main refs/remotes/main [330ms]
2022-12-17 15:17:23.172 [info] > git status -z -uall [806ms]
2022-12-17 15:17:23.172 [info] > git status -z -uall [462ms]
2022-12-17 15:17:23.174 [info] > git for-each-ref --sort -committerdate --format %(refname) %(objectname) %(*objectname) [317ms]
2022-12-17 15:17:23.193 [info] > git config --get commit.template [600ms]
2022-12-17 15:17:23.200 [info] > git check-ignore -v -z --stdin [202ms]
2022-12-17 15:17:23.208 [info] > git check-ignore -v -z --stdin [132ms]
2022-12-17 15:17:23.209 [info] > git check-ignore -v -z --stdin [63ms]
2022-12-17 15:17:25.148 [info] > git for-each-ref --format=%(refname)%00%(upstream:short)%00%(objectname)%00%(upstream:track)%00%(upstream:remotename)%00%(upstream:remoteref) refs/heads/main refs/remotes/main [190ms]
2022-12-17 15:17:25.493 [info] > git status -z -uall [244ms]
2022-12-17 15:17:25.530 [info] > git for-each-ref --sort -committerdate --format %(refname) %(objectname) %(*objectname) [81ms]
2022-12-17 15:25:28.142 [info] > git config --get commit.template [45ms]
2022-12-17 15:25:28.146 [info] > git for-each-ref --format=%(refname)%00%(upstream:short)%00%(objectname)%00%(upstream:track)%00%(upstream:remotename)%00%(upstream:remoteref) refs/heads/master refs/remotes/master [10ms]
