2022-12-18 09:20:13.839 [info] Extension host with pid 117 started
2022-12-18 09:20:13.927 [info] Lock '/home/karolart/.vscode-server/data/User/workspaceStorage/e87297d80ed91d9a981cbfb24e7a1840/vscode.lock': Lock acquired.
2022-12-18 09:20:14.107 [info] ExtensionService#_doActivateExtension vscode.git-base, startup: true, activationEvent: '*', root cause: vscode.git
2022-12-18 09:20:14.585 [info] ExtensionService#_doActivateExtension vscode.git, startup: true, activationEvent: '*'
2022-12-18 09:20:14.587 [info] ExtensionService#_doActivateExtension vscode.github, startup: true, activationEvent: '*'
2022-12-18 09:20:15.619 [info] ExtensionService#_doActivateExtension vscode.debug-auto-launch, startup: false, activationEvent: 'onStartupFinished'
2022-12-18 09:20:15.621 [info] ExtensionService#_doActivateExtension vscode.emmet, startup: false, activationEvent: 'onStartupFinished'
2022-12-18 09:20:15.623 [info] ExtensionService#_doActivateExtension vscode.merge-conflict, startup: false, activationEvent: 'onStartupFinished'
2022-12-18 09:20:15.625 [info] Eager extensions activated
2022-12-18 09:20:17.057 [warning] [Decorations] CAPPING events from decorations provider vscode.git 1933
2022-12-18 09:20:19.078 [warning] [Decorations] CAPPING events from decorations provider vscode.git 1933
2022-12-18 09:20:20.664 [info] ExtensionService#_doActivateExtension vscode.configuration-editing, startup: false, activationEvent: 'onLanguage:jsonc'
2022-12-18 09:20:20.667 [info] ExtensionService#_doActivateExtension vscode.json-language-features, startup: false, activationEvent: 'onLanguage:jsonc'
2022-12-18 09:20:20.668 [info] ExtensionService#_doActivateExtension vscode.typescript-language-features, startup: false, activationEvent: 'onLanguage:jsonc'
2022-12-18 09:21:47.334 [warning] [Decorations] CAPPING events from decorations provider vscode.git 1935
2022-12-18 09:21:52.361 [info] ExtensionService#_doActivateExtension vscode.extension-editing, startup: false, activationEvent: 'onLanguage:markdown'
2022-12-18 09:21:52.363 [info] ExtensionService#_doActivateExtension vscode.markdown-language-features, startup: false, activationEvent: 'onLanguage:markdown'
2022-12-18 09:21:53.701 [warning] [Decorations] CAPPING events from decorations provider vscode.git 1935
2022-12-18 09:21:55.224 [info] ExtensionService#_doActivateExtension vscode.markdown-math, startup: false, activationEvent: 'api', root cause: vscode.markdown-language-features
2022-12-18 09:22:00.219 [warning] [Decorations] CAPPING events from decorations provider vscode.git 1936
2022-12-18 09:22:05.721 [warning] [Decorations] CAPPING events from decorations provider vscode.git 1936
2022-12-18 09:22:11.194 [warning] [Decorations] CAPPING events from decorations provider vscode.git 1936
2022-12-18 09:22:21.391 [info] ExtensionService#_doActivateExtension vscode.html-language-features, startup: false, activationEvent: 'onLanguage:html'
2022-12-18 09:22:22.498 [warning] [Decorations] CAPPING events from decorations provider vscode.git 1936
2022-12-18 09:22:28.292 [warning] [Decorations] CAPPING events from decorations provider vscode.git 1937
2022-12-18 09:22:34.161 [warning] [Decorations] CAPPING events from decorations provider vscode.git 1937
2022-12-18 09:22:39.717 [warning] [Decorations] CAPPING events from decorations provider vscode.git 1937
2022-12-18 09:22:45.134 [warning] [Decorations] CAPPING events from decorations provider vscode.git 1937
2022-12-18 09:22:50.516 [warning] [Decorations] CAPPING events from decorations provider vscode.git 1937
2022-12-18 09:22:55.973 [warning] [Decorations] CAPPING events from decorations provider vscode.git 1937
2022-12-18 09:23:01.422 [warning] [Decorations] CAPPING events from decorations provider vscode.git 1937
2022-12-18 09:23:06.899 [warning] [Decorations] CAPPING events from decorations provider vscode.git 1937
2022-12-18 09:23:13.803 [warning] [Decorations] CAPPING events from decorations provider vscode.git 1937
2022-12-18 09:23:19.221 [warning] [Decorations] CAPPING events from decorations provider vscode.git 1937
2022-12-18 09:23:24.649 [warning] [Decorations] CAPPING events from decorations provider vscode.git 1937
2022-12-18 09:23:30.057 [warning] [Decorations] CAPPING events from decorations provider vscode.git 1937
2022-12-18 09:23:35.468 [warning] [Decorations] CAPPING events from decorations provider vscode.git 1937
2022-12-18 09:23:40.892 [warning] [Decorations] CAPPING events from decorations provider vscode.git 1937
2022-12-18 09:23:46.338 [warning] [Decorations] CAPPING events from decorations provider vscode.git 1937
2022-12-18 09:23:51.736 [warning] [Decorations] CAPPING events from decorations provider vscode.git 1937
2022-12-18 09:23:57.160 [warning] [Decorations] CAPPING events from decorations provider vscode.git 1937
2022-12-18 09:24:02.530 [warning] [Decorations] CAPPING events from decorations provider vscode.git 1937
2022-12-18 09:24:07.990 [warning] [Decorations] CAPPING events from decorations provider vscode.git 1937
2022-12-18 09:24:13.381 [warning] [Decorations] CAPPING events from decorations provider vscode.git 1937
2022-12-18 09:24:18.776 [warning] [Decorations] CAPPING events from decorations provider vscode.git 1937
2022-12-18 09:24:24.257 [warning] [Decorations] CAPPING events from decorations provider vscode.git 1937
2022-12-18 09:24:29.666 [warning] [Decorations] CAPPING events from decorations provider vscode.git 1937
2022-12-18 09:24:35.066 [warning] [Decorations] CAPPING events from decorations provider vscode.git 1937
2022-12-18 09:24:40.446 [warning] [Decorations] CAPPING events from decorations provider vscode.git 1937
2022-12-18 09:24:45.825 [warning] [Decorations] CAPPING events from decorations provider vscode.git 1937
2022-12-18 09:24:51.209 [warning] [Decorations] CAPPING events from decorations provider vscode.git 1937
2022-12-18 09:24:56.595 [warning] [Decorations] CAPPING events from decorations provider vscode.git 1937
2022-12-18 09:25:01.985 [warning] [Decorations] CAPPING events from decorations provider vscode.git 1937
2022-12-18 09:25:07.381 [warning] [Decorations] CAPPING events from decorations provider vscode.git 1937
2022-12-18 09:25:12.798 [warning] [Decorations] CAPPING events from decorations provider vscode.git 1937
2022-12-18 09:25:18.187 [warning] [Decorations] CAPPING events from decorations provider vscode.git 1937
2022-12-18 09:25:23.581 [warning] [Decorations] CAPPING events from decorations provider vscode.git 1937
2022-12-18 09:25:28.975 [warning] [Decorations] CAPPING events from decorations provider vscode.git 1937
2022-12-18 09:25:34.388 [warning] [Decorations] CAPPING events from decorations provider vscode.git 1937
2022-12-18 09:25:39.807 [warning] [Decorations] CAPPING events from decorations provider vscode.git 1937
2022-12-18 09:25:45.267 [warning] [Decorations] CAPPING events from decorations provider vscode.git 1937
2022-12-18 09:25:50.684 [warning] [Decorations] CAPPING events from decorations provider vscode.git 1937
2022-12-18 09:25:58.205 [warning] [Decorations] CAPPING events from decorations provider vscode.git 1937
2022-12-18 09:26:03.640 [warning] [Decorations] CAPPING events from decorations provider vscode.git 1937
2022-12-18 09:26:09.034 [warning] [Decorations] CAPPING events from decorations provider vscode.git 1937
2022-12-18 09:26:14.404 [warning] [Decorations] CAPPING events from decorations provider vscode.git 1937
2022-12-18 09:26:19.796 [warning] [Decorations] CAPPING events from decorations provider vscode.git 1937
2022-12-18 09:26:25.198 [warning] [Decorations] CAPPING events from decorations provider vscode.git 1937
2022-12-18 09:26:32.667 [warning] [Decorations] CAPPING events from decorations provider vscode.git 1937
2022-12-18 09:26:38.066 [warning] [Decorations] CAPPING events from decorations provider vscode.git 1937
2022-12-18 09:26:43.463 [warning] [Decorations] CAPPING events from decorations provider vscode.git 1937
2022-12-18 09:26:48.848 [warning] [Decorations] CAPPING events from decorations provider vscode.git 1937
2022-12-18 09:26:54.237 [warning] [Decorations] CAPPING events from decorations provider vscode.git 1937
2022-12-18 09:26:59.628 [warning] [Decorations] CAPPING events from decorations provider vscode.git 1937
2022-12-18 09:27:05.038 [warning] [Decorations] CAPPING events from decorations provider vscode.git 1937
2022-12-18 09:27:10.439 [warning] [Decorations] CAPPING events from decorations provider vscode.git 1937
2022-12-18 09:27:15.849 [warning] [Decorations] CAPPING events from decorations provider vscode.git 1937
2022-12-18 09:27:21.259 [warning] [Decorations] CAPPING events from decorations provider vscode.git 1937
2022-12-18 09:27:26.680 [warning] [Decorations] CAPPING events from decorations provider vscode.git 1937
2022-12-18 09:27:32.085 [warning] [Decorations] CAPPING events from decorations provider vscode.git 1937
2022-12-18 09:27:37.496 [warning] [Decorations] CAPPING events from decorations provider vscode.git 1937
2022-12-18 09:27:42.996 [warning] [Decorations] CAPPING events from decorations provider vscode.git 1937
2022-12-18 09:27:48.410 [warning] [Decorations] CAPPING events from decorations provider vscode.git 1937
2022-12-18 09:27:53.839 [warning] [Decorations] CAPPING events from decorations provider vscode.git 1937
2022-12-18 09:27:59.282 [warning] [Decorations] CAPPING events from decorations provider vscode.git 1937
2022-12-18 09:28:04.654 [warning] [Decorations] CAPPING events from decorations provider vscode.git 1937
2022-12-18 09:28:10.044 [warning] [Decorations] CAPPING events from decorations provider vscode.git 1937
2022-12-18 09:28:15.483 [warning] [Decorations] CAPPING events from decorations provider vscode.git 1937
2022-12-18 09:28:20.851 [warning] [Decorations] CAPPING events from decorations provider vscode.git 1937
2022-12-18 09:28:26.276 [warning] [Decorations] CAPPING events from decorations provider vscode.git 1937
2022-12-18 09:28:31.698 [warning] [Decorations] CAPPING events from decorations provider vscode.git 1937
2022-12-18 09:28:37.108 [warning] [Decorations] CAPPING events from decorations provider vscode.git 1937
2022-12-18 09:28:42.521 [warning] [Decorations] CAPPING events from decorations provider vscode.git 1937
2022-12-18 09:28:47.901 [warning] [Decorations] CAPPING events from decorations provider vscode.git 1937
2022-12-18 09:28:53.332 [warning] [Decorations] CAPPING events from decorations provider vscode.git 1937
2022-12-18 09:28:58.769 [warning] [Decorations] CAPPING events from decorations provider vscode.git 1937
2022-12-18 09:29:04.111 [warning] [Decorations] CAPPING events from decorations provider vscode.git 1937
2022-12-18 09:29:10.086 [warning] [Decorations] CAPPING events from decorations provider vscode.git 1937
2022-12-18 09:29:15.544 [warning] [Decorations] CAPPING events from decorations provider vscode.git 1937
2022-12-18 09:29:20.989 [warning] [Decorations] CAPPING events from decorations provider vscode.git 1937
2022-12-18 09:29:26.375 [warning] [Decorations] CAPPING events from decorations provider vscode.git 1937
2022-12-18 09:29:31.828 [warning] [Decorations] CAPPING events from decorations provider vscode.git 1937
2022-12-18 09:29:37.243 [warning] [Decorations] CAPPING events from decorations provider vscode.git 1937
2022-12-18 09:29:42.619 [warning] [Decorations] CAPPING events from decorations provider vscode.git 1937
2022-12-18 09:29:48.082 [warning] [Decorations] CAPPING events from decorations provider vscode.git 1937
2022-12-18 09:29:53.533 [warning] [Decorations] CAPPING events from decorations provider vscode.git 1937
2022-12-18 09:29:58.912 [warning] [Decorations] CAPPING events from decorations provider vscode.git 1937
2022-12-18 09:30:04.345 [warning] [Decorations] CAPPING events from decorations provider vscode.git 1937
2022-12-18 09:30:09.800 [warning] [Decorations] CAPPING events from decorations provider vscode.git 1937
2022-12-18 09:30:15.196 [warning] [Decorations] CAPPING events from decorations provider vscode.git 1937
2022-12-18 09:30:20.650 [warning] [Decorations] CAPPING events from decorations provider vscode.git 1937
2022-12-18 09:30:26.019 [warning] [Decorations] CAPPING events from decorations provider vscode.git 1937
2022-12-18 09:30:31.418 [warning] [Decorations] CAPPING events from decorations provider vscode.git 1937
2022-12-18 09:30:36.791 [warning] [Decorations] CAPPING events from decorations provider vscode.git 1937
2022-12-18 09:30:42.176 [warning] [Decorations] CAPPING events from decorations provider vscode.git 1937
2022-12-18 09:30:47.622 [warning] [Decorations] CAPPING events from decorations provider vscode.git 1937
2022-12-18 09:30:53.002 [warning] [Decorations] CAPPING events from decorations provider vscode.git 1937
2022-12-18 09:30:58.399 [warning] [Decorations] CAPPING events from decorations provider vscode.git 1937
2022-12-18 09:31:03.801 [warning] [Decorations] CAPPING events from decorations provider vscode.git 1937
2022-12-18 09:31:11.693 [warning] [Decorations] CAPPING events from decorations provider vscode.git 1937
2022-12-18 09:31:17.097 [warning] [Decorations] CAPPING events from decorations provider vscode.git 1937
2022-12-18 09:31:22.497 [warning] [Decorations] CAPPING events from decorations provider vscode.git 1937
2022-12-18 09:31:27.909 [warning] [Decorations] CAPPING events from decorations provider vscode.git 1937
2022-12-18 09:31:33.328 [warning] [Decorations] CAPPING events from decorations provider vscode.git 1937
2022-12-18 09:31:38.753 [warning] [Decorations] CAPPING events from decorations provider vscode.git 1937
2022-12-18 09:31:44.166 [warning] [Decorations] CAPPING events from decorations provider vscode.git 1937
2022-12-18 09:31:49.593 [warning] [Decorations] CAPPING events from decorations provider vscode.git 1937
2022-12-18 09:31:55.022 [warning] [Decorations] CAPPING events from decorations provider vscode.git 1937
2022-12-18 09:32:00.427 [warning] [Decorations] CAPPING events from decorations provider vscode.git 1937
2022-12-18 09:32:05.786 [warning] [Decorations] CAPPING events from decorations provider vscode.git 1937
2022-12-18 09:32:11.171 [warning] [Decorations] CAPPING events from decorations provider vscode.git 1937
2022-12-18 09:32:17.653 [warning] [Decorations] CAPPING events from decorations provider vscode.git 1937
2022-12-18 09:32:23.027 [warning] [Decorations] CAPPING events from decorations provider vscode.git 1937
2022-12-18 09:32:28.451 [warning] [Decorations] CAPPING events from decorations provider vscode.git 1937
2022-12-18 09:32:33.888 [warning] [Decorations] CAPPING events from decorations provider vscode.git 1937
2022-12-18 09:32:39.270 [warning] [Decorations] CAPPING events from decorations provider vscode.git 1937
2022-12-18 09:32:44.699 [warning] [Decorations] CAPPING events from decorations provider vscode.git 1937
2022-12-18 09:32:50.071 [warning] [Decorations] CAPPING events from decorations provider vscode.git 1937
2022-12-18 09:32:55.529 [warning] [Decorations] CAPPING events from decorations provider vscode.git 1937
2022-12-18 09:33:00.930 [warning] [Decorations] CAPPING events from decorations provider vscode.git 1937
2022-12-18 09:33:06.346 [warning] [Decorations] CAPPING events from decorations provider vscode.git 1937
2022-12-18 09:33:11.716 [warning] [Decorations] CAPPING events from decorations provider vscode.git 1937
2022-12-18 09:33:17.099 [warning] [Decorations] CAPPING events from decorations provider vscode.git 1937
2022-12-18 09:33:22.529 [warning] [Decorations] CAPPING events from decorations provider vscode.git 1937
2022-12-18 09:33:27.920 [warning] [Decorations] CAPPING events from decorations provider vscode.git 1937
2022-12-18 09:33:33.825 [warning] [Decorations] CAPPING events from decorations provider vscode.git 1937
2022-12-18 09:33:39.214 [warning] [Decorations] CAPPING events from decorations provider vscode.git 1937
2022-12-18 09:33:44.665 [warning] [Decorations] CAPPING events from decorations provider vscode.git 1937
2022-12-18 09:33:50.111 [warning] [Decorations] CAPPING events from decorations provider vscode.git 1937
2022-12-18 09:33:55.493 [warning] [Decorations] CAPPING events from decorations provider vscode.git 1937
2022-12-18 09:34:00.915 [warning] [Decorations] CAPPING events from decorations provider vscode.git 1937
2022-12-18 09:34:06.358 [warning] [Decorations] CAPPING events from decorations provider vscode.git 1937
2022-12-18 09:34:11.726 [warning] [Decorations] CAPPING events from decorations provider vscode.git 1937
2022-12-18 09:34:17.171 [warning] [Decorations] CAPPING events from decorations provider vscode.git 1937
2022-12-18 09:34:22.549 [warning] [Decorations] CAPPING events from decorations provider vscode.git 1937
2022-12-18 09:34:27.962 [warning] [Decorations] CAPPING events from decorations provider vscode.git 1937
2022-12-18 09:34:33.878 [warning] [Decorations] CAPPING events from decorations provider vscode.git 1937
2022-12-18 09:34:39.346 [warning] [Decorations] CAPPING events from decorations provider vscode.git 1937
2022-12-18 09:34:44.794 [warning] [Decorations] CAPPING events from decorations provider vscode.git 1937
2022-12-18 09:34:50.209 [warning] [Decorations] CAPPING events from decorations provider vscode.git 1937
2022-12-18 09:35:00.089 [warning] [Decorations] CAPPING events from decorations provider vscode.git 1937
2022-12-18 09:35:05.457 [warning] [Decorations] CAPPING events from decorations provider vscode.git 1937
2022-12-18 09:35:11.274 [warning] [Decorations] CAPPING events from decorations provider vscode.git 1937
2022-12-18 09:35:16.720 [warning] [Decorations] CAPPING events from decorations provider vscode.git 1937
2022-12-18 09:38:03.283 [warning] [Decorations] CAPPING events from decorations provider vscode.git 1937
2022-12-18 09:38:08.674 [warning] [Decorations] CAPPING events from decorations provider vscode.git 1937
2022-12-18 09:38:14.109 [warning] [Decorations] CAPPING events from decorations provider vscode.git 1937
2022-12-18 09:38:19.521 [warning] [Decorations] CAPPING events from decorations provider vscode.git 1937
2022-12-18 09:38:24.977 [warning] [Decorations] CAPPING events from decorations provider vscode.git 1937
2022-12-18 09:38:30.404 [warning] [Decorations] CAPPING events from decorations provider vscode.git 1937
2022-12-18 09:38:41.086 [warning] [Decorations] CAPPING events from decorations provider vscode.git 1937
2022-12-18 09:38:46.513 [warning] [Decorations] CAPPING events from decorations provider vscode.git 1937
2022-12-18 09:38:51.895 [warning] [Decorations] CAPPING events from decorations provider vscode.git 1937
2022-12-18 09:39:12.932 [warning] [Decorations] CAPPING events from decorations provider vscode.git 1937
2022-12-18 09:39:18.291 [warning] [Decorations] CAPPING events from decorations provider vscode.git 1937
2022-12-18 09:39:23.725 [warning] [Decorations] CAPPING events from decorations provider vscode.git 1937
2022-12-18 09:39:29.126 [warning] [Decorations] CAPPING events from decorations provider vscode.git 1937
2022-12-18 09:39:34.568 [warning] [Decorations] CAPPING events from decorations provider vscode.git 1937
2022-12-18 09:39:40.043 [warning] [Decorations] CAPPING events from decorations provider vscode.git 1937
2022-12-18 09:39:45.591 [warning] [Decorations] CAPPING events from decorations provider vscode.git 1937
2022-12-18 09:39:52.963 [warning] [Decorations] CAPPING events from decorations provider vscode.git 1937
2022-12-18 09:39:58.368 [warning] [Decorations] CAPPING events from decorations provider vscode.git 1937
2022-12-18 09:40:04.157 [warning] [Decorations] CAPPING events from decorations provider vscode.git 1937
2022-12-18 09:40:10.318 [warning] [Decorations] CAPPING events from decorations provider vscode.git 1937
2022-12-18 09:40:24.759 [warning] [Decorations] CAPPING events from decorations provider vscode.git 1937
2022-12-18 09:40:30.170 [warning] [Decorations] CAPPING events from decorations provider vscode.git 1937
2022-12-18 09:40:35.562 [warning] [Decorations] CAPPING events from decorations provider vscode.git 1937
2022-12-18 09:40:41.109 [warning] [Decorations] CAPPING events from decorations provider vscode.git 1937
2022-12-18 09:40:57.680 [warning] [Decorations] CAPPING events from decorations provider vscode.git 1937
2022-12-18 09:41:03.080 [warning] [Decorations] CAPPING events from decorations provider vscode.git 1937
2022-12-18 09:41:08.501 [warning] [Decorations] CAPPING events from decorations provider vscode.git 1937
2022-12-18 09:41:13.938 [warning] [Decorations] CAPPING events from decorations provider vscode.git 1937
2022-12-18 09:41:19.375 [warning] [Decorations] CAPPING events from decorations provider vscode.git 1937
2022-12-18 09:41:27.254 [warning] [Decorations] CAPPING events from decorations provider vscode.git 1937
2022-12-18 09:41:32.654 [warning] [Decorations] CAPPING events from decorations provider vscode.git 1937
2022-12-18 09:41:43.542 [warning] [Decorations] CAPPING events from decorations provider vscode.git 1937
2022-12-18 09:42:06.018 [warning] [Decorations] CAPPING events from decorations provider vscode.git 1937
2022-12-18 09:42:11.449 [warning] [Decorations] CAPPING events from decorations provider vscode.git 1937
2022-12-18 09:42:16.823 [warning] [Decorations] CAPPING events from decorations provider vscode.git 1937
2022-12-18 09:42:22.227 [warning] [Decorations] CAPPING events from decorations provider vscode.git 1937
2022-12-18 09:42:30.143 [warning] [Decorations] CAPPING events from decorations provider vscode.git 1937
2022-12-18 09:42:35.572 [warning] [Decorations] CAPPING events from decorations provider vscode.git 1937
2022-12-18 09:42:41.479 [warning] [Decorations] CAPPING events from decorations provider vscode.git 1937
2022-12-18 09:42:46.922 [warning] [Decorations] CAPPING events from decorations provider vscode.git 1937
2022-12-18 09:42:52.309 [warning] [Decorations] CAPPING events from decorations provider vscode.git 1937
2022-12-18 09:42:57.770 [warning] [Decorations] CAPPING events from decorations provider vscode.git 1937
2022-12-18 09:43:03.777 [warning] [Decorations] CAPPING events from decorations provider vscode.git 1937
2022-12-18 09:43:09.162 [warning] [Decorations] CAPPING events from decorations provider vscode.git 1939
2022-12-18 09:43:14.624 [warning] [Decorations] CAPPING events from decorations provider vscode.git 1939
2022-12-18 09:43:20.066 [warning] [Decorations] CAPPING events from decorations provider vscode.git 1939
2022-12-18 09:43:25.607 [warning] [Decorations] CAPPING events from decorations provider vscode.git 1939
2022-12-18 09:43:30.992 [warning] [Decorations] CAPPING events from decorations provider vscode.git 1939
2022-12-18 09:43:36.415 [warning] [Decorations] CAPPING events from decorations provider vscode.git 1939
2022-12-18 09:43:48.352 [warning] [Decorations] CAPPING events from decorations provider vscode.git 1939
2022-12-18 09:43:53.791 [warning] [Decorations] CAPPING events from decorations provider vscode.git 1939
2022-12-18 09:43:59.230 [warning] [Decorations] CAPPING events from decorations provider vscode.git 1939
2022-12-18 09:44:04.623 [warning] [Decorations] CAPPING events from decorations provider vscode.git 1939
2022-12-18 09:44:26.579 [warning] [Decorations] CAPPING events from decorations provider vscode.git 1939
2022-12-18 09:44:39.522 [warning] [Decorations] CAPPING events from decorations provider vscode.git 1939
2022-12-18 09:44:44.896 [warning] [Decorations] CAPPING events from decorations provider vscode.git 1939
2022-12-18 09:44:50.277 [warning] [Decorations] CAPPING events from decorations provider vscode.git 1939
2022-12-18 09:44:55.705 [warning] [Decorations] CAPPING events from decorations provider vscode.git 1939
2022-12-18 09:45:01.238 [warning] [Decorations] CAPPING events from decorations provider vscode.git 1939
2022-12-18 09:45:06.673 [warning] [Decorations] CAPPING events from decorations provider vscode.git 1939
2022-12-18 09:45:12.146 [warning] [Decorations] CAPPING events from decorations provider vscode.git 1939
2022-12-18 09:45:17.542 [warning] [Decorations] CAPPING events from decorations provider vscode.git 1939
2022-12-18 09:45:22.991 [warning] [Decorations] CAPPING events from decorations provider vscode.git 1939
2022-12-18 09:45:28.467 [warning] [Decorations] CAPPING events from decorations provider vscode.git 1939
2022-12-18 09:45:33.927 [warning] [Decorations] CAPPING events from decorations provider vscode.git 1939
2022-12-18 09:45:39.332 [warning] [Decorations] CAPPING events from decorations provider vscode.git 1939
2022-12-18 09:46:55.637 [warning] [Decorations] CAPPING events from decorations provider vscode.git 1939
2022-12-18 09:47:00.992 [warning] [Decorations] CAPPING events from decorations provider vscode.git 1939
