2022-12-18 14:48:50.592 [info] Log level: Info
2022-12-18 14:48:50.595 [info] Validating found git in: "git"
2022-12-18 14:48:50.596 [info] Using git "2.25.1" from "git"
2022-12-18 14:48:50.596 [info] > git rev-parse --show-toplevel [212ms]
2022-12-18 14:48:50.596 [info] > git rev-parse --git-dir --git-common-dir [18ms]
2022-12-18 14:48:50.596 [info] Open repository: /home/karolart
2022-12-18 14:48:50.596 [info] > git rev-parse --show-toplevel [69ms]
2022-12-18 14:48:50.596 [info] > git config --get commit.template [268ms]
2022-12-18 14:48:50.596 [info] > git rev-parse --git-dir --git-common-dir [393ms]
2022-12-18 14:48:50.596 [info] Open repository: /home/karolart/holbertonschool-interview
2022-12-18 14:48:50.597 [info] > git for-each-ref --format=%(refname)%00%(upstream:short)%00%(objectname)%00%(upstream:track)%00%(upstream:remotename)%00%(upstream:remoteref) refs/heads/master refs/remotes/master [345ms]
2022-12-18 14:48:50.597 [info] > git for-each-ref --sort -committerdate --format %(refname) %(objectname) %(*objectname) [14ms]
2022-12-18 14:48:50.597 [info] > git config --get commit.template [268ms]
2022-12-18 14:48:50.597 [info] > git rev-parse --show-toplevel [382ms]
2022-12-18 14:48:50.598 [info] > git rev-parse --show-toplevel [125ms]
2022-12-18 14:48:50.624 [info] > git status -z -uall [799ms]
2022-12-18 14:48:50.631 [info] > git check-ignore -v -z --stdin [298ms]
2022-12-18 14:48:50.653 [info] > git check-ignore -v -z --stdin [207ms]
2022-12-18 14:48:50.664 [info] > git rev-parse --show-toplevel [442ms]
2022-12-18 14:48:50.857 [info] > git rev-parse --show-toplevel [37ms]
2022-12-18 14:48:51.007 [info] > git for-each-ref --format=%(refname)%00%(upstream:short)%00%(objectname)%00%(upstream:track)%00%(upstream:remotename)%00%(upstream:remoteref) refs/heads/main refs/remotes/main [437ms]
2022-12-18 14:48:52.754 [info] > git status -z -uall [1683ms]
2022-12-18 14:48:52.755 [info] > git for-each-ref --sort -committerdate --format %(refname) %(objectname) %(*objectname) [1619ms]
2022-12-18 14:48:52.770 [info] > git rev-parse --show-toplevel [1765ms]
2022-12-18 14:48:52.952 [info] > git rev-parse --git-dir --git-common-dir [128ms]
2022-12-18 14:48:53.046 [info] Open repository: /home/karolart/holbertonschool-frontend
2022-12-18 14:48:53.130 [info] > git config --get commit.template [436ms]
2022-12-18 14:48:53.205 [info] > git config --get commit.template [269ms]
2022-12-18 14:48:53.292 [info] > git rev-parse --show-toplevel [162ms]
2022-12-18 14:48:53.411 [info] > git config --get commit.template [211ms]
2022-12-18 14:48:53.413 [info] > git for-each-ref --format=%(refname)%00%(upstream:short)%00%(objectname)%00%(upstream:track)%00%(upstream:remotename)%00%(upstream:remoteref) refs/heads/master refs/remotes/master [126ms]
2022-12-18 14:48:53.642 [info] > git for-each-ref --format=%(refname)%00%(upstream:short)%00%(objectname)%00%(upstream:track)%00%(upstream:remotename)%00%(upstream:remoteref) refs/heads/main refs/remotes/main [258ms]
2022-12-18 14:48:53.742 [info] > git rev-parse --git-dir --git-common-dir [408ms]
2022-12-18 14:48:53.755 [info] Open repository: /home/karolart/holbertonschool-frontend-javascript
2022-12-18 14:48:53.914 [info] > git status -z -uall [216ms]
2022-12-18 14:48:53.915 [info] > git show --textconv :0x02-minimum_operations/0-minoperations.py [118ms]
2022-12-18 14:48:53.918 [info] > git for-each-ref --sort -committerdate --format %(refname) %(objectname) %(*objectname) [176ms]
2022-12-18 14:48:53.925 [info] > git for-each-ref --format=%(refname)%00%(upstream:short)%00%(objectname)%00%(upstream:track)%00%(upstream:remotename)%00%(upstream:remoteref) refs/heads/main refs/remotes/main [292ms]
2022-12-18 14:48:54.006 [info] > git for-each-ref --sort -committerdate --format %(refname) %(objectname) %(*objectname) [439ms]
2022-12-18 14:48:54.022 [info] > git status -z -uall [496ms]
2022-12-18 14:48:54.022 [info] > git status -z -uall [63ms]
2022-12-18 14:48:54.024 [info] > git config --get commit.template [123ms]
2022-12-18 14:48:54.024 [info] > git ls-files --stage -- /home/karolart/holbertonschool-interview/0x02-minimum_operations/0-minoperations.py [186ms]
2022-12-18 14:48:54.047 [info] > git for-each-ref --sort -committerdate --format %(refname) %(objectname) %(*objectname) [42ms]
2022-12-18 14:48:55.558 [info] > git check-ignore -v -z --stdin [146ms]
2022-12-18 14:48:55.560 [info] > git check-ignore -v -z --stdin [112ms]
2022-12-18 14:48:55.561 [info] > git check-ignore -v -z --stdin [75ms]
2022-12-18 14:48:55.563 [info] > git check-ignore -v -z --stdin [31ms]
2022-12-18 14:48:55.567 [info] > git for-each-ref --format=%(refname)%00%(upstream:short)%00%(objectname)%00%(upstream:track)%00%(upstream:remotename)%00%(upstream:remoteref) refs/heads/main refs/remotes/main [526ms]
2022-12-18 14:48:55.899 [info] > git status -z -uall [219ms]
2022-12-18 14:48:55.907 [info] > git for-each-ref --sort -committerdate --format %(refname) %(objectname) %(*objectname) [118ms]
2022-12-18 15:05:35.784 [info] > git config --get commit.template [38ms]
2022-12-18 15:05:35.790 [info] > git for-each-ref --format=%(refname)%00%(upstream:short)%00%(objectname)%00%(upstream:track)%00%(upstream:remotename)%00%(upstream:remoteref) refs/heads/master refs/remotes/master [11ms]
2022-12-18 15:05:35.901 [info] > git for-each-ref --sort -committerdate --format %(refname) %(objectname) %(*objectname) [13ms]
2022-12-18 15:05:36.143 [info] > git status -z -uall [316ms]
2022-12-18 15:05:41.334 [info] > git config --get commit.template [38ms]
2022-12-18 15:05:41.342 [info] > git for-each-ref --format=%(refname)%00%(upstream:short)%00%(objectname)%00%(upstream:track)%00%(upstream:remotename)%00%(upstream:remoteref) refs/heads/master refs/remotes/master [11ms]
2022-12-18 15:05:41.438 [info] > git for-each-ref --sort -committerdate --format %(refname) %(objectname) %(*objectname) [19ms]
2022-12-18 15:05:41.712 [info] > git status -z -uall [337ms]
2022-12-18 15:07:16.817 [info] > git config --get commit.template [52ms]
2022-12-18 15:07:16.829 [info] > git for-each-ref --format=%(refname)%00%(upstream:short)%00%(objectname)%00%(upstream:track)%00%(upstream:remotename)%00%(upstream:remoteref) refs/heads/master refs/remotes/master [17ms]
2022-12-18 15:07:16.930 [info] > git for-each-ref --sort -committerdate --format %(refname) %(objectname) %(*objectname) [14ms]
2022-12-18 15:07:17.138 [info] > git status -z -uall [266ms]
2022-12-18 15:07:22.321 [info] > git config --get commit.template [35ms]
2022-12-18 15:07:22.325 [info] > git for-each-ref --format=%(refname)%00%(upstream:short)%00%(objectname)%00%(upstream:track)%00%(upstream:remotename)%00%(upstream:remoteref) refs/heads/master refs/remotes/master [9ms]
2022-12-18 15:07:22.417 [info] > git for-each-ref --sort -committerdate --format %(refname) %(objectname) %(*objectname) [10ms]
2022-12-18 15:07:22.557 [info] > git status -z -uall [204ms]
2022-12-18 15:07:27.695 [info] > git config --get commit.template [32ms]
2022-12-18 15:07:27.700 [info] > git for-each-ref --format=%(refname)%00%(upstream:short)%00%(objectname)%00%(upstream:track)%00%(upstream:remotename)%00%(upstream:remoteref) refs/heads/master refs/remotes/master [8ms]
2022-12-18 15:07:27.768 [info] > git for-each-ref --sort -committerdate --format %(refname) %(objectname) %(*objectname) [12ms]
2022-12-18 15:07:27.949 [info] > git status -z -uall [222ms]
2022-12-18 15:07:33.108 [info] > git config --get commit.template [48ms]
2022-12-18 15:07:33.111 [info] > git for-each-ref --format=%(refname)%00%(upstream:short)%00%(objectname)%00%(upstream:track)%00%(upstream:remotename)%00%(upstream:remoteref) refs/heads/master refs/remotes/master [8ms]
2022-12-18 15:07:33.184 [info] > git for-each-ref --sort -committerdate --format %(refname) %(objectname) %(*objectname) [12ms]
2022-12-18 15:07:33.343 [info] > git status -z -uall [203ms]
2022-12-18 15:07:38.532 [info] > git config --get commit.template [35ms]
2022-12-18 15:07:38.537 [info] > git for-each-ref --format=%(refname)%00%(upstream:short)%00%(objectname)%00%(upstream:track)%00%(upstream:remotename)%00%(upstream:remoteref) refs/heads/master refs/remotes/master [9ms]
2022-12-18 15:07:38.610 [info] > git for-each-ref --sort -committerdate --format %(refname) %(objectname) %(*objectname) [10ms]
2022-12-18 15:07:38.764 [info] > git status -z -uall [197ms]
2022-12-18 15:07:43.926 [info] > git config --get commit.template [31ms]
2022-12-18 15:07:43.933 [info] > git for-each-ref --format=%(refname)%00%(upstream:short)%00%(objectname)%00%(upstream:track)%00%(upstream:remotename)%00%(upstream:remoteref) refs/heads/master refs/remotes/master [9ms]
2022-12-18 15:07:44.000 [info] > git for-each-ref --sort -committerdate --format %(refname) %(objectname) %(*objectname) [11ms]
2022-12-18 15:07:44.166 [info] > git status -z -uall [207ms]
2022-12-18 15:07:49.300 [info] > git config --get commit.template [32ms]
2022-12-18 15:07:49.307 [info] > git for-each-ref --format=%(refname)%00%(upstream:short)%00%(objectname)%00%(upstream:track)%00%(upstream:remotename)%00%(upstream:remoteref) refs/heads/master refs/remotes/master [9ms]
2022-12-18 15:07:49.386 [info] > git for-each-ref --sort -committerdate --format %(refname) %(objectname) %(*objectname) [10ms]
2022-12-18 15:07:49.543 [info] > git status -z -uall [207ms]
2022-12-18 15:07:54.780 [info] > git config --get commit.template [75ms]
2022-12-18 15:07:54.787 [info] > git for-each-ref --format=%(refname)%00%(upstream:short)%00%(objectname)%00%(upstream:track)%00%(upstream:remotename)%00%(upstream:remoteref) refs/heads/master refs/remotes/master [10ms]
2022-12-18 15:07:54.872 [info] > git for-each-ref --sort -committerdate --format %(refname) %(objectname) %(*objectname) [10ms]
2022-12-18 15:07:55.024 [info] > git status -z -uall [206ms]
2022-12-18 15:08:00.135 [info] > git config --get commit.template [30ms]
2022-12-18 15:08:00.142 [info] > git for-each-ref --format=%(refname)%00%(upstream:short)%00%(objectname)%00%(upstream:track)%00%(upstream:remotename)%00%(upstream:remoteref) refs/heads/master refs/remotes/master [8ms]
2022-12-18 15:08:00.207 [info] > git for-each-ref --sort -committerdate --format %(refname) %(objectname) %(*objectname) [10ms]
2022-12-18 15:08:00.368 [info] > git status -z -uall [199ms]
2022-12-18 15:08:06.000 [info] > git config --get commit.template [46ms]
2022-12-18 15:08:06.007 [info] > git for-each-ref --format=%(refname)%00%(upstream:short)%00%(objectname)%00%(upstream:track)%00%(upstream:remotename)%00%(upstream:remoteref) refs/heads/master refs/remotes/master [9ms]
2022-12-18 15:08:06.077 [info] > git for-each-ref --sort -committerdate --format %(refname) %(objectname) %(*objectname) [14ms]
2022-12-18 15:08:06.237 [info] > git status -z -uall [203ms]
2022-12-18 15:08:12.016 [info] > git config --get commit.template [34ms]
2022-12-18 15:08:12.023 [info] > git for-each-ref --format=%(refname)%00%(upstream:short)%00%(objectname)%00%(upstream:track)%00%(upstream:remotename)%00%(upstream:remoteref) refs/heads/master refs/remotes/master [9ms]
2022-12-18 15:08:12.102 [info] > git for-each-ref --sort -committerdate --format %(refname) %(objectname) %(*objectname) [10ms]
2022-12-18 15:08:12.258 [info] > git status -z -uall [203ms]
2022-12-18 15:08:17.394 [info] > git config --get commit.template [34ms]
2022-12-18 15:08:17.401 [info] > git for-each-ref --format=%(refname)%00%(upstream:short)%00%(objectname)%00%(upstream:track)%00%(upstream:remotename)%00%(upstream:remoteref) refs/heads/master refs/remotes/master [8ms]
2022-12-18 15:08:17.476 [info] > git for-each-ref --sort -committerdate --format %(refname) %(objectname) %(*objectname) [10ms]
2022-12-18 15:08:17.635 [info] > git status -z -uall [203ms]
2022-12-18 15:08:22.782 [info] > git config --get commit.template [32ms]
2022-12-18 15:08:22.789 [info] > git for-each-ref --format=%(refname)%00%(upstream:short)%00%(objectname)%00%(upstream:track)%00%(upstream:remotename)%00%(upstream:remoteref) refs/heads/master refs/remotes/master [9ms]
2022-12-18 15:08:22.860 [info] > git for-each-ref --sort -committerdate --format %(refname) %(objectname) %(*objectname) [9ms]
2022-12-18 15:08:23.018 [info] > git status -z -uall [200ms]
2022-12-18 15:08:28.175 [info] > git config --get commit.template [38ms]
2022-12-18 15:08:28.182 [info] > git for-each-ref --format=%(refname)%00%(upstream:short)%00%(objectname)%00%(upstream:track)%00%(upstream:remotename)%00%(upstream:remoteref) refs/heads/master refs/remotes/master [9ms]
2022-12-18 15:08:28.276 [info] > git for-each-ref --sort -committerdate --format %(refname) %(objectname) %(*objectname) [9ms]
2022-12-18 15:08:28.416 [info] > git status -z -uall [200ms]
2022-12-18 15:08:33.550 [info] > git config --get commit.template [36ms]
2022-12-18 15:08:33.556 [info] > git for-each-ref --format=%(refname)%00%(upstream:short)%00%(objectname)%00%(upstream:track)%00%(upstream:remotename)%00%(upstream:remoteref) refs/heads/master refs/remotes/master [7ms]
2022-12-18 15:08:33.631 [info] > git for-each-ref --sort -committerdate --format %(refname) %(objectname) %(*objectname) [10ms]
2022-12-18 15:08:33.791 [info] > git status -z -uall [202ms]
2022-12-18 15:08:38.931 [info] > git config --get commit.template [37ms]
2022-12-18 15:08:38.938 [info] > git for-each-ref --format=%(refname)%00%(upstream:short)%00%(objectname)%00%(upstream:track)%00%(upstream:remotename)%00%(upstream:remoteref) refs/heads/master refs/remotes/master [8ms]
2022-12-18 15:08:39.013 [info] > git for-each-ref --sort -committerdate --format %(refname) %(objectname) %(*objectname) [8ms]
2022-12-18 15:08:39.169 [info] > git status -z -uall [200ms]
2022-12-18 15:08:44.310 [info] > git config --get commit.template [35ms]
2022-12-18 15:08:44.317 [info] > git for-each-ref --format=%(refname)%00%(upstream:short)%00%(objectname)%00%(upstream:track)%00%(upstream:remotename)%00%(upstream:remoteref) refs/heads/master refs/remotes/master [8ms]
2022-12-18 15:08:44.397 [info] > git for-each-ref --sort -committerdate --format %(refname) %(objectname) %(*objectname) [10ms]
2022-12-18 15:08:44.561 [info] > git status -z -uall [211ms]
2022-12-18 15:08:49.703 [info] > git config --get commit.template [39ms]
2022-12-18 15:08:49.710 [info] > git for-each-ref --format=%(refname)%00%(upstream:short)%00%(objectname)%00%(upstream:track)%00%(upstream:remotename)%00%(upstream:remoteref) refs/heads/master refs/remotes/master [8ms]
2022-12-18 15:08:49.794 [info] > git for-each-ref --sort -committerdate --format %(refname) %(objectname) %(*objectname) [10ms]
2022-12-18 15:08:49.951 [info] > git status -z -uall [204ms]
2022-12-18 15:09:03.954 [info] > git config --get commit.template [89ms]
2022-12-18 15:09:03.959 [info] > git for-each-ref --format=%(refname)%00%(upstream:short)%00%(objectname)%00%(upstream:track)%00%(upstream:remotename)%00%(upstream:remoteref) refs/heads/master refs/remotes/master [8ms]
2022-12-18 15:09:04.079 [info] > git for-each-ref --sort -committerdate --format %(refname) %(objectname) %(*objectname) [11ms]
2022-12-18 15:09:04.211 [info] > git status -z -uall [206ms]
2022-12-18 15:09:09.329 [info] > git config --get commit.template [40ms]
2022-12-18 15:09:09.337 [info] > git for-each-ref --format=%(refname)%00%(upstream:short)%00%(objectname)%00%(upstream:track)%00%(upstream:remotename)%00%(upstream:remoteref) refs/heads/master refs/remotes/master [8ms]
2022-12-18 15:09:09.455 [info] > git for-each-ref --sort -committerdate --format %(refname) %(objectname) %(*objectname) [9ms]
2022-12-18 15:09:09.600 [info] > git status -z -uall [223ms]
2022-12-18 15:09:14.775 [info] > git config --get commit.template [48ms]
2022-12-18 15:09:14.782 [info] > git for-each-ref --format=%(refname)%00%(upstream:short)%00%(objectname)%00%(upstream:track)%00%(upstream:remotename)%00%(upstream:remoteref) refs/heads/master refs/remotes/master [8ms]
2022-12-18 15:09:14.922 [info] > git for-each-ref --sort -committerdate --format %(refname) %(objectname) %(*objectname) [11ms]
2022-12-18 15:09:15.036 [info] > git status -z -uall [213ms]
2022-12-18 15:09:20.186 [info] > git config --get commit.template [40ms]
2022-12-18 15:09:20.193 [info] > git for-each-ref --format=%(refname)%00%(upstream:short)%00%(objectname)%00%(upstream:track)%00%(upstream:remotename)%00%(upstream:remoteref) refs/heads/master refs/remotes/master [8ms]
2022-12-18 15:09:20.303 [info] > git for-each-ref --sort -committerdate --format %(refname) %(objectname) %(*objectname) [10ms]
2022-12-18 15:09:20.439 [info] > git status -z -uall [206ms]
2022-12-18 15:09:25.632 [info] > git config --get commit.template [43ms]
2022-12-18 15:09:25.639 [info] > git for-each-ref --format=%(refname)%00%(upstream:short)%00%(objectname)%00%(upstream:track)%00%(upstream:remotename)%00%(upstream:remoteref) refs/heads/master refs/remotes/master [9ms]
2022-12-18 15:09:25.759 [info] > git for-each-ref --sort -committerdate --format %(refname) %(objectname) %(*objectname) [13ms]
2022-12-18 15:09:25.906 [info] > git status -z -uall [225ms]
2022-12-18 15:09:31.087 [info] > git config --get commit.template [48ms]
2022-12-18 15:09:31.091 [info] > git for-each-ref --format=%(refname)%00%(upstream:short)%00%(objectname)%00%(upstream:track)%00%(upstream:remotename)%00%(upstream:remoteref) refs/heads/master refs/remotes/master [7ms]
2022-12-18 15:09:31.188 [info] > git for-each-ref --sort -committerdate --format %(refname) %(objectname) %(*objectname) [10ms]
2022-12-18 15:09:31.331 [info] > git status -z -uall [204ms]
2022-12-18 15:09:36.477 [info] > git config --get commit.template [44ms]
2022-12-18 15:09:36.484 [info] > git for-each-ref --format=%(refname)%00%(upstream:short)%00%(objectname)%00%(upstream:track)%00%(upstream:remotename)%00%(upstream:remoteref) refs/heads/master refs/remotes/master [8ms]
2022-12-18 15:09:36.579 [info] > git for-each-ref --sort -committerdate --format %(refname) %(objectname) %(*objectname) [10ms]
2022-12-18 15:09:36.734 [info] > git status -z -uall [207ms]
2022-12-18 15:09:41.899 [info] > git config --get commit.template [46ms]
2022-12-18 15:09:41.905 [info] > git for-each-ref --format=%(refname)%00%(upstream:short)%00%(objectname)%00%(upstream:track)%00%(upstream:remotename)%00%(upstream:remoteref) refs/heads/master refs/remotes/master [8ms]
2022-12-18 15:09:42.011 [info] > git for-each-ref --sort -committerdate --format %(refname) %(objectname) %(*objectname) [10ms]
2022-12-18 15:09:42.171 [info] > git status -z -uall [216ms]
2022-12-18 15:09:47.333 [info] > git config --get commit.template [36ms]
2022-12-18 15:09:47.339 [info] > git for-each-ref --format=%(refname)%00%(upstream:short)%00%(objectname)%00%(upstream:track)%00%(upstream:remotename)%00%(upstream:remoteref) refs/heads/master refs/remotes/master [9ms]
2022-12-18 15:09:47.422 [info] > git for-each-ref --sort -committerdate --format %(refname) %(objectname) %(*objectname) [11ms]
2022-12-18 15:09:47.602 [info] > git status -z -uall [229ms]
2022-12-18 15:09:52.726 [info] > git config --get commit.template [28ms]
2022-12-18 15:09:52.732 [info] > git for-each-ref --format=%(refname)%00%(upstream:short)%00%(objectname)%00%(upstream:track)%00%(upstream:remotename)%00%(upstream:remoteref) refs/heads/master refs/remotes/master [8ms]
2022-12-18 15:09:52.797 [info] > git for-each-ref --sort -committerdate --format %(refname) %(objectname) %(*objectname) [11ms]
2022-12-18 15:09:52.949 [info] > git status -z -uall [190ms]
2022-12-18 15:09:58.090 [info] > git config --get commit.template [33ms]
2022-12-18 15:09:58.097 [info] > git for-each-ref --format=%(refname)%00%(upstream:short)%00%(objectname)%00%(upstream:track)%00%(upstream:remotename)%00%(upstream:remoteref) refs/heads/master refs/remotes/master [8ms]
2022-12-18 15:09:58.172 [info] > git for-each-ref --sort -committerdate --format %(refname) %(objectname) %(*objectname) [13ms]
2022-12-18 15:09:58.325 [info] > git status -z -uall [200ms]
2022-12-18 15:10:04.573 [info] > git config --get commit.template [32ms]
2022-12-18 15:10:04.579 [info] > git for-each-ref --format=%(refname)%00%(upstream:short)%00%(objectname)%00%(upstream:track)%00%(upstream:remotename)%00%(upstream:remoteref) refs/heads/master refs/remotes/master [8ms]
2022-12-18 15:10:04.655 [info] > git for-each-ref --sort -committerdate --format %(refname) %(objectname) %(*objectname) [11ms]
2022-12-18 15:10:04.812 [info] > git status -z -uall [202ms]
2022-12-18 15:10:09.949 [info] > git config --get commit.template [32ms]
2022-12-18 15:10:09.956 [info] > git for-each-ref --format=%(refname)%00%(upstream:short)%00%(objectname)%00%(upstream:track)%00%(upstream:remotename)%00%(upstream:remoteref) refs/heads/master refs/remotes/master [9ms]
2022-12-18 15:10:10.032 [info] > git for-each-ref --sort -committerdate --format %(refname) %(objectname) %(*objectname) [13ms]
2022-12-18 15:10:10.193 [info] > git status -z -uall [206ms]
2022-12-18 15:10:15.880 [info] > git config --get commit.template [35ms]
2022-12-18 15:10:15.886 [info] > git for-each-ref --format=%(refname)%00%(upstream:short)%00%(objectname)%00%(upstream:track)%00%(upstream:remotename)%00%(upstream:remoteref) refs/heads/master refs/remotes/master [8ms]
2022-12-18 15:10:15.979 [info] > git for-each-ref --sort -committerdate --format %(refname) %(objectname) %(*objectname) [10ms]
2022-12-18 15:10:16.160 [info] > git status -z -uall [242ms]
2022-12-18 15:10:21.304 [info] > git config --get commit.template [30ms]
2022-12-18 15:10:21.310 [info] > git for-each-ref --format=%(refname)%00%(upstream:short)%00%(objectname)%00%(upstream:track)%00%(upstream:remotename)%00%(upstream:remoteref) refs/heads/master refs/remotes/master [8ms]
2022-12-18 15:10:21.380 [info] > git for-each-ref --sort -committerdate --format %(refname) %(objectname) %(*objectname) [11ms]
2022-12-18 15:10:21.542 [info] > git status -z -uall [203ms]
2022-12-18 15:10:26.682 [info] > git config --get commit.template [36ms]
2022-12-18 15:10:26.689 [info] > git for-each-ref --format=%(refname)%00%(upstream:short)%00%(objectname)%00%(upstream:track)%00%(upstream:remotename)%00%(upstream:remoteref) refs/heads/master refs/remotes/master [8ms]
2022-12-18 15:10:26.790 [info] > git for-each-ref --sort -committerdate --format %(refname) %(objectname) %(*objectname) [9ms]
2022-12-18 15:10:26.929 [info] > git status -z -uall [211ms]
2022-12-18 15:10:32.068 [info] > git config --get commit.template [31ms]
2022-12-18 15:10:32.075 [info] > git for-each-ref --format=%(refname)%00%(upstream:short)%00%(objectname)%00%(upstream:track)%00%(upstream:remotename)%00%(upstream:remoteref) refs/heads/master refs/remotes/master [9ms]
2022-12-18 15:10:32.148 [info] > git for-each-ref --sort -committerdate --format %(refname) %(objectname) %(*objectname) [10ms]
2022-12-18 15:10:32.324 [info] > git status -z -uall [222ms]
2022-12-18 15:13:17.552 [info] > git config --get commit.template [40ms]
2022-12-18 15:13:17.556 [info] > git for-each-ref --format=%(refname)%00%(upstream:short)%00%(objectname)%00%(upstream:track)%00%(upstream:remotename)%00%(upstream:remoteref) refs/heads/master refs/remotes/master [8ms]
2022-12-18 15:13:17.625 [info] > git for-each-ref --sort -committerdate --format %(refname) %(objectname) %(*objectname) [12ms]
2022-12-18 15:13:17.818 [info] > git status -z -uall [234ms]
2022-12-18 15:15:27.086 [info] > git config --get commit.template [39ms]
2022-12-18 15:15:27.091 [info] > git for-each-ref --format=%(refname)%00%(upstream:short)%00%(objectname)%00%(upstream:track)%00%(upstream:remotename)%00%(upstream:remoteref) refs/heads/master refs/remotes/master [7ms]
2022-12-18 15:15:27.202 [info] > git for-each-ref --sort -committerdate --format %(refname) %(objectname) %(*objectname) [16ms]
2022-12-18 15:15:27.352 [info] > git status -z -uall [217ms]
2022-12-18 15:15:35.066 [info] > git config --get commit.template [47ms]
2022-12-18 15:15:35.074 [info] > git for-each-ref --format=%(refname)%00%(upstream:short)%00%(objectname)%00%(upstream:track)%00%(upstream:remotename)%00%(upstream:remoteref) refs/heads/master refs/remotes/master [10ms]
2022-12-18 15:15:35.182 [info] > git for-each-ref --sort -committerdate --format %(refname) %(objectname) %(*objectname) [14ms]
2022-12-18 15:15:35.328 [info] > git status -z -uall [212ms]
2022-12-18 15:15:46.263 [info] > git config --get commit.template [46ms]
2022-12-18 15:15:46.272 [info] > git for-each-ref --format=%(refname)%00%(upstream:short)%00%(objectname)%00%(upstream:track)%00%(upstream:remotename)%00%(upstream:remoteref) refs/heads/master refs/remotes/master [12ms]
2022-12-18 15:15:46.428 [info] > git for-each-ref --sort -committerdate --format %(refname) %(objectname) %(*objectname) [15ms]
2022-12-18 15:15:46.661 [info] > git status -z -uall [310ms]
2022-12-18 15:15:51.834 [info] > git config --get commit.template [32ms]
2022-12-18 15:15:51.841 [info] > git for-each-ref --format=%(refname)%00%(upstream:short)%00%(objectname)%00%(upstream:track)%00%(upstream:remotename)%00%(upstream:remoteref) refs/heads/master refs/remotes/master [8ms]
2022-12-18 15:15:51.905 [info] > git for-each-ref --sort -committerdate --format %(refname) %(objectname) %(*objectname) [10ms]
2022-12-18 15:15:52.082 [info] > git status -z -uall [215ms]
2022-12-18 15:15:57.278 [info] > git config --get commit.template [32ms]
2022-12-18 15:15:57.284 [info] > git for-each-ref --format=%(refname)%00%(upstream:short)%00%(objectname)%00%(upstream:track)%00%(upstream:remotename)%00%(upstream:remoteref) refs/heads/master refs/remotes/master [9ms]
2022-12-18 15:15:57.364 [info] > git for-each-ref --sort -committerdate --format %(refname) %(objectname) %(*objectname) [8ms]
2022-12-18 15:15:57.519 [info] > git status -z -uall [200ms]
2022-12-18 15:16:02.693 [info] > git config --get commit.template [36ms]
2022-12-18 15:16:02.700 [info] > git for-each-ref --format=%(refname)%00%(upstream:short)%00%(objectname)%00%(upstream:track)%00%(upstream:remotename)%00%(upstream:remoteref) refs/heads/master refs/remotes/master [9ms]
2022-12-18 15:16:02.772 [info] > git for-each-ref --sort -committerdate --format %(refname) %(objectname) %(*objectname) [11ms]
2022-12-18 15:16:02.941 [info] > git status -z -uall [211ms]
2022-12-18 15:16:08.106 [info] > git config --get commit.template [43ms]
2022-12-18 15:16:08.112 [info] > git for-each-ref --format=%(refname)%00%(upstream:short)%00%(objectname)%00%(upstream:track)%00%(upstream:remotename)%00%(upstream:remoteref) refs/heads/master refs/remotes/master [8ms]
2022-12-18 15:16:08.186 [info] > git for-each-ref --sort -committerdate --format %(refname) %(objectname) %(*objectname) [9ms]
2022-12-18 15:16:08.390 [info] > git status -z -uall [248ms]
2022-12-18 15:16:13.547 [info] > git config --get commit.template [44ms]
2022-12-18 15:16:13.551 [info] > git for-each-ref --format=%(refname)%00%(upstream:short)%00%(objectname)%00%(upstream:track)%00%(upstream:remotename)%00%(upstream:remoteref) refs/heads/master refs/remotes/master [8ms]
2022-12-18 15:16:13.646 [info] > git for-each-ref --sort -committerdate --format %(refname) %(objectname) %(*objectname) [11ms]
2022-12-18 15:16:13.804 [info] > git status -z -uall [219ms]
2022-12-18 15:16:18.994 [info] > git config --get commit.template [57ms]
2022-12-18 15:16:19.001 [info] > git for-each-ref --format=%(refname)%00%(upstream:short)%00%(objectname)%00%(upstream:track)%00%(upstream:remotename)%00%(upstream:remoteref) refs/heads/master refs/remotes/master [11ms]
2022-12-18 15:16:19.101 [info] > git for-each-ref --sort -committerdate --format %(refname) %(objectname) %(*objectname) [15ms]
2022-12-18 15:16:19.269 [info] > git status -z -uall [233ms]
2022-12-18 15:16:24.406 [info] > git config --get commit.template [34ms]
2022-12-18 15:16:24.413 [info] > git for-each-ref --format=%(refname)%00%(upstream:short)%00%(objectname)%00%(upstream:track)%00%(upstream:remotename)%00%(upstream:remoteref) refs/heads/master refs/remotes/master [9ms]
2022-12-18 15:16:24.493 [info] > git for-each-ref --sort -committerdate --format %(refname) %(objectname) %(*objectname) [13ms]
2022-12-18 15:16:24.687 [info] > git status -z -uall [241ms]
2022-12-18 15:16:29.835 [info] > git config --get commit.template [38ms]
2022-12-18 15:16:29.841 [info] > git for-each-ref --format=%(refname)%00%(upstream:short)%00%(objectname)%00%(upstream:track)%00%(upstream:remotename)%00%(upstream:remoteref) refs/heads/master refs/remotes/master [8ms]
2022-12-18 15:16:29.915 [info] > git for-each-ref --sort -committerdate --format %(refname) %(objectname) %(*objectname) [10ms]
2022-12-18 15:16:30.074 [info] > git status -z -uall [201ms]
2022-12-18 15:16:35.775 [info] > git config --get commit.template [33ms]
2022-12-18 15:16:35.781 [info] > git for-each-ref --format=%(refname)%00%(upstream:short)%00%(objectname)%00%(upstream:track)%00%(upstream:remotename)%00%(upstream:remoteref) refs/heads/master refs/remotes/master [9ms]
2022-12-18 15:16:35.860 [info] > git for-each-ref --sort -committerdate --format %(refname) %(objectname) %(*objectname) [12ms]
2022-12-18 15:16:36.051 [info] > git status -z -uall [240ms]
2022-12-18 15:16:41.211 [info] > git config --get commit.template [38ms]
2022-12-18 15:16:41.217 [info] > git for-each-ref --format=%(refname)%00%(upstream:short)%00%(objectname)%00%(upstream:track)%00%(upstream:remotename)%00%(upstream:remoteref) refs/heads/master refs/remotes/master [9ms]
2022-12-18 15:16:41.288 [info] > git for-each-ref --sort -committerdate --format %(refname) %(objectname) %(*objectname) [9ms]
2022-12-18 15:16:41.452 [info] > git status -z -uall [204ms]
2022-12-18 15:16:46.641 [info] > git config --get commit.template [67ms]
2022-12-18 15:16:46.647 [info] > git for-each-ref --format=%(refname)%00%(upstream:short)%00%(objectname)%00%(upstream:track)%00%(upstream:remotename)%00%(upstream:remoteref) refs/heads/master refs/remotes/master [10ms]
2022-12-18 15:16:46.785 [info] > git for-each-ref --sort -committerdate --format %(refname) %(objectname) %(*objectname) [19ms]
2022-12-18 15:16:47.008 [info] > git status -z -uall [316ms]
2022-12-18 15:16:52.167 [info] > git config --get commit.template [54ms]
2022-12-18 15:16:52.173 [info] > git for-each-ref --format=%(refname)%00%(upstream:short)%00%(objectname)%00%(upstream:track)%00%(upstream:remotename)%00%(upstream:remoteref) refs/heads/master refs/remotes/master [9ms]
2022-12-18 15:16:52.277 [info] > git for-each-ref --sort -committerdate --format %(refname) %(objectname) %(*objectname) [10ms]
2022-12-18 15:16:52.426 [info] > git status -z -uall [221ms]
2022-12-18 15:16:57.571 [info] > git config --get commit.template [7ms]
2022-12-18 15:16:57.630 [info] > git for-each-ref --format=%(refname)%00%(upstream:short)%00%(objectname)%00%(upstream:track)%00%(upstream:remotename)%00%(upstream:remoteref) refs/heads/master refs/remotes/master [23ms]
2022-12-18 15:16:57.712 [info] > git for-each-ref --sort -committerdate --format %(refname) %(objectname) %(*objectname) [13ms]
2022-12-18 15:16:57.873 [info] > git status -z -uall [210ms]
2022-12-18 15:17:03.011 [info] > git config --get commit.template [34ms]
2022-12-18 15:17:03.018 [info] > git for-each-ref --format=%(refname)%00%(upstream:short)%00%(objectname)%00%(upstream:track)%00%(upstream:remotename)%00%(upstream:remoteref) refs/heads/master refs/remotes/master [8ms]
2022-12-18 15:17:03.091 [info] > git for-each-ref --sort -committerdate --format %(refname) %(objectname) %(*objectname) [10ms]
2022-12-18 15:17:03.252 [info] > git status -z -uall [204ms]
2022-12-18 15:17:08.410 [info] > git config --get commit.template [31ms]
2022-12-18 15:17:08.417 [info] > git for-each-ref --format=%(refname)%00%(upstream:short)%00%(objectname)%00%(upstream:track)%00%(upstream:remotename)%00%(upstream:remoteref) refs/heads/master refs/remotes/master [9ms]
2022-12-18 15:17:08.487 [info] > git for-each-ref --sort -committerdate --format %(refname) %(objectname) %(*objectname) [11ms]
2022-12-18 15:17:08.642 [info] > git status -z -uall [198ms]
2022-12-18 15:17:13.792 [info] > git config --get commit.template [35ms]
2022-12-18 15:17:13.799 [info] > git for-each-ref --format=%(refname)%00%(upstream:short)%00%(objectname)%00%(upstream:track)%00%(upstream:remotename)%00%(upstream:remoteref) refs/heads/master refs/remotes/master [10ms]
2022-12-18 15:17:13.869 [info] > git for-each-ref --sort -committerdate --format %(refname) %(objectname) %(*objectname) [10ms]
2022-12-18 15:17:14.042 [info] > git status -z -uall [214ms]
2022-12-18 15:17:33.089 [info] > git config --get commit.template [68ms]
2022-12-18 15:17:33.099 [info] > git for-each-ref --format=%(refname)%00%(upstream:short)%00%(objectname)%00%(upstream:track)%00%(upstream:remotename)%00%(upstream:remoteref) refs/heads/master refs/remotes/master [12ms]
2022-12-18 15:17:33.246 [info] > git for-each-ref --sort -committerdate --format %(refname) %(objectname) %(*objectname) [25ms]
2022-12-18 15:17:33.500 [info] > git status -z -uall [359ms]
2022-12-18 15:17:38.670 [info] > git config --get commit.template [30ms]
2022-12-18 15:17:38.676 [info] > git for-each-ref --format=%(refname)%00%(upstream:short)%00%(objectname)%00%(upstream:track)%00%(upstream:remotename)%00%(upstream:remoteref) refs/heads/master refs/remotes/master [9ms]
2022-12-18 15:17:38.739 [info] > git for-each-ref --sort -committerdate --format %(refname) %(objectname) %(*objectname) [7ms]
2022-12-18 15:17:38.903 [info] > git status -z -uall [199ms]
2022-12-18 15:18:02.176 [info] > git config --get commit.template [48ms]
2022-12-18 15:18:02.181 [info] > git for-each-ref --format=%(refname)%00%(upstream:short)%00%(objectname)%00%(upstream:track)%00%(upstream:remotename)%00%(upstream:remoteref) refs/heads/master refs/remotes/master [7ms]
2022-12-18 15:18:02.263 [info] > git for-each-ref --sort -committerdate --format %(refname) %(objectname) %(*objectname) [8ms]
2022-12-18 15:18:02.444 [info] > git status -z -uall [230ms]
2022-12-18 15:18:07.622 [info] > git config --get commit.template [30ms]
2022-12-18 15:18:07.627 [info] > git for-each-ref --format=%(refname)%00%(upstream:short)%00%(objectname)%00%(upstream:track)%00%(upstream:remotename)%00%(upstream:remoteref) refs/heads/master refs/remotes/master [8ms]
2022-12-18 15:18:07.691 [info] > git for-each-ref --sort -committerdate --format %(refname) %(objectname) %(*objectname) [7ms]
2022-12-18 15:18:07.851 [info] > git status -z -uall [196ms]
2022-12-18 15:18:13.001 [info] > git config --get commit.template [33ms]
2022-12-18 15:18:13.007 [info] > git for-each-ref --format=%(refname)%00%(upstream:short)%00%(objectname)%00%(upstream:track)%00%(upstream:remotename)%00%(upstream:remoteref) refs/heads/master refs/remotes/master [9ms]
2022-12-18 15:18:13.074 [info] > git for-each-ref --sort -committerdate --format %(refname) %(objectname) %(*objectname) [9ms]
2022-12-18 15:18:13.244 [info] > git status -z -uall [209ms]
2022-12-18 15:18:18.439 [info] > git config --get commit.template [36ms]
2022-12-18 15:18:18.445 [info] > git for-each-ref --format=%(refname)%00%(upstream:short)%00%(objectname)%00%(upstream:track)%00%(upstream:remotename)%00%(upstream:remoteref) refs/heads/master refs/remotes/master [8ms]
2022-12-18 15:18:18.523 [info] > git for-each-ref --sort -committerdate --format %(refname) %(objectname) %(*objectname) [11ms]
2022-12-18 15:18:18.679 [info] > git status -z -uall [203ms]
2022-12-18 15:18:28.935 [info] > git config --get commit.template [66ms]
2022-12-18 15:18:28.939 [info] > git for-each-ref --format=%(refname)%00%(upstream:short)%00%(objectname)%00%(upstream:track)%00%(upstream:remotename)%00%(upstream:remoteref) refs/heads/master refs/remotes/master [8ms]
2022-12-18 15:18:29.053 [info] > git for-each-ref --sort -committerdate --format %(refname) %(objectname) %(*objectname) [11ms]
2022-12-18 15:18:29.188 [info] > git status -z -uall [215ms]
2022-12-18 15:18:34.311 [info] > git config --get commit.template [33ms]
2022-12-18 15:18:34.317 [info] > git for-each-ref --format=%(refname)%00%(upstream:short)%00%(objectname)%00%(upstream:track)%00%(upstream:remotename)%00%(upstream:remoteref) refs/heads/master refs/remotes/master [8ms]
2022-12-18 15:18:34.402 [info] > git for-each-ref --sort -committerdate --format %(refname) %(objectname) %(*objectname) [9ms]
2022-12-18 15:18:34.576 [info] > git status -z -uall [227ms]
2022-12-18 15:18:39.721 [info] > git config --get commit.template [41ms]
2022-12-18 15:18:39.727 [info] > git for-each-ref --format=%(refname)%00%(upstream:short)%00%(objectname)%00%(upstream:track)%00%(upstream:remotename)%00%(upstream:remoteref) refs/heads/master refs/remotes/master [9ms]
2022-12-18 15:18:39.810 [info] > git for-each-ref --sort -committerdate --format %(refname) %(objectname) %(*objectname) [12ms]
2022-12-18 15:18:39.981 [info] > git status -z -uall [222ms]
2022-12-18 15:18:45.189 [info] > git config --get commit.template [37ms]
2022-12-18 15:18:45.209 [info] > git for-each-ref --format=%(refname)%00%(upstream:short)%00%(objectname)%00%(upstream:track)%00%(upstream:remotename)%00%(upstream:remoteref) refs/heads/master refs/remotes/master [23ms]
2022-12-18 15:18:45.338 [info] > git for-each-ref --sort -committerdate --format %(refname) %(objectname) %(*objectname) [28ms]
2022-12-18 15:18:45.492 [info] > git status -z -uall [219ms]
2022-12-18 15:18:50.613 [info] > git config --get commit.template [29ms]
2022-12-18 15:18:50.620 [info] > git for-each-ref --format=%(refname)%00%(upstream:short)%00%(objectname)%00%(upstream:track)%00%(upstream:remotename)%00%(upstream:remoteref) refs/heads/master refs/remotes/master [8ms]
2022-12-18 15:18:50.683 [info] > git for-each-ref --sort -committerdate --format %(refname) %(objectname) %(*objectname) [8ms]
2022-12-18 15:18:50.848 [info] > git status -z -uall [202ms]
2022-12-18 15:18:56.020 [info] > git config --get commit.template [26ms]
2022-12-18 15:18:56.065 [info] > git for-each-ref --format=%(refname)%00%(upstream:short)%00%(objectname)%00%(upstream:track)%00%(upstream:remotename)%00%(upstream:remoteref) refs/heads/master refs/remotes/master [10ms]
2022-12-18 15:18:56.199 [info] > git for-each-ref --sort -committerdate --format %(refname) %(objectname) %(*objectname) [18ms]
2022-12-18 15:18:56.361 [info] > git status -z -uall [252ms]
2022-12-18 15:19:12.512 [info] > git config --get commit.template [44ms]
2022-12-18 15:19:12.518 [info] > git for-each-ref --format=%(refname)%00%(upstream:short)%00%(objectname)%00%(upstream:track)%00%(upstream:remotename)%00%(upstream:remoteref) refs/heads/master refs/remotes/master [8ms]
2022-12-18 15:19:12.659 [info] > git for-each-ref --sort -committerdate --format %(refname) %(objectname) %(*objectname) [12ms]
2022-12-18 15:19:12.804 [info] > git status -z -uall [223ms]
2022-12-18 15:19:17.950 [info] > git config --get commit.template [36ms]
2022-12-18 15:19:17.957 [info] > git for-each-ref --format=%(refname)%00%(upstream:short)%00%(objectname)%00%(upstream:track)%00%(upstream:remotename)%00%(upstream:remoteref) refs/heads/master refs/remotes/master [9ms]
2022-12-18 15:19:18.036 [info] > git for-each-ref --sort -committerdate --format %(refname) %(objectname) %(*objectname) [10ms]
2022-12-18 15:19:18.213 [info] > git status -z -uall [221ms]
2022-12-18 15:19:23.383 [info] > git config --get commit.template [34ms]
2022-12-18 15:19:23.389 [info] > git for-each-ref --format=%(refname)%00%(upstream:short)%00%(objectname)%00%(upstream:track)%00%(upstream:remotename)%00%(upstream:remoteref) refs/heads/master refs/remotes/master [9ms]
2022-12-18 15:19:23.463 [info] > git for-each-ref --sort -committerdate --format %(refname) %(objectname) %(*objectname) [10ms]
2022-12-18 15:19:23.622 [info] > git status -z -uall [202ms]
2022-12-18 15:19:28.776 [info] > git config --get commit.template [37ms]
2022-12-18 15:19:28.782 [info] > git for-each-ref --format=%(refname)%00%(upstream:short)%00%(objectname)%00%(upstream:track)%00%(upstream:remotename)%00%(upstream:remoteref) refs/heads/master refs/remotes/master [8ms]
2022-12-18 15:19:28.884 [info] > git for-each-ref --sort -committerdate --format %(refname) %(objectname) %(*objectname) [10ms]
2022-12-18 15:19:29.040 [info] > git status -z -uall [207ms]
2022-12-18 15:19:34.214 [info] > git config --get commit.template [33ms]
2022-12-18 15:19:34.220 [info] > git for-each-ref --format=%(refname)%00%(upstream:short)%00%(objectname)%00%(upstream:track)%00%(upstream:remotename)%00%(upstream:remoteref) refs/heads/master refs/remotes/master [9ms]
2022-12-18 15:19:34.297 [info] > git for-each-ref --sort -committerdate --format %(refname) %(objectname) %(*objectname) [11ms]
2022-12-18 15:19:34.483 [info] > git status -z -uall [230ms]
2022-12-18 15:19:45.165 [info] > git config --get commit.template [38ms]
2022-12-18 15:19:45.171 [info] > git for-each-ref --format=%(refname)%00%(upstream:short)%00%(objectname)%00%(upstream:track)%00%(upstream:remotename)%00%(upstream:remoteref) refs/heads/master refs/remotes/master [8ms]
2022-12-18 15:19:45.272 [info] > git for-each-ref --sort -committerdate --format %(refname) %(objectname) %(*objectname) [29ms]
2022-12-18 15:19:45.471 [info] > git status -z -uall [266ms]
2022-12-18 15:19:50.676 [info] > git config --get commit.template [80ms]
2022-12-18 15:19:50.680 [info] > git for-each-ref --format=%(refname)%00%(upstream:short)%00%(objectname)%00%(upstream:track)%00%(upstream:remotename)%00%(upstream:remoteref) refs/heads/master refs/remotes/master [7ms]
2022-12-18 15:19:50.848 [info] > git for-each-ref --sort -committerdate --format %(refname) %(objectname) %(*objectname) [14ms]
2022-12-18 15:19:51.005 [info] > git status -z -uall [241ms]
2022-12-18 15:20:04.010 [info] > git config --get commit.template [55ms]
2022-12-18 15:20:04.117 [info] > git for-each-ref --format=%(refname)%00%(upstream:short)%00%(objectname)%00%(upstream:track)%00%(upstream:remotename)%00%(upstream:remoteref) refs/heads/main refs/remotes/main [60ms]
2022-12-18 15:20:04.210 [info] > git config --get commit.template [202ms]
2022-12-18 15:20:04.214 [info] > git status -z -uall [58ms]
2022-12-18 15:20:04.216 [info] > git for-each-ref --format=%(refname)%00%(upstream:short)%00%(objectname)%00%(upstream:track)%00%(upstream:remotename)%00%(upstream:remoteref) refs/heads/master refs/remotes/master [106ms]
2022-12-18 15:20:04.298 [info] > git for-each-ref --sort -committerdate --format %(refname) %(objectname) %(*objectname) [88ms]
2022-12-18 15:20:04.317 [info] > git for-each-ref --sort -committerdate --format %(refname) %(objectname) %(*objectname) [29ms]
2022-12-18 15:20:04.507 [info] > git status -z -uall [257ms]
2022-12-18 15:20:09.646 [info] > git config --get commit.template [30ms]
2022-12-18 15:20:09.652 [info] > git for-each-ref --format=%(refname)%00%(upstream:short)%00%(objectname)%00%(upstream:track)%00%(upstream:remotename)%00%(upstream:remoteref) refs/heads/master refs/remotes/master [9ms]
2022-12-18 15:20:09.716 [info] > git for-each-ref --sort -committerdate --format %(refname) %(objectname) %(*objectname) [10ms]
2022-12-18 15:20:09.870 [info] > git status -z -uall [192ms]
2022-12-18 15:20:15.016 [info] > git config --get commit.template [35ms]
2022-12-18 15:20:15.022 [info] > git for-each-ref --format=%(refname)%00%(upstream:short)%00%(objectname)%00%(upstream:track)%00%(upstream:remotename)%00%(upstream:remoteref) refs/heads/master refs/remotes/master [9ms]
2022-12-18 15:20:15.105 [info] > git for-each-ref --sort -committerdate --format %(refname) %(objectname) %(*objectname) [12ms]
2022-12-18 15:20:15.250 [info] > git status -z -uall [198ms]
2022-12-18 15:20:21.897 [info] > git config --get commit.template [42ms]
2022-12-18 15:20:21.902 [info] > git for-each-ref --format=%(refname)%00%(upstream:short)%00%(objectname)%00%(upstream:track)%00%(upstream:remotename)%00%(upstream:remoteref) refs/heads/master refs/remotes/master [8ms]
2022-12-18 15:20:21.980 [info] > git for-each-ref --sort -committerdate --format %(refname) %(objectname) %(*objectname) [11ms]
2022-12-18 15:20:22.144 [info] > git status -z -uall [212ms]
2022-12-18 15:20:25.794 [info] > git show --textconv :0x02-minimum_operations/0-main.py [35ms]
2022-12-18 15:20:25.800 [info] > git ls-files --stage -- /home/karolart/holbertonschool-interview/0x02-minimum_operations/0-main.py [10ms]
2022-12-18 15:20:25.862 [info] > git check-ignore -v -z --stdin [9ms]
2022-12-18 15:20:26.435 [info] > git config --get commit.template [37ms]
2022-12-18 15:20:26.443 [info] > git for-each-ref --format=%(refname)%00%(upstream:short)%00%(objectname)%00%(upstream:track)%00%(upstream:remotename)%00%(upstream:remoteref) refs/heads/main refs/remotes/main [11ms]
2022-12-18 15:20:26.513 [info] > git status -z -uall [39ms]
2022-12-18 15:20:26.522 [info] > git for-each-ref --sort -committerdate --format %(refname) %(objectname) %(*objectname) [10ms]
2022-12-18 15:20:40.534 [info] > git config --get commit.template [46ms]
2022-12-18 15:20:40.543 [info] > git for-each-ref --format=%(refname)%00%(upstream:short)%00%(objectname)%00%(upstream:track)%00%(upstream:remotename)%00%(upstream:remoteref) refs/heads/master refs/remotes/master [13ms]
2022-12-18 15:20:40.639 [info] > git for-each-ref --sort -committerdate --format %(refname) %(objectname) %(*objectname) [12ms]
2022-12-18 15:20:40.859 [info] > git status -z -uall [282ms]
2022-12-18 15:20:46.050 [info] > git config --get commit.template [70ms]
2022-12-18 15:20:46.056 [info] > git for-each-ref --format=%(refname)%00%(upstream:short)%00%(objectname)%00%(upstream:track)%00%(upstream:remotename)%00%(upstream:remoteref) refs/heads/master refs/remotes/master [10ms]
2022-12-18 15:20:46.160 [info] > git for-each-ref --sort -committerdate --format %(refname) %(objectname) %(*objectname) [11ms]
2022-12-18 15:20:46.371 [info] > git status -z -uall [285ms]
2022-12-18 15:20:46.475 [info] > git config --get commit.template [114ms]
2022-12-18 15:20:46.484 [info] > git for-each-ref --format=%(refname)%00%(upstream:short)%00%(objectname)%00%(upstream:track)%00%(upstream:remotename)%00%(upstream:remoteref) refs/heads/main refs/remotes/main [23ms]
2022-12-18 15:20:46.999 [info] > git status -z -uall [475ms]
2022-12-18 15:20:47.000 [info] > git for-each-ref --sort -committerdate --format %(refname) %(objectname) %(*objectname) [444ms]
2022-12-18 15:20:52.175 [info] > git config --get commit.template [38ms]
2022-12-18 15:20:52.181 [info] > git for-each-ref --format=%(refname)%00%(upstream:short)%00%(objectname)%00%(upstream:track)%00%(upstream:remotename)%00%(upstream:remoteref) refs/heads/master refs/remotes/master [8ms]
2022-12-18 15:20:52.249 [info] > git for-each-ref --sort -committerdate --format %(refname) %(objectname) %(*objectname) [10ms]
2022-12-18 15:20:52.406 [info] > git status -z -uall [197ms]
2022-12-18 15:20:57.532 [info] > git config --get commit.template [33ms]
2022-12-18 15:20:57.538 [info] > git for-each-ref --format=%(refname)%00%(upstream:short)%00%(objectname)%00%(upstream:track)%00%(upstream:remotename)%00%(upstream:remoteref) refs/heads/master refs/remotes/master [8ms]
2022-12-18 15:20:57.615 [info] > git for-each-ref --sort -committerdate --format %(refname) %(objectname) %(*objectname) [8ms]
2022-12-18 15:20:57.791 [info] > git status -z -uall [223ms]
2022-12-18 15:21:02.964 [info] > git config --get commit.template [41ms]
2022-12-18 15:21:02.970 [info] > git for-each-ref --format=%(refname)%00%(upstream:short)%00%(objectname)%00%(upstream:track)%00%(upstream:remotename)%00%(upstream:remoteref) refs/heads/master refs/remotes/master [8ms]
2022-12-18 15:21:03.046 [info] > git for-each-ref --sort -committerdate --format %(refname) %(objectname) %(*objectname) [10ms]
2022-12-18 15:21:03.260 [info] > git status -z -uall [257ms]
2022-12-18 15:21:08.466 [info] > git config --get commit.template [41ms]
2022-12-18 15:21:08.471 [info] > git for-each-ref --format=%(refname)%00%(upstream:short)%00%(objectname)%00%(upstream:track)%00%(upstream:remotename)%00%(upstream:remoteref) refs/heads/master refs/remotes/master [10ms]
2022-12-18 15:21:08.644 [info] > git for-each-ref --sort -committerdate --format %(refname) %(objectname) %(*objectname) [67ms]
2022-12-18 15:21:08.827 [info] > git status -z -uall [309ms]
2022-12-18 15:21:13.968 [info] > git config --get commit.template [34ms]
2022-12-18 15:21:13.974 [info] > git for-each-ref --format=%(refname)%00%(upstream:short)%00%(objectname)%00%(upstream:track)%00%(upstream:remotename)%00%(upstream:remoteref) refs/heads/master refs/remotes/master [9ms]
2022-12-18 15:21:14.045 [info] > git for-each-ref --sort -committerdate --format %(refname) %(objectname) %(*objectname) [9ms]
2022-12-18 15:21:14.249 [info] > git status -z -uall [245ms]
2022-12-18 15:21:19.423 [info] > git config --get commit.template [41ms]
2022-12-18 15:21:19.429 [info] > git for-each-ref --format=%(refname)%00%(upstream:short)%00%(objectname)%00%(upstream:track)%00%(upstream:remotename)%00%(upstream:remoteref) refs/heads/master refs/remotes/master [9ms]
2022-12-18 15:21:19.501 [info] > git for-each-ref --sort -committerdate --format %(refname) %(objectname) %(*objectname) [9ms]
2022-12-18 15:21:19.662 [info] > git status -z -uall [202ms]
2022-12-18 15:21:24.808 [info] > git config --get commit.template [10ms]
2022-12-18 15:21:24.887 [info] > git for-each-ref --format=%(refname)%00%(upstream:short)%00%(objectname)%00%(upstream:track)%00%(upstream:remotename)%00%(upstream:remoteref) refs/heads/master refs/remotes/master [9ms]
2022-12-18 15:21:25.010 [info] > git for-each-ref --sort -committerdate --format %(refname) %(objectname) %(*objectname) [11ms]
2022-12-18 15:21:25.179 [info] > git status -z -uall [251ms]
2022-12-18 15:21:30.340 [info] > git config --get commit.template [33ms]
2022-12-18 15:21:30.346 [info] > git for-each-ref --format=%(refname)%00%(upstream:short)%00%(objectname)%00%(upstream:track)%00%(upstream:remotename)%00%(upstream:remoteref) refs/heads/master refs/remotes/master [9ms]
2022-12-18 15:21:30.418 [info] > git for-each-ref --sort -committerdate --format %(refname) %(objectname) %(*objectname) [9ms]
2022-12-18 15:21:30.591 [info] > git status -z -uall [216ms]
2022-12-18 15:21:35.744 [info] > git config --get commit.template [32ms]
2022-12-18 15:21:35.750 [info] > git for-each-ref --format=%(refname)%00%(upstream:short)%00%(objectname)%00%(upstream:track)%00%(upstream:remotename)%00%(upstream:remoteref) refs/heads/master refs/remotes/master [8ms]
2022-12-18 15:21:35.821 [info] > git for-each-ref --sort -committerdate --format %(refname) %(objectname) %(*objectname) [10ms]
2022-12-18 15:21:35.988 [info] > git status -z -uall [209ms]
2022-12-18 15:21:40.585 [info] > git config --get commit.template [51ms]
2022-12-18 15:21:40.639 [info] > git for-each-ref --format=%(refname)%00%(upstream:short)%00%(objectname)%00%(upstream:track)%00%(upstream:remotename)%00%(upstream:remoteref) refs/heads/main refs/remotes/main [16ms]
2022-12-18 15:21:40.706 [info] > git status -z -uall [33ms]
2022-12-18 15:21:40.715 [info] > git for-each-ref --sort -committerdate --format %(refname) %(objectname) %(*objectname) [11ms]
2022-12-18 15:21:41.148 [info] > git config --get commit.template [33ms]
2022-12-18 15:21:41.156 [info] > git for-each-ref --format=%(refname)%00%(upstream:short)%00%(objectname)%00%(upstream:track)%00%(upstream:remotename)%00%(upstream:remoteref) refs/heads/master refs/remotes/master [9ms]
2022-12-18 15:21:41.246 [info] > git for-each-ref --sort -committerdate --format %(refname) %(objectname) %(*objectname) [9ms]
2022-12-18 15:21:41.408 [info] > git status -z -uall [218ms]
2022-12-18 15:21:46.565 [info] > git config --get commit.template [44ms]
2022-12-18 15:21:46.574 [info] > git for-each-ref --format=%(refname)%00%(upstream:short)%00%(objectname)%00%(upstream:track)%00%(upstream:remotename)%00%(upstream:remoteref) refs/heads/master refs/remotes/master [15ms]
2022-12-18 15:21:46.735 [info] > git for-each-ref --sort -committerdate --format %(refname) %(objectname) %(*objectname) [25ms]
2022-12-18 15:21:47.044 [info] > git status -z -uall [391ms]
2022-12-18 15:21:52.181 [info] > git config --get commit.template [33ms]
2022-12-18 15:21:52.188 [info] > git for-each-ref --format=%(refname)%00%(upstream:short)%00%(objectname)%00%(upstream:track)%00%(upstream:remotename)%00%(upstream:remoteref) refs/heads/master refs/remotes/master [9ms]
2022-12-18 15:21:52.277 [info] > git for-each-ref --sort -committerdate --format %(refname) %(objectname) %(*objectname) [9ms]
2022-12-18 15:21:52.422 [info] > git status -z -uall [202ms]
2022-12-18 15:21:57.583 [info] > git config --get commit.template [34ms]
2022-12-18 15:21:57.589 [info] > git for-each-ref --format=%(refname)%00%(upstream:short)%00%(objectname)%00%(upstream:track)%00%(upstream:remotename)%00%(upstream:remoteref) refs/heads/master refs/remotes/master [8ms]
2022-12-18 15:21:57.668 [info] > git for-each-ref --sort -committerdate --format %(refname) %(objectname) %(*objectname) [12ms]
2022-12-18 15:21:57.857 [info] > git status -z -uall [234ms]
2022-12-18 15:22:02.975 [info] > git config --get commit.template [43ms]
2022-12-18 15:22:02.981 [info] > git for-each-ref --format=%(refname)%00%(upstream:short)%00%(objectname)%00%(upstream:track)%00%(upstream:remotename)%00%(upstream:remoteref) refs/heads/master refs/remotes/master [10ms]
2022-12-18 15:22:03.076 [info] > git for-each-ref --sort -committerdate --format %(refname) %(objectname) %(*objectname) [11ms]
2022-12-18 15:22:03.252 [info] > git status -z -uall [229ms]
2022-12-18 15:22:08.403 [info] > git config --get commit.template [33ms]
2022-12-18 15:22:08.409 [info] > git for-each-ref --format=%(refname)%00%(upstream:short)%00%(objectname)%00%(upstream:track)%00%(upstream:remotename)%00%(upstream:remoteref) refs/heads/master refs/remotes/master [8ms]
2022-12-18 15:22:08.476 [info] > git for-each-ref --sort -committerdate --format %(refname) %(objectname) %(*objectname) [10ms]
2022-12-18 15:22:08.637 [info] > git status -z -uall [201ms]
2022-12-18 15:22:14.297 [info] > git config --get commit.template [38ms]
2022-12-18 15:22:14.300 [info] > git for-each-ref --format=%(refname)%00%(upstream:short)%00%(objectname)%00%(upstream:track)%00%(upstream:remotename)%00%(upstream:remoteref) refs/heads/master refs/remotes/master [6ms]
2022-12-18 15:22:14.376 [info] > git for-each-ref --sort -committerdate --format %(refname) %(objectname) %(*objectname) [9ms]
2022-12-18 15:22:14.528 [info] > git status -z -uall [197ms]
2022-12-18 15:22:19.675 [info] > git config --get commit.template [32ms]
2022-12-18 15:22:19.681 [info] > git for-each-ref --format=%(refname)%00%(upstream:short)%00%(objectname)%00%(upstream:track)%00%(upstream:remotename)%00%(upstream:remoteref) refs/heads/master refs/remotes/master [8ms]
2022-12-18 15:22:19.754 [info] > git for-each-ref --sort -committerdate --format %(refname) %(objectname) %(*objectname) [10ms]
2022-12-18 15:22:19.912 [info] > git status -z -uall [202ms]
2022-12-18 15:22:25.077 [info] > git config --get commit.template [37ms]
2022-12-18 15:22:25.083 [info] > git for-each-ref --format=%(refname)%00%(upstream:short)%00%(objectname)%00%(upstream:track)%00%(upstream:remotename)%00%(upstream:remoteref) refs/heads/master refs/remotes/master [9ms]
2022-12-18 15:22:25.157 [info] > git for-each-ref --sort -committerdate --format %(refname) %(objectname) %(*objectname) [11ms]
2022-12-18 15:22:25.339 [info] > git status -z -uall [222ms]
2022-12-18 15:22:30.490 [info] > git config --get commit.template [44ms]
2022-12-18 15:22:30.494 [info] > git for-each-ref --format=%(refname)%00%(upstream:short)%00%(objectname)%00%(upstream:track)%00%(upstream:remotename)%00%(upstream:remoteref) refs/heads/master refs/remotes/master [7ms]
2022-12-18 15:22:30.576 [info] > git for-each-ref --sort -committerdate --format %(refname) %(objectname) %(*objectname) [10ms]
2022-12-18 15:22:30.736 [info] > git status -z -uall [212ms]
2022-12-18 15:22:33.369 [info] > git config --get commit.template [44ms]
2022-12-18 15:22:33.379 [info] > git for-each-ref --format=%(refname)%00%(upstream:short)%00%(objectname)%00%(upstream:track)%00%(upstream:remotename)%00%(upstream:remoteref) refs/heads/main refs/remotes/main [12ms]
2022-12-18 15:22:33.468 [info] > git status -z -uall [43ms]
2022-12-18 15:22:33.475 [info] > git for-each-ref --sort -committerdate --format %(refname) %(objectname) %(*objectname) [11ms]
2022-12-18 15:22:35.890 [info] > git config --get commit.template [38ms]
2022-12-18 15:22:35.897 [info] > git for-each-ref --format=%(refname)%00%(upstream:short)%00%(objectname)%00%(upstream:track)%00%(upstream:remotename)%00%(upstream:remoteref) refs/heads/master refs/remotes/master [9ms]
2022-12-18 15:22:35.990 [info] > git for-each-ref --sort -committerdate --format %(refname) %(objectname) %(*objectname) [6ms]
2022-12-18 15:22:36.157 [info] > git status -z -uall [223ms]
2022-12-18 15:22:41.287 [info] > git config --get commit.template [37ms]
2022-12-18 15:22:41.296 [info] > git for-each-ref --format=%(refname)%00%(upstream:short)%00%(objectname)%00%(upstream:track)%00%(upstream:remotename)%00%(upstream:remoteref) refs/heads/master refs/remotes/master [12ms]
2022-12-18 15:22:41.452 [info] > git for-each-ref --sort -committerdate --format %(refname) %(objectname) %(*objectname) [34ms]
2022-12-18 15:22:41.613 [info] > git status -z -uall [267ms]
2022-12-18 15:23:12.043 [info] > git config --get commit.template [41ms]
2022-12-18 15:23:12.051 [info] > git for-each-ref --format=%(refname)%00%(upstream:short)%00%(objectname)%00%(upstream:track)%00%(upstream:remotename)%00%(upstream:remoteref) refs/heads/master refs/remotes/master [11ms]
2022-12-18 15:23:12.145 [info] > git for-each-ref --sort -committerdate --format %(refname) %(objectname) %(*objectname) [13ms]
2022-12-18 15:23:12.356 [info] > git status -z -uall [270ms]
2022-12-18 15:23:17.548 [info] > git config --get commit.template [32ms]
2022-12-18 15:23:17.554 [info] > git for-each-ref --format=%(refname)%00%(upstream:short)%00%(objectname)%00%(upstream:track)%00%(upstream:remotename)%00%(upstream:remoteref) refs/heads/master refs/remotes/master [8ms]
2022-12-18 15:23:17.631 [info] > git for-each-ref --sort -committerdate --format %(refname) %(objectname) %(*objectname) [11ms]
2022-12-18 15:23:17.801 [info] > git status -z -uall [219ms]
2022-12-18 15:23:22.973 [info] > git config --get commit.template [42ms]
2022-12-18 15:23:22.979 [info] > git for-each-ref --format=%(refname)%00%(upstream:short)%00%(objectname)%00%(upstream:track)%00%(upstream:remotename)%00%(upstream:remoteref) refs/heads/master refs/remotes/master [9ms]
2022-12-18 15:23:23.046 [info] > git for-each-ref --sort -committerdate --format %(refname) %(objectname) %(*objectname) [10ms]
2022-12-18 15:23:23.213 [info] > git status -z -uall [206ms]
2022-12-18 15:23:28.346 [info] > git config --get commit.template [34ms]
2022-12-18 15:23:28.353 [info] > git for-each-ref --format=%(refname)%00%(upstream:short)%00%(objectname)%00%(upstream:track)%00%(upstream:remotename)%00%(upstream:remoteref) refs/heads/master refs/remotes/master [8ms]
2022-12-18 15:23:28.424 [info] > git for-each-ref --sort -committerdate --format %(refname) %(objectname) %(*objectname) [10ms]
2022-12-18 15:23:28.583 [info] > git status -z -uall [200ms]
2022-12-18 15:23:33.704 [info] > git config --get commit.template [35ms]
2022-12-18 15:23:33.709 [info] > git for-each-ref --format=%(refname)%00%(upstream:short)%00%(objectname)%00%(upstream:track)%00%(upstream:remotename)%00%(upstream:remoteref) refs/heads/master refs/remotes/master [8ms]
2022-12-18 15:23:33.792 [info] > git for-each-ref --sort -committerdate --format %(refname) %(objectname) %(*objectname) [11ms]
2022-12-18 15:23:33.954 [info] > git status -z -uall [211ms]
2022-12-18 15:23:39.078 [info] > git config --get commit.template [33ms]
2022-12-18 15:23:39.085 [info] > git for-each-ref --format=%(refname)%00%(upstream:short)%00%(objectname)%00%(upstream:track)%00%(upstream:remotename)%00%(upstream:remoteref) refs/heads/master refs/remotes/master [8ms]
2022-12-18 15:23:39.179 [info] > git for-each-ref --sort -committerdate --format %(refname) %(objectname) %(*objectname) [9ms]
2022-12-18 15:23:39.317 [info] > git status -z -uall [202ms]
2022-12-18 15:23:44.464 [info] > git config --get commit.template [39ms]
2022-12-18 15:23:44.469 [info] > git for-each-ref --format=%(refname)%00%(upstream:short)%00%(objectname)%00%(upstream:track)%00%(upstream:remotename)%00%(upstream:remoteref) refs/heads/master refs/remotes/master [7ms]
2022-12-18 15:23:44.550 [info] > git for-each-ref --sort -committerdate --format %(refname) %(objectname) %(*objectname) [9ms]
2022-12-18 15:23:44.716 [info] > git status -z -uall [211ms]
2022-12-18 15:23:49.850 [info] > git config --get commit.template [38ms]
2022-12-18 15:23:49.855 [info] > git for-each-ref --format=%(refname)%00%(upstream:short)%00%(objectname)%00%(upstream:track)%00%(upstream:remotename)%00%(upstream:remoteref) refs/heads/master refs/remotes/master [8ms]
2022-12-18 15:23:49.934 [info] > git for-each-ref --sort -committerdate --format %(refname) %(objectname) %(*objectname) [10ms]
2022-12-18 15:23:50.092 [info] > git status -z -uall [204ms]
2022-12-18 15:23:54.060 [info] > git config --get commit.template [41ms]
2022-12-18 15:23:54.072 [info] > git for-each-ref --format=%(refname)%00%(upstream:short)%00%(objectname)%00%(upstream:track)%00%(upstream:remotename)%00%(upstream:remoteref) refs/heads/main refs/remotes/main [12ms]
2022-12-18 15:23:54.147 [info] > git status -z -uall [39ms]
2022-12-18 15:23:54.156 [info] > git for-each-ref --sort -committerdate --format %(refname) %(objectname) %(*objectname) [11ms]
2022-12-18 15:23:55.246 [info] > git config --get commit.template [44ms]
2022-12-18 15:23:55.253 [info] > git for-each-ref --format=%(refname)%00%(upstream:short)%00%(objectname)%00%(upstream:track)%00%(upstream:remotename)%00%(upstream:remoteref) refs/heads/master refs/remotes/master [9ms]
2022-12-18 15:23:55.372 [info] > git for-each-ref --sort -committerdate --format %(refname) %(objectname) %(*objectname) [10ms]
2022-12-18 15:23:55.515 [info] > git status -z -uall [213ms]
2022-12-18 15:24:00.656 [info] > git config --get commit.template [41ms]
2022-12-18 15:24:00.663 [info] > git for-each-ref --format=%(refname)%00%(upstream:short)%00%(objectname)%00%(upstream:track)%00%(upstream:remotename)%00%(upstream:remoteref) refs/heads/master refs/remotes/master [9ms]
2022-12-18 15:24:00.750 [info] > git for-each-ref --sort -committerdate --format %(refname) %(objectname) %(*objectname) [14ms]
2022-12-18 15:24:00.914 [info] > git status -z -uall [215ms]
2022-12-18 15:24:06.057 [info] > git config --get commit.template [50ms]
2022-12-18 15:24:06.063 [info] > git for-each-ref --format=%(refname)%00%(upstream:short)%00%(objectname)%00%(upstream:track)%00%(upstream:remotename)%00%(upstream:remoteref) refs/heads/master refs/remotes/master [8ms]
2022-12-18 15:24:06.175 [info] > git for-each-ref --sort -committerdate --format %(refname) %(objectname) %(*objectname) [8ms]
2022-12-18 15:24:06.322 [info] > git status -z -uall [220ms]
2022-12-18 15:24:11.492 [info] > git config --get commit.template [53ms]
2022-12-18 15:24:11.498 [info] > git for-each-ref --format=%(refname)%00%(upstream:short)%00%(objectname)%00%(upstream:track)%00%(upstream:remotename)%00%(upstream:remoteref) refs/heads/master refs/remotes/master [9ms]
2022-12-18 15:24:11.608 [info] > git for-each-ref --sort -committerdate --format %(refname) %(objectname) %(*objectname) [8ms]
2022-12-18 15:24:11.753 [info] > git status -z -uall [210ms]
2022-12-18 15:24:16.886 [info] > git config --get commit.template [55ms]
2022-12-18 15:24:16.894 [info] > git for-each-ref --format=%(refname)%00%(upstream:short)%00%(objectname)%00%(upstream:track)%00%(upstream:remotename)%00%(upstream:remoteref) refs/heads/master refs/remotes/master [11ms]
2022-12-18 15:24:16.996 [info] > git for-each-ref --sort -committerdate --format %(refname) %(objectname) %(*objectname) [14ms]
2022-12-18 15:24:17.163 [info] > git status -z -uall [230ms]
2022-12-18 15:24:22.321 [info] > git config --get commit.template [75ms]
2022-12-18 15:24:22.325 [info] > git for-each-ref --format=%(refname)%00%(upstream:short)%00%(objectname)%00%(upstream:track)%00%(upstream:remotename)%00%(upstream:remoteref) refs/heads/master refs/remotes/master [6ms]
2022-12-18 15:24:22.452 [info] > git for-each-ref --sort -committerdate --format %(refname) %(objectname) %(*objectname) [13ms]
2022-12-18 15:24:22.635 [info] > git status -z -uall [255ms]
2022-12-18 15:24:27.772 [info] > git config --get commit.template [51ms]
2022-12-18 15:24:27.778 [info] > git for-each-ref --format=%(refname)%00%(upstream:short)%00%(objectname)%00%(upstream:track)%00%(upstream:remotename)%00%(upstream:remoteref) refs/heads/master refs/remotes/master [8ms]
2022-12-18 15:24:27.902 [info] > git for-each-ref --sort -committerdate --format %(refname) %(objectname) %(*objectname) [12ms]
2022-12-18 15:24:28.085 [info] > git status -z -uall [260ms]
