2022-12-16 11:54:39.157 [info] Extension host with pid 97 started
2022-12-16 11:54:39.229 [error] Error: EEXIST: file already exists, open '/home/karolart/.vscode-server/data/User/workspaceStorage/e87297d80ed91d9a981cbfb24e7a1840/vscode.lock'
2022-12-16 11:54:39.426 [info] Lock '/home/karolart/.vscode-server/data/User/workspaceStorage/e87297d80ed91d9a981cbfb24e7a1840/vscode.lock': Could not acquire lock, checking if the file is stale.
2022-12-16 11:54:39.732 [info] Lock '/home/karolart/.vscode-server/data/User/workspaceStorage/e87297d80ed91d9a981cbfb24e7a1840/vscode.lock': The pid 120 appears to be gone.
2022-12-16 11:54:39.732 [info] Lock '/home/karolart/.vscode-server/data/User/workspaceStorage/e87297d80ed91d9a981cbfb24e7a1840/vscode.lock': Deleting a stale lock.
2022-12-16 11:54:40.779 [info] ExtensionService#_doActivateExtension vscode.html-language-features, startup: false, activationEvent: 'onLanguage:html'
2022-12-16 11:54:40.789 [info] ExtensionService#_doActivateExtension vscode.git-base, startup: true, activationEvent: '*', root cause: vscode.git
2022-12-16 11:54:42.331 [info] Lock '/home/karolart/.vscode-server/data/User/workspaceStorage/e87297d80ed91d9a981cbfb24e7a1840/vscode.lock': Lock acquired.
2022-12-16 11:54:43.249 [info] ExtensionService#_doActivateExtension vscode.git, startup: true, activationEvent: '*'
2022-12-16 11:54:43.251 [info] ExtensionService#_doActivateExtension vscode.github, startup: true, activationEvent: '*'
2022-12-16 11:54:47.085 [info] ExtensionService#_doActivateExtension vscode.debug-auto-launch, startup: false, activationEvent: 'onStartupFinished'
2022-12-16 11:54:47.088 [info] ExtensionService#_doActivateExtension vscode.emmet, startup: false, activationEvent: 'onStartupFinished'
2022-12-16 11:54:47.089 [info] ExtensionService#_doActivateExtension vscode.merge-conflict, startup: false, activationEvent: 'onStartupFinished'
2022-12-16 11:54:47.091 [info] Eager extensions activated
2022-12-16 11:54:48.644 [info] ExtensionService#_doActivateExtension vscode.configuration-editing, startup: false, activationEvent: 'onLanguage:jsonc'
2022-12-16 11:54:48.696 [info] ExtensionService#_doActivateExtension vscode.json-language-features, startup: false, activationEvent: 'onLanguage:jsonc'
2022-12-16 11:54:48.698 [info] ExtensionService#_doActivateExtension vscode.typescript-language-features, startup: false, activationEvent: 'onLanguage:jsonc'
2022-12-16 11:54:52.610 [warning] [Decorations] CAPPING events from decorations provider vscode.git 1828
2022-12-16 11:54:56.189 [warning] [Decorations] CAPPING events from decorations provider vscode.git 1829
2022-12-16 11:56:19.123 [warning] [Decorations] CAPPING events from decorations provider vscode.git 1829
2022-12-16 11:57:15.321 [warning] [Decorations] CAPPING events from decorations provider vscode.git 1829
2022-12-16 11:58:13.441 [warning] [Decorations] CAPPING events from decorations provider vscode.git 1829
2022-12-16 11:58:19.397 [warning] [Decorations] CAPPING events from decorations provider vscode.git 1829
2022-12-16 11:58:24.914 [warning] [Decorations] CAPPING events from decorations provider vscode.git 1829
2022-12-16 11:58:30.738 [warning] [Decorations] CAPPING events from decorations provider vscode.git 1829
2022-12-16 11:58:36.235 [warning] [Decorations] CAPPING events from decorations provider vscode.git 1829
2022-12-16 11:58:41.844 [warning] [Decorations] CAPPING events from decorations provider vscode.git 1830
2022-12-16 11:58:47.457 [warning] [Decorations] CAPPING events from decorations provider vscode.git 1830
2022-12-16 11:58:53.006 [warning] [Decorations] CAPPING events from decorations provider vscode.git 1830
2022-12-16 11:58:58.768 [warning] [Decorations] CAPPING events from decorations provider vscode.git 1830
2022-12-16 11:59:04.545 [warning] [Decorations] CAPPING events from decorations provider vscode.git 1830
2022-12-16 11:59:10.301 [warning] [Decorations] CAPPING events from decorations provider vscode.git 1830
2022-12-16 11:59:16.076 [warning] [Decorations] CAPPING events from decorations provider vscode.git 1830
2022-12-16 11:59:21.832 [warning] [Decorations] CAPPING events from decorations provider vscode.git 1830
2022-12-16 11:59:28.198 [warning] [Decorations] CAPPING events from decorations provider vscode.git 1830
2022-12-16 12:01:24.108 [warning] [Decorations] CAPPING events from decorations provider vscode.git 1830
2022-12-16 12:02:28.599 [warning] [Decorations] CAPPING events from decorations provider vscode.git 1830
2022-12-16 12:02:34.313 [warning] [Decorations] CAPPING events from decorations provider vscode.git 1830
2022-12-16 12:02:40.016 [warning] [Decorations] CAPPING events from decorations provider vscode.git 1830
2022-12-16 12:02:45.865 [warning] [Decorations] CAPPING events from decorations provider vscode.git 1830
2022-12-16 12:02:51.591 [warning] [Decorations] CAPPING events from decorations provider vscode.git 1830
2022-12-16 12:02:57.369 [warning] [Decorations] CAPPING events from decorations provider vscode.git 1830
2022-12-16 12:03:03.667 [warning] [Decorations] CAPPING events from decorations provider vscode.git 1830
2022-12-16 12:03:10.435 [warning] [Decorations] CAPPING events from decorations provider vscode.git 1830
2022-12-16 12:03:17.437 [warning] [Decorations] CAPPING events from decorations provider vscode.git 1830
2022-12-16 12:03:24.368 [warning] [Decorations] CAPPING events from decorations provider vscode.git 1830
2022-12-16 12:03:30.996 [warning] [Decorations] CAPPING events from decorations provider vscode.git 1830
2022-12-16 12:03:36.943 [warning] [Decorations] CAPPING events from decorations provider vscode.git 1830
2022-12-16 12:03:43.394 [warning] [Decorations] CAPPING events from decorations provider vscode.git 1831
2022-12-16 12:03:50.251 [warning] [Decorations] CAPPING events from decorations provider vscode.git 1831
2022-12-16 12:03:56.419 [warning] [Decorations] CAPPING events from decorations provider vscode.git 1831
2022-12-16 12:04:01.835 [warning] [Decorations] CAPPING events from decorations provider vscode.git 1831
2022-12-16 12:05:09.177 [warning] [Decorations] CAPPING events from decorations provider vscode.git 1831
2022-12-16 12:05:44.075 [warning] [Decorations] CAPPING events from decorations provider vscode.git 1831
2022-12-16 12:05:49.676 [warning] [Decorations] CAPPING events from decorations provider vscode.git 1831
2022-12-16 12:05:55.123 [warning] [Decorations] CAPPING events from decorations provider vscode.git 1831
2022-12-16 12:06:00.578 [warning] [Decorations] CAPPING events from decorations provider vscode.git 1831
2022-12-16 12:06:06.007 [warning] [Decorations] CAPPING events from decorations provider vscode.git 1832
2022-12-16 12:06:11.404 [warning] [Decorations] CAPPING events from decorations provider vscode.git 1832
2022-12-16 12:06:16.807 [warning] [Decorations] CAPPING events from decorations provider vscode.git 1832
2022-12-16 12:06:22.906 [warning] [Decorations] CAPPING events from decorations provider vscode.git 1832
2022-12-16 12:07:22.879 [warning] [Decorations] CAPPING events from decorations provider vscode.git 1832
2022-12-16 12:07:28.300 [warning] [Decorations] CAPPING events from decorations provider vscode.git 1832
2022-12-16 12:08:24.492 [warning] [Decorations] CAPPING events from decorations provider vscode.git 1832
2022-12-16 12:08:29.826 [warning] [Decorations] CAPPING events from decorations provider vscode.git 1832
2022-12-16 12:08:35.237 [warning] [Decorations] CAPPING events from decorations provider vscode.git 1832
2022-12-16 12:08:40.611 [warning] [Decorations] CAPPING events from decorations provider vscode.git 1832
2022-12-16 12:08:46.024 [warning] [Decorations] CAPPING events from decorations provider vscode.git 1832
2022-12-16 12:08:51.465 [warning] [Decorations] CAPPING events from decorations provider vscode.git 1833
2022-12-16 12:10:04.603 [warning] [Decorations] CAPPING events from decorations provider vscode.git 1833
2022-12-16 12:10:09.983 [warning] [Decorations] CAPPING events from decorations provider vscode.git 1833
2022-12-16 12:10:15.509 [warning] [Decorations] CAPPING events from decorations provider vscode.git 1833
2022-12-16 12:10:44.944 [warning] [Decorations] CAPPING events from decorations provider vscode.git 1833
2022-12-16 12:10:50.317 [warning] [Decorations] CAPPING events from decorations provider vscode.git 1835
2022-12-16 12:10:55.775 [warning] [Decorations] CAPPING events from decorations provider vscode.git 1835
2022-12-16 12:11:01.167 [warning] [Decorations] CAPPING events from decorations provider vscode.git 1835
2022-12-16 12:11:06.645 [warning] [Decorations] CAPPING events from decorations provider vscode.git 1835
2022-12-16 12:11:18.021 [warning] [Decorations] CAPPING events from decorations provider vscode.git 1835
2022-12-16 12:11:23.477 [warning] [Decorations] CAPPING events from decorations provider vscode.git 1835
2022-12-16 12:12:02.157 [warning] [Decorations] CAPPING events from decorations provider vscode.git 1835
2022-12-16 12:12:07.529 [warning] [Decorations] CAPPING events from decorations provider vscode.git 1835
2022-12-16 12:12:13.108 [warning] [Decorations] CAPPING events from decorations provider vscode.git 1835
2022-12-16 12:12:21.501 [warning] [Decorations] CAPPING events from decorations provider vscode.git 1835
2022-12-16 12:12:27.103 [warning] [Decorations] CAPPING events from decorations provider vscode.git 1835
2022-12-16 12:13:46.912 [warning] [Decorations] CAPPING events from decorations provider vscode.git 1835
2022-12-16 12:13:52.365 [warning] [Decorations] CAPPING events from decorations provider vscode.git 1835
2022-12-16 12:13:57.853 [warning] [Decorations] CAPPING events from decorations provider vscode.git 1837
2022-12-16 12:14:03.291 [warning] [Decorations] CAPPING events from decorations provider vscode.git 1837
2022-12-16 12:14:08.797 [warning] [Decorations] CAPPING events from decorations provider vscode.git 1837
2022-12-16 12:14:14.273 [warning] [Decorations] CAPPING events from decorations provider vscode.git 1837
2022-12-16 12:14:19.711 [warning] [Decorations] CAPPING events from decorations provider vscode.git 1837
2022-12-16 12:14:29.583 [warning] [Decorations] CAPPING events from decorations provider vscode.git 1837
2022-12-16 12:14:35.220 [warning] [Decorations] CAPPING events from decorations provider vscode.git 1837
2022-12-16 12:15:10.653 [warning] [Decorations] CAPPING events from decorations provider vscode.git 1837
2022-12-16 12:15:16.105 [warning] [Decorations] CAPPING events from decorations provider vscode.git 1839
2022-12-16 12:15:21.603 [warning] [Decorations] CAPPING events from decorations provider vscode.git 1839
2022-12-16 12:15:27.045 [warning] [Decorations] CAPPING events from decorations provider vscode.git 1839
2022-12-16 12:15:36.567 [warning] [Decorations] CAPPING events from decorations provider vscode.git 1839
2022-12-16 12:15:45.303 [warning] [Decorations] CAPPING events from decorations provider vscode.git 1839
2022-12-16 12:15:51.001 [warning] [Decorations] CAPPING events from decorations provider vscode.git 1839
2022-12-16 12:16:25.429 [warning] [Decorations] CAPPING events from decorations provider vscode.git 1839
2022-12-16 12:16:30.873 [warning] [Decorations] CAPPING events from decorations provider vscode.git 1839
2022-12-16 12:16:50.126 [warning] [Decorations] CAPPING events from decorations provider vscode.git 1839
2022-12-16 12:16:55.895 [warning] [Decorations] CAPPING events from decorations provider vscode.git 1841
2022-12-16 12:17:10.950 [warning] [Decorations] CAPPING events from decorations provider vscode.git 1841
2022-12-16 12:17:16.534 [warning] [Decorations] CAPPING events from decorations provider vscode.git 1841
2022-12-16 12:17:26.099 [warning] [Decorations] CAPPING events from decorations provider vscode.git 1841
2022-12-16 12:17:43.289 [warning] [Decorations] CAPPING events from decorations provider vscode.git 1841
2022-12-16 12:17:48.804 [warning] [Decorations] CAPPING events from decorations provider vscode.git 1841
2022-12-16 12:17:54.216 [warning] [Decorations] CAPPING events from decorations provider vscode.git 1843
2022-12-16 12:17:59.703 [warning] [Decorations] CAPPING events from decorations provider vscode.git 1843
2022-12-16 12:18:05.164 [warning] [Decorations] CAPPING events from decorations provider vscode.git 1843
2022-12-16 12:18:12.098 [warning] [Decorations] CAPPING events from decorations provider vscode.git 1843
2022-12-16 12:18:22.648 [warning] [Decorations] CAPPING events from decorations provider vscode.git 1843
2022-12-16 12:18:28.787 [warning] [Decorations] CAPPING events from decorations provider vscode.git 1843
2022-12-16 12:18:34.267 [warning] [Decorations] CAPPING events from decorations provider vscode.git 1843
2022-12-16 12:18:39.791 [warning] [Decorations] CAPPING events from decorations provider vscode.git 1843
2022-12-16 12:18:45.313 [warning] [Decorations] CAPPING events from decorations provider vscode.git 1843
2022-12-16 12:18:50.954 [warning] [Decorations] CAPPING events from decorations provider vscode.git 1843
2022-12-16 12:18:56.451 [warning] [Decorations] CAPPING events from decorations provider vscode.git 1843
2022-12-16 12:19:01.952 [warning] [Decorations] CAPPING events from decorations provider vscode.git 1843
2022-12-16 12:24:17.522 [warning] [Decorations] CAPPING events from decorations provider vscode.git 1843
2022-12-16 12:24:42.031 [warning] [Decorations] CAPPING events from decorations provider vscode.git 1843
2022-12-16 12:24:47.539 [warning] [Decorations] CAPPING events from decorations provider vscode.git 1843
2022-12-16 12:25:05.554 [warning] [Decorations] CAPPING events from decorations provider vscode.git 1843
2022-12-16 12:25:10.992 [warning] [Decorations] CAPPING events from decorations provider vscode.git 1843
2022-12-16 12:25:16.585 [warning] [Decorations] CAPPING events from decorations provider vscode.git 1843
2022-12-16 12:25:22.025 [warning] [Decorations] CAPPING events from decorations provider vscode.git 1843
2022-12-16 12:25:27.826 [warning] [Decorations] CAPPING events from decorations provider vscode.git 1843
2022-12-16 12:25:53.342 [warning] [Decorations] CAPPING events from decorations provider vscode.git 1843
2022-12-16 12:25:58.719 [warning] [Decorations] CAPPING events from decorations provider vscode.git 1843
2022-12-16 12:26:04.404 [warning] [Decorations] CAPPING events from decorations provider vscode.git 1844
2022-12-16 12:26:11.430 [warning] [Decorations] CAPPING events from decorations provider vscode.git 1844
2022-12-16 12:26:32.006 [warning] [Decorations] CAPPING events from decorations provider vscode.git 1843
2022-12-16 12:26:37.696 [warning] [Decorations] CAPPING events from decorations provider vscode.git 1845
2022-12-16 12:27:14.579 [warning] [Decorations] CAPPING events from decorations provider vscode.git 1845
2022-12-16 12:27:20.527 [warning] [Decorations] CAPPING events from decorations provider vscode.git 1845
2022-12-16 12:27:33.319 [warning] [Decorations] CAPPING events from decorations provider vscode.git 1845
2022-12-16 12:27:38.730 [warning] [Decorations] CAPPING events from decorations provider vscode.git 1847
2022-12-16 12:27:44.198 [warning] [Decorations] CAPPING events from decorations provider vscode.git 1847
2022-12-16 12:27:50.639 [warning] [Decorations] CAPPING events from decorations provider vscode.git 1847
2022-12-16 12:28:02.573 [warning] [Decorations] CAPPING events from decorations provider vscode.git 1847
2022-12-16 12:28:15.917 [warning] [Decorations] CAPPING events from decorations provider vscode.git 1847
2022-12-16 12:28:26.538 [warning] [Decorations] CAPPING events from decorations provider vscode.git 1847
2022-12-16 12:28:33.285 [warning] [Decorations] CAPPING events from decorations provider vscode.git 1847
2022-12-16 12:28:38.792 [warning] [Decorations] CAPPING events from decorations provider vscode.git 1847
2022-12-16 12:29:05.768 [warning] [Decorations] CAPPING events from decorations provider vscode.git 1847
2022-12-16 12:29:11.461 [warning] [Decorations] CAPPING events from decorations provider vscode.git 1847
2022-12-16 12:29:28.475 [warning] [Decorations] CAPPING events from decorations provider vscode.git 1847
2022-12-16 12:29:33.968 [warning] [Decorations] CAPPING events from decorations provider vscode.git 1847
2022-12-16 12:29:52.744 [warning] [Decorations] CAPPING events from decorations provider vscode.git 1847
2022-12-16 12:29:58.263 [warning] [Decorations] CAPPING events from decorations provider vscode.git 1847
2022-12-16 12:30:18.953 [warning] [Decorations] CAPPING events from decorations provider vscode.git 1847
2022-12-16 12:30:32.240 [warning] [Decorations] CAPPING events from decorations provider vscode.git 1847
2022-12-16 12:30:37.592 [warning] [Decorations] CAPPING events from decorations provider vscode.git 1847
2022-12-16 12:30:43.582 [warning] [Decorations] CAPPING events from decorations provider vscode.git 1847
2022-12-16 12:30:49.118 [warning] [Decorations] CAPPING events from decorations provider vscode.git 1847
2022-12-16 12:30:58.914 [warning] [Decorations] CAPPING events from decorations provider vscode.git 1847
2022-12-16 12:31:21.686 [warning] [Decorations] CAPPING events from decorations provider vscode.git 1847
2022-12-16 12:31:27.223 [warning] [Decorations] CAPPING events from decorations provider vscode.git 1849
2022-12-16 12:31:32.685 [warning] [Decorations] CAPPING events from decorations provider vscode.git 1849
2022-12-16 12:32:32.906 [warning] [Decorations] CAPPING events from decorations provider vscode.git 1849
2022-12-16 12:32:38.307 [warning] [Decorations] CAPPING events from decorations provider vscode.git 1849
2022-12-16 12:32:43.917 [warning] [Decorations] CAPPING events from decorations provider vscode.git 1849
2022-12-16 12:33:09.278 [warning] [Decorations] CAPPING events from decorations provider vscode.git 1849
2022-12-16 12:33:20.340 [warning] [Decorations] CAPPING events from decorations provider vscode.git 1849
2022-12-16 12:33:25.719 [warning] [Decorations] CAPPING events from decorations provider vscode.git 1849
2022-12-16 12:33:31.722 [warning] [Decorations] CAPPING events from decorations provider vscode.git 1849
2022-12-16 12:33:37.143 [warning] [Decorations] CAPPING events from decorations provider vscode.git 1849
2022-12-16 12:34:38.216 [warning] [Decorations] CAPPING events from decorations provider vscode.git 1849
2022-12-16 12:34:43.609 [warning] [Decorations] CAPPING events from decorations provider vscode.git 1849
2022-12-16 12:34:49.080 [warning] [Decorations] CAPPING events from decorations provider vscode.git 1849
2022-12-16 12:34:54.577 [warning] [Decorations] CAPPING events from decorations provider vscode.git 1849
2022-12-16 12:35:00.007 [warning] [Decorations] CAPPING events from decorations provider vscode.git 1849
2022-12-16 12:35:05.503 [warning] [Decorations] CAPPING events from decorations provider vscode.git 1849
2022-12-16 12:35:18.354 [warning] [Decorations] CAPPING events from decorations provider vscode.git 1849
2022-12-16 12:35:27.063 [warning] [Decorations] CAPPING events from decorations provider vscode.git 1849
2022-12-16 12:35:37.148 [warning] [Decorations] CAPPING events from decorations provider vscode.git 1849
2022-12-16 12:35:43.843 [warning] [Decorations] CAPPING events from decorations provider vscode.git 1849
2022-12-16 12:35:49.310 [warning] [Decorations] CAPPING events from decorations provider vscode.git 1849
2022-12-16 12:35:54.818 [warning] [Decorations] CAPPING events from decorations provider vscode.git 1849
2022-12-16 12:36:52.511 [warning] [Decorations] CAPPING events from decorations provider vscode.git 1849
2022-12-16 12:36:57.951 [warning] [Decorations] CAPPING events from decorations provider vscode.git 1849
2022-12-16 12:37:03.363 [warning] [Decorations] CAPPING events from decorations provider vscode.git 1849
2022-12-16 12:37:08.788 [warning] [Decorations] CAPPING events from decorations provider vscode.git 1849
2022-12-16 12:37:14.172 [warning] [Decorations] CAPPING events from decorations provider vscode.git 1849
2022-12-16 12:38:42.649 [warning] [Decorations] CAPPING events from decorations provider vscode.git 1849
2022-12-16 12:38:48.038 [warning] [Decorations] CAPPING events from decorations provider vscode.git 1849
2022-12-16 12:38:53.460 [warning] [Decorations] CAPPING events from decorations provider vscode.git 1849
2022-12-16 12:38:59.351 [warning] [Decorations] CAPPING events from decorations provider vscode.git 1849
2022-12-16 12:39:05.637 [warning] [Decorations] CAPPING events from decorations provider vscode.git 1849
2022-12-16 12:39:17.472 [warning] [Decorations] CAPPING events from decorations provider vscode.git 1849
2022-12-16 12:39:22.970 [warning] [Decorations] CAPPING events from decorations provider vscode.git 1849
2022-12-16 12:39:28.409 [warning] [Decorations] CAPPING events from decorations provider vscode.git 1849
2022-12-16 12:39:34.017 [warning] [Decorations] CAPPING events from decorations provider vscode.git 1851
2022-12-16 12:39:50.498 [warning] [Decorations] CAPPING events from decorations provider vscode.git 1851
2022-12-16 12:39:55.991 [warning] [Decorations] CAPPING events from decorations provider vscode.git 1851
2022-12-16 12:40:01.380 [warning] [Decorations] CAPPING events from decorations provider vscode.git 1851
2022-12-16 12:40:06.836 [warning] [Decorations] CAPPING events from decorations provider vscode.git 1851
2022-12-16 12:40:12.201 [warning] [Decorations] CAPPING events from decorations provider vscode.git 1851
2022-12-16 12:40:17.675 [warning] [Decorations] CAPPING events from decorations provider vscode.git 1851
2022-12-16 12:40:23.223 [warning] [Decorations] CAPPING events from decorations provider vscode.git 1851
2022-12-16 12:40:28.676 [warning] [Decorations] CAPPING events from decorations provider vscode.git 1851
2022-12-16 12:40:34.112 [warning] [Decorations] CAPPING events from decorations provider vscode.git 1851
2022-12-16 12:40:39.561 [warning] [Decorations] CAPPING events from decorations provider vscode.git 1851
2022-12-16 12:40:49.084 [warning] [Decorations] CAPPING events from decorations provider vscode.git 1851
2022-12-16 12:40:54.538 [warning] [Decorations] CAPPING events from decorations provider vscode.git 1852
2022-12-16 12:41:00.044 [warning] [Decorations] CAPPING events from decorations provider vscode.git 1852
2022-12-16 12:41:05.515 [warning] [Decorations] CAPPING events from decorations provider vscode.git 1852
2022-12-16 12:41:11.336 [warning] [Decorations] CAPPING events from decorations provider vscode.git 1852
2022-12-16 12:41:16.849 [warning] [Decorations] CAPPING events from decorations provider vscode.git 1852
2022-12-16 12:41:22.422 [warning] [Decorations] CAPPING events from decorations provider vscode.git 1852
2022-12-16 12:41:28.063 [warning] [Decorations] CAPPING events from decorations provider vscode.git 1852
2022-12-16 12:49:07.183 [warning] [Decorations] CAPPING events from decorations provider vscode.git 1852
2022-12-16 12:49:12.555 [warning] [Decorations] CAPPING events from decorations provider vscode.git 1852
2022-12-16 12:49:17.978 [warning] [Decorations] CAPPING events from decorations provider vscode.git 1852
2022-12-16 12:49:23.379 [warning] [Decorations] CAPPING events from decorations provider vscode.git 1852
2022-12-16 12:49:28.813 [warning] [Decorations] CAPPING events from decorations provider vscode.git 1852
2022-12-16 12:49:34.214 [warning] [Decorations] CAPPING events from decorations provider vscode.git 1852
2022-12-16 12:49:39.664 [warning] [Decorations] CAPPING events from decorations provider vscode.git 1852
2022-12-16 12:49:45.172 [warning] [Decorations] CAPPING events from decorations provider vscode.git 1852
2022-12-16 12:49:50.607 [warning] [Decorations] CAPPING events from decorations provider vscode.git 1852
2022-12-16 12:49:56.015 [warning] [Decorations] CAPPING events from decorations provider vscode.git 1852
2022-12-16 12:50:01.551 [warning] [Decorations] CAPPING events from decorations provider vscode.git 1852
2022-12-16 12:50:27.086 [warning] [Decorations] CAPPING events from decorations provider vscode.git 1852
2022-12-16 12:50:32.587 [warning] [Decorations] CAPPING events from decorations provider vscode.git 1852
2022-12-16 12:50:38.209 [warning] [Decorations] CAPPING events from decorations provider vscode.git 1852
2022-12-16 12:50:43.818 [warning] [Decorations] CAPPING events from decorations provider vscode.git 1852
2022-12-16 12:50:49.336 [warning] [Decorations] CAPPING events from decorations provider vscode.git 1852
2022-12-16 12:50:54.825 [warning] [Decorations] CAPPING events from decorations provider vscode.git 1852
2022-12-16 12:51:00.272 [warning] [Decorations] CAPPING events from decorations provider vscode.git 1852
2022-12-16 12:51:05.722 [warning] [Decorations] CAPPING events from decorations provider vscode.git 1852
2022-12-16 12:51:11.513 [warning] [Decorations] CAPPING events from decorations provider vscode.git 1852
2022-12-16 12:51:21.057 [warning] [Decorations] CAPPING events from decorations provider vscode.git 1852
2022-12-16 12:51:26.888 [warning] [Decorations] CAPPING events from decorations provider vscode.git 1852
2022-12-16 12:51:39.655 [warning] [Decorations] CAPPING events from decorations provider vscode.git 1852
2022-12-16 12:51:45.264 [warning] [Decorations] CAPPING events from decorations provider vscode.git 1852
2022-12-16 12:51:50.864 [warning] [Decorations] CAPPING events from decorations provider vscode.git 1852
2022-12-16 12:51:56.334 [warning] [Decorations] CAPPING events from decorations provider vscode.git 1852
2022-12-16 12:52:02.095 [warning] [Decorations] CAPPING events from decorations provider vscode.git 1852
2022-12-16 12:52:29.922 [warning] [Decorations] CAPPING events from decorations provider vscode.git 1852
2022-12-16 12:52:35.413 [warning] [Decorations] CAPPING events from decorations provider vscode.git 1852
2022-12-16 12:52:40.840 [warning] [Decorations] CAPPING events from decorations provider vscode.git 1852
2022-12-16 12:52:52.102 [warning] [Decorations] CAPPING events from decorations provider vscode.git 1852
2022-12-16 12:52:57.593 [warning] [Decorations] CAPPING events from decorations provider vscode.git 1852
2022-12-16 12:53:03.178 [warning] [Decorations] CAPPING events from decorations provider vscode.git 1852
2022-12-16 12:53:12.928 [warning] [Decorations] CAPPING events from decorations provider vscode.git 1852
2022-12-16 12:53:18.441 [warning] [Decorations] CAPPING events from decorations provider vscode.git 1852
2022-12-16 12:53:23.901 [warning] [Decorations] CAPPING events from decorations provider vscode.git 1852
2022-12-16 12:53:29.378 [warning] [Decorations] CAPPING events from decorations provider vscode.git 1852
2022-12-16 12:53:34.821 [warning] [Decorations] CAPPING events from decorations provider vscode.git 1852
2022-12-16 12:53:40.400 [warning] [Decorations] CAPPING events from decorations provider vscode.git 1852
2022-12-16 12:53:46.265 [warning] [Decorations] CAPPING events from decorations provider vscode.git 1854
2022-12-16 12:53:51.849 [warning] [Decorations] CAPPING events from decorations provider vscode.git 1854
2022-12-16 12:53:57.993 [warning] [Decorations] CAPPING events from decorations provider vscode.git 1854
2022-12-16 12:54:05.540 [warning] [Decorations] CAPPING events from decorations provider vscode.git 1854
2022-12-16 12:54:34.251 [warning] [Decorations] CAPPING events from decorations provider vscode.git 1854
2022-12-16 12:54:39.848 [warning] [Decorations] CAPPING events from decorations provider vscode.git 1854
2022-12-16 12:54:45.394 [warning] [Decorations] CAPPING events from decorations provider vscode.git 1854
2022-12-16 12:54:50.828 [warning] [Decorations] CAPPING events from decorations provider vscode.git 1854
2022-12-16 12:54:56.259 [warning] [Decorations] CAPPING events from decorations provider vscode.git 1862
2022-12-16 12:55:01.728 [warning] [Decorations] CAPPING events from decorations provider vscode.git 1862
2022-12-16 12:55:08.368 [warning] [Decorations] CAPPING events from decorations provider vscode.git 1862
2022-12-16 12:55:13.926 [warning] [Decorations] CAPPING events from decorations provider vscode.git 1862
2022-12-16 12:55:19.407 [warning] [Decorations] CAPPING events from decorations provider vscode.git 1862
2022-12-16 12:56:47.551 [warning] [Decorations] CAPPING events from decorations provider vscode.git 1862
2022-12-16 12:56:53.003 [warning] [Decorations] CAPPING events from decorations provider vscode.git 1862
2022-12-16 12:56:58.549 [warning] [Decorations] CAPPING events from decorations provider vscode.git 1862
2022-12-16 12:57:04.035 [warning] [Decorations] CAPPING events from decorations provider vscode.git 1862
2022-12-16 12:57:09.563 [warning] [Decorations] CAPPING events from decorations provider vscode.git 1862
2022-12-16 12:57:15.017 [warning] [Decorations] CAPPING events from decorations provider vscode.git 1863
2022-12-16 12:57:22.046 [warning] [Decorations] CAPPING events from decorations provider vscode.git 1863
2022-12-16 12:58:44.689 [warning] [Decorations] CAPPING events from decorations provider vscode.git 1863
2022-12-16 12:59:02.825 [warning] [Decorations] CAPPING events from decorations provider vscode.git 1863
2022-12-16 12:59:08.335 [warning] [Decorations] CAPPING events from decorations provider vscode.git 1863
2022-12-16 12:59:14.055 [warning] [Decorations] CAPPING events from decorations provider vscode.git 1863
2022-12-16 12:59:19.554 [warning] [Decorations] CAPPING events from decorations provider vscode.git 1863
2022-12-16 12:59:34.013 [warning] [Decorations] CAPPING events from decorations provider vscode.git 1863
2022-12-16 12:59:39.731 [warning] [Decorations] CAPPING events from decorations provider vscode.git 1863
2022-12-16 12:59:50.756 [warning] [Decorations] CAPPING events from decorations provider vscode.git 1863
2022-12-16 13:00:03.575 [warning] [Decorations] CAPPING events from decorations provider vscode.git 1863
2022-12-16 13:00:09.112 [warning] [Decorations] CAPPING events from decorations provider vscode.git 1865
2022-12-16 13:00:14.791 [warning] [Decorations] CAPPING events from decorations provider vscode.git 1865
2022-12-16 13:00:20.465 [warning] [Decorations] CAPPING events from decorations provider vscode.git 1865
2022-12-16 13:00:26.016 [warning] [Decorations] CAPPING events from decorations provider vscode.git 1865
2022-12-16 13:00:31.649 [warning] [Decorations] CAPPING events from decorations provider vscode.git 1865
2022-12-16 13:00:37.217 [warning] [Decorations] CAPPING events from decorations provider vscode.git 1865
2022-12-16 13:00:42.694 [warning] [Decorations] CAPPING events from decorations provider vscode.git 1865
2022-12-16 13:00:54.057 [warning] [Decorations] CAPPING events from decorations provider vscode.git 1865
2022-12-16 13:00:59.531 [warning] [Decorations] CAPPING events from decorations provider vscode.git 1865
2022-12-16 13:01:12.506 [warning] [Decorations] CAPPING events from decorations provider vscode.git 1865
2022-12-16 13:01:17.993 [warning] [Decorations] CAPPING events from decorations provider vscode.git 1865
2022-12-16 13:01:23.568 [warning] [Decorations] CAPPING events from decorations provider vscode.git 1865
2022-12-16 13:01:29.143 [warning] [Decorations] CAPPING events from decorations provider vscode.git 1865
2022-12-16 13:01:42.712 [warning] [Decorations] CAPPING events from decorations provider vscode.git 1865
2022-12-16 13:01:48.156 [warning] [Decorations] CAPPING events from decorations provider vscode.git 1865
2022-12-16 13:01:53.635 [warning] [Decorations] CAPPING events from decorations provider vscode.git 1865
2022-12-16 13:01:59.291 [warning] [Decorations] CAPPING events from decorations provider vscode.git 1865
2022-12-16 13:02:04.789 [warning] [Decorations] CAPPING events from decorations provider vscode.git 1865
2022-12-16 13:02:10.770 [warning] [Decorations] CAPPING events from decorations provider vscode.git 1865
2022-12-16 13:03:02.224 [warning] [Decorations] CAPPING events from decorations provider vscode.git 1865
2022-12-16 13:03:07.712 [warning] [Decorations] CAPPING events from decorations provider vscode.git 1865
2022-12-16 13:03:13.208 [warning] [Decorations] CAPPING events from decorations provider vscode.git 1865
2022-12-16 13:03:18.670 [warning] [Decorations] CAPPING events from decorations provider vscode.git 1865
2022-12-16 13:03:24.151 [warning] [Decorations] CAPPING events from decorations provider vscode.git 1865
2022-12-16 13:03:29.627 [warning] [Decorations] CAPPING events from decorations provider vscode.git 1865
2022-12-16 13:03:35.343 [warning] [Decorations] CAPPING events from decorations provider vscode.git 1865
2022-12-16 13:03:40.810 [warning] [Decorations] CAPPING events from decorations provider vscode.git 1865
2022-12-16 13:03:46.372 [warning] [Decorations] CAPPING events from decorations provider vscode.git 1865
2022-12-16 13:03:51.900 [warning] [Decorations] CAPPING events from decorations provider vscode.git 1865
2022-12-16 13:03:57.425 [warning] [Decorations] CAPPING events from decorations provider vscode.git 1865
2022-12-16 13:04:09.444 [warning] [Decorations] CAPPING events from decorations provider vscode.git 1868
2022-12-16 13:04:14.889 [warning] [Decorations] CAPPING events from decorations provider vscode.git 1868
2022-12-16 13:04:22.018 [warning] [Decorations] CAPPING events from decorations provider vscode.git 1868
2022-12-16 13:07:07.097 [warning] [Decorations] CAPPING events from decorations provider vscode.git 1868
2022-12-16 13:07:12.550 [warning] [Decorations] CAPPING events from decorations provider vscode.git 1868
2022-12-16 13:07:17.986 [warning] [Decorations] CAPPING events from decorations provider vscode.git 1868
2022-12-16 13:07:38.139 [warning] [Decorations] CAPPING events from decorations provider vscode.git 1868
2022-12-16 13:07:43.571 [warning] [Decorations] CAPPING events from decorations provider vscode.git 1868
2022-12-16 13:07:49.118 [warning] [Decorations] CAPPING events from decorations provider vscode.git 1868
2022-12-16 13:07:54.597 [warning] [Decorations] CAPPING events from decorations provider vscode.git 1868
2022-12-16 13:08:00.106 [warning] [Decorations] CAPPING events from decorations provider vscode.git 1868
2022-12-16 13:08:13.847 [warning] [Decorations] CAPPING events from decorations provider vscode.git 1870
2022-12-16 13:08:19.821 [warning] [Decorations] CAPPING events from decorations provider vscode.git 1870
2022-12-16 13:08:31.468 [warning] [Decorations] CAPPING events from decorations provider vscode.git 1870
2022-12-16 13:08:37.205 [warning] [Decorations] CAPPING events from decorations provider vscode.git 1870
2022-12-16 13:08:42.665 [warning] [Decorations] CAPPING events from decorations provider vscode.git 1870
2022-12-16 13:08:48.243 [warning] [Decorations] CAPPING events from decorations provider vscode.git 1870
2022-12-16 13:08:54.055 [warning] [Decorations] CAPPING events from decorations provider vscode.git 1872
2022-12-16 13:08:59.527 [warning] [Decorations] CAPPING events from decorations provider vscode.git 1872
2022-12-16 13:09:05.001 [warning] [Decorations] CAPPING events from decorations provider vscode.git 1872
2022-12-16 13:09:10.555 [warning] [Decorations] CAPPING events from decorations provider vscode.git 1872
2022-12-16 13:09:16.110 [warning] [Decorations] CAPPING events from decorations provider vscode.git 1872
2022-12-16 13:09:21.571 [warning] [Decorations] CAPPING events from decorations provider vscode.git 1872
2022-12-16 13:09:26.939 [warning] [Decorations] CAPPING events from decorations provider vscode.git 1872
2022-12-16 13:09:32.333 [warning] [Decorations] CAPPING events from decorations provider vscode.git 1872
2022-12-16 13:09:37.772 [warning] [Decorations] CAPPING events from decorations provider vscode.git 1872
2022-12-16 13:09:43.214 [warning] [Decorations] CAPPING events from decorations provider vscode.git 1872
2022-12-16 13:09:48.640 [warning] [Decorations] CAPPING events from decorations provider vscode.git 1872
2022-12-16 13:09:54.054 [warning] [Decorations] CAPPING events from decorations provider vscode.git 1872
2022-12-16 13:09:59.460 [warning] [Decorations] CAPPING events from decorations provider vscode.git 1872
2022-12-16 13:10:04.834 [warning] [Decorations] CAPPING events from decorations provider vscode.git 1872
2022-12-16 13:10:10.271 [warning] [Decorations] CAPPING events from decorations provider vscode.git 1872
2022-12-16 13:10:15.700 [warning] [Decorations] CAPPING events from decorations provider vscode.git 1872
2022-12-16 13:10:21.122 [warning] [Decorations] CAPPING events from decorations provider vscode.git 1872
2022-12-16 13:10:26.529 [warning] [Decorations] CAPPING events from decorations provider vscode.git 1872
2022-12-16 13:10:31.968 [warning] [Decorations] CAPPING events from decorations provider vscode.git 1872
2022-12-16 13:10:52.076 [warning] [Decorations] CAPPING events from decorations provider vscode.git 1872
2022-12-16 13:10:57.690 [warning] [Decorations] CAPPING events from decorations provider vscode.git 1872
2022-12-16 13:11:25.178 [warning] [Decorations] CAPPING events from decorations provider vscode.git 1872
2022-12-16 13:11:30.598 [warning] [Decorations] CAPPING events from decorations provider vscode.git 1872
2022-12-16 13:11:39.667 [warning] [Decorations] CAPPING events from decorations provider vscode.git 1874
2022-12-16 13:11:45.180 [warning] [Decorations] CAPPING events from decorations provider vscode.git 1874
2022-12-16 13:12:04.135 [warning] [Decorations] CAPPING events from decorations provider vscode.git 1874
2022-12-16 13:12:09.908 [warning] [Decorations] CAPPING events from decorations provider vscode.git 1874
2022-12-16 13:12:15.495 [warning] [Decorations] CAPPING events from decorations provider vscode.git 1874
2022-12-16 13:12:20.929 [warning] [Decorations] CAPPING events from decorations provider vscode.git 1874
2022-12-16 13:12:26.436 [warning] [Decorations] CAPPING events from decorations provider vscode.git 1874
2022-12-16 13:12:31.927 [warning] [Decorations] CAPPING events from decorations provider vscode.git 1874
2022-12-16 13:12:37.417 [warning] [Decorations] CAPPING events from decorations provider vscode.git 1874
2022-12-16 13:12:42.890 [warning] [Decorations] CAPPING events from decorations provider vscode.git 1874
2022-12-16 13:12:48.397 [warning] [Decorations] CAPPING events from decorations provider vscode.git 1874
2022-12-16 13:12:53.849 [warning] [Decorations] CAPPING events from decorations provider vscode.git 1874
2022-12-16 13:12:59.436 [warning] [Decorations] CAPPING events from decorations provider vscode.git 1874
2022-12-16 13:13:04.957 [warning] [Decorations] CAPPING events from decorations provider vscode.git 1874
2022-12-16 13:13:10.434 [warning] [Decorations] CAPPING events from decorations provider vscode.git 1874
2022-12-16 13:13:15.972 [warning] [Decorations] CAPPING events from decorations provider vscode.git 1874
2022-12-16 13:13:23.140 [warning] [Decorations] CAPPING events from decorations provider vscode.git 1874
2022-12-16 13:13:28.631 [warning] [Decorations] CAPPING events from decorations provider vscode.git 1874
2022-12-16 13:13:34.185 [warning] [Decorations] CAPPING events from decorations provider vscode.git 1874
2022-12-16 13:13:39.674 [warning] [Decorations] CAPPING events from decorations provider vscode.git 1874
2022-12-16 13:13:45.143 [warning] [Decorations] CAPPING events from decorations provider vscode.git 1874
2022-12-16 13:13:50.704 [warning] [Decorations] CAPPING events from decorations provider vscode.git 1874
2022-12-16 13:13:56.338 [warning] [Decorations] CAPPING events from decorations provider vscode.git 1874
2022-12-16 13:14:08.097 [warning] [Decorations] CAPPING events from decorations provider vscode.git 1874
2022-12-16 13:14:13.659 [warning] [Decorations] CAPPING events from decorations provider vscode.git 1874
2022-12-16 13:14:19.159 [warning] [Decorations] CAPPING events from decorations provider vscode.git 1874
2022-12-16 13:14:25.689 [warning] [Decorations] CAPPING events from decorations provider vscode.git 1874
2022-12-16 13:14:31.206 [warning] [Decorations] CAPPING events from decorations provider vscode.git 1874
2022-12-16 13:14:36.674 [warning] [Decorations] CAPPING events from decorations provider vscode.git 1874
2022-12-16 13:15:03.051 [warning] [Decorations] CAPPING events from decorations provider vscode.git 1874
2022-12-16 13:15:08.447 [warning] [Decorations] CAPPING events from decorations provider vscode.git 1874
2022-12-16 13:15:13.841 [warning] [Decorations] CAPPING events from decorations provider vscode.git 1874
2022-12-16 13:15:19.227 [warning] [Decorations] CAPPING events from decorations provider vscode.git 1874
2022-12-16 13:15:24.625 [warning] [Decorations] CAPPING events from decorations provider vscode.git 1874
2022-12-16 13:15:30.149 [warning] [Decorations] CAPPING events from decorations provider vscode.git 1876
2022-12-16 13:15:35.602 [warning] [Decorations] CAPPING events from decorations provider vscode.git 1876
2022-12-16 13:15:41.071 [warning] [Decorations] CAPPING events from decorations provider vscode.git 1876
2022-12-16 13:15:48.594 [warning] [Decorations] CAPPING events from decorations provider vscode.git 1876
2022-12-16 13:18:57.390 [warning] [Decorations] CAPPING events from decorations provider vscode.git 1876
2022-12-16 13:19:02.908 [warning] [Decorations] CAPPING events from decorations provider vscode.git 1876
2022-12-16 13:19:08.368 [warning] [Decorations] CAPPING events from decorations provider vscode.git 1876
2022-12-16 13:19:13.908 [warning] [Decorations] CAPPING events from decorations provider vscode.git 1876
2022-12-16 13:19:19.407 [warning] [Decorations] CAPPING events from decorations provider vscode.git 1876
2022-12-16 13:19:24.976 [warning] [Decorations] CAPPING events from decorations provider vscode.git 1876
2022-12-16 13:19:30.523 [warning] [Decorations] CAPPING events from decorations provider vscode.git 1876
2022-12-16 13:19:35.961 [warning] [Decorations] CAPPING events from decorations provider vscode.git 1876
2022-12-16 13:19:41.499 [warning] [Decorations] CAPPING events from decorations provider vscode.git 1876
2022-12-16 13:19:47.187 [warning] [Decorations] CAPPING events from decorations provider vscode.git 1878
2022-12-16 13:19:55.807 [warning] [Decorations] CAPPING events from decorations provider vscode.git 1878
2022-12-16 13:20:01.335 [warning] [Decorations] CAPPING events from decorations provider vscode.git 1878
2022-12-16 13:20:06.860 [warning] [Decorations] CAPPING events from decorations provider vscode.git 1878
2022-12-16 13:20:14.328 [warning] [Decorations] CAPPING events from decorations provider vscode.git 1878
2022-12-16 13:20:37.394 [warning] [Decorations] CAPPING events from decorations provider vscode.git 1878
2022-12-16 13:21:00.329 [warning] [Decorations] CAPPING events from decorations provider vscode.git 1878
2022-12-16 13:21:05.816 [warning] [Decorations] CAPPING events from decorations provider vscode.git 1878
2022-12-16 13:21:11.483 [warning] [Decorations] CAPPING events from decorations provider vscode.git 1878
2022-12-16 13:21:16.976 [warning] [Decorations] CAPPING events from decorations provider vscode.git 1878
2022-12-16 13:21:22.676 [warning] [Decorations] CAPPING events from decorations provider vscode.git 1880
2022-12-16 13:21:31.166 [warning] [Decorations] CAPPING events from decorations provider vscode.git 1880
2022-12-16 13:21:36.710 [warning] [Decorations] CAPPING events from decorations provider vscode.git 1880
2022-12-16 13:21:59.606 [warning] [Decorations] CAPPING events from decorations provider vscode.git 1880
2022-12-16 13:22:05.058 [warning] [Decorations] CAPPING events from decorations provider vscode.git 1880
2022-12-16 13:22:10.649 [warning] [Decorations] CAPPING events from decorations provider vscode.git 1880
2022-12-16 13:22:29.265 [warning] [Decorations] CAPPING events from decorations provider vscode.git 1882
2022-12-16 13:22:34.854 [warning] [Decorations] CAPPING events from decorations provider vscode.git 1882
2022-12-16 13:23:00.183 [warning] [Decorations] CAPPING events from decorations provider vscode.git 1882
2022-12-16 13:23:05.674 [warning] [Decorations] CAPPING events from decorations provider vscode.git 1882
2022-12-16 13:23:11.173 [warning] [Decorations] CAPPING events from decorations provider vscode.git 1882
2022-12-16 13:23:16.925 [warning] [Decorations] CAPPING events from decorations provider vscode.git 1884
2022-12-16 13:23:24.281 [warning] [Decorations] CAPPING events from decorations provider vscode.git 1884
2022-12-16 13:23:29.917 [warning] [Decorations] CAPPING events from decorations provider vscode.git 1884
2022-12-16 13:23:37.022 [warning] [Decorations] CAPPING events from decorations provider vscode.git 1884
2022-12-16 13:23:43.111 [warning] [Decorations] CAPPING events from decorations provider vscode.git 1884
2022-12-16 13:24:01.926 [warning] [Decorations] CAPPING events from decorations provider vscode.git 1884
2022-12-16 13:24:07.494 [warning] [Decorations] CAPPING events from decorations provider vscode.git 1884
2022-12-16 13:24:12.965 [warning] [Decorations] CAPPING events from decorations provider vscode.git 1884
2022-12-16 13:24:18.468 [warning] [Decorations] CAPPING events from decorations provider vscode.git 1884
2022-12-16 13:24:24.114 [warning] [Decorations] CAPPING events from decorations provider vscode.git 1884
2022-12-16 13:24:29.786 [warning] [Decorations] CAPPING events from decorations provider vscode.git 1884
2022-12-16 13:24:43.616 [warning] [Decorations] CAPPING events from decorations provider vscode.git 1884
2022-12-16 13:24:49.505 [warning] [Decorations] CAPPING events from decorations provider vscode.git 1884
2022-12-16 13:25:26.299 [warning] [Decorations] CAPPING events from decorations provider vscode.git 1884
2022-12-16 13:25:31.790 [warning] [Decorations] CAPPING events from decorations provider vscode.git 1884
2022-12-16 13:25:37.285 [warning] [Decorations] CAPPING events from decorations provider vscode.git 1884
2022-12-16 13:25:42.805 [warning] [Decorations] CAPPING events from decorations provider vscode.git 1884
2022-12-16 13:25:48.335 [warning] [Decorations] CAPPING events from decorations provider vscode.git 1884
2022-12-16 13:25:53.826 [warning] [Decorations] CAPPING events from decorations provider vscode.git 1886
2022-12-16 13:26:24.130 [warning] [Decorations] CAPPING events from decorations provider vscode.git 1886
2022-12-16 13:26:29.823 [warning] [Decorations] CAPPING events from decorations provider vscode.git 1886
2022-12-16 13:26:43.644 [warning] [Decorations] CAPPING events from decorations provider vscode.git 1886
2022-12-16 13:26:49.231 [warning] [Decorations] CAPPING events from decorations provider vscode.git 1886
2022-12-16 13:27:04.312 [warning] [Decorations] CAPPING events from decorations provider vscode.git 1886
2022-12-16 13:27:09.790 [warning] [Decorations] CAPPING events from decorations provider vscode.git 1886
2022-12-16 13:27:15.313 [warning] [Decorations] CAPPING events from decorations provider vscode.git 1886
2022-12-16 13:27:20.797 [warning] [Decorations] CAPPING events from decorations provider vscode.git 1888
2022-12-16 13:27:31.508 [warning] [Decorations] CAPPING events from decorations provider vscode.git 1888
2022-12-16 13:27:54.824 [warning] [Decorations] CAPPING events from decorations provider vscode.git 1888
2022-12-16 13:28:00.319 [warning] [Decorations] CAPPING events from decorations provider vscode.git 1888
2022-12-16 13:28:05.732 [warning] [Decorations] CAPPING events from decorations provider vscode.git 1888
2022-12-16 13:28:16.756 [warning] [Decorations] CAPPING events from decorations provider vscode.git 1890
2022-12-16 13:28:22.344 [warning] [Decorations] CAPPING events from decorations provider vscode.git 1890
2022-12-16 13:28:27.881 [warning] [Decorations] CAPPING events from decorations provider vscode.git 1890
2022-12-16 13:29:41.003 [warning] [Decorations] CAPPING events from decorations provider vscode.git 1890
2022-12-16 13:29:56.971 [warning] [Decorations] CAPPING events from decorations provider vscode.git 1890
2022-12-16 13:30:02.409 [warning] [Decorations] CAPPING events from decorations provider vscode.git 1890
2022-12-16 13:30:07.829 [warning] [Decorations] CAPPING events from decorations provider vscode.git 1892
2022-12-16 13:30:13.262 [warning] [Decorations] CAPPING events from decorations provider vscode.git 1892
2022-12-16 13:30:18.734 [warning] [Decorations] CAPPING events from decorations provider vscode.git 1892
2022-12-16 13:30:24.214 [warning] [Decorations] CAPPING events from decorations provider vscode.git 1892
2022-12-16 13:30:29.622 [warning] [Decorations] CAPPING events from decorations provider vscode.git 1893
2022-12-16 13:30:36.471 [warning] [Decorations] CAPPING events from decorations provider vscode.git 1893
2022-12-16 13:30:41.934 [warning] [Decorations] CAPPING events from decorations provider vscode.git 1893
2022-12-16 13:30:58.589 [warning] [Decorations] CAPPING events from decorations provider vscode.git 1893
2022-12-16 13:31:04.028 [warning] [Decorations] CAPPING events from decorations provider vscode.git 1893
2022-12-16 13:31:09.493 [warning] [Decorations] CAPPING events from decorations provider vscode.git 1893
2022-12-16 13:31:15.065 [warning] [Decorations] CAPPING events from decorations provider vscode.git 1895
2022-12-16 13:31:23.912 [warning] [Decorations] CAPPING events from decorations provider vscode.git 1895
2022-12-16 13:31:29.554 [warning] [Decorations] CAPPING events from decorations provider vscode.git 1895
2022-12-16 13:31:48.573 [warning] [Decorations] CAPPING events from decorations provider vscode.git 1895
2022-12-16 13:31:54.078 [warning] [Decorations] CAPPING events from decorations provider vscode.git 1895
2022-12-16 13:31:59.532 [warning] [Decorations] CAPPING events from decorations provider vscode.git 1895
2022-12-16 13:32:04.984 [warning] [Decorations] CAPPING events from decorations provider vscode.git 1895
2022-12-16 13:32:11.061 [warning] [Decorations] CAPPING events from decorations provider vscode.git 1897
2022-12-16 13:32:16.575 [warning] [Decorations] CAPPING events from decorations provider vscode.git 1897
2022-12-16 13:32:22.153 [warning] [Decorations] CAPPING events from decorations provider vscode.git 1897
2022-12-16 13:32:27.644 [warning] [Decorations] CAPPING events from decorations provider vscode.git 1897
2022-12-16 13:32:33.108 [warning] [Decorations] CAPPING events from decorations provider vscode.git 1897
2022-12-16 13:32:38.545 [warning] [Decorations] CAPPING events from decorations provider vscode.git 1897
2022-12-16 13:32:43.930 [warning] [Decorations] CAPPING events from decorations provider vscode.git 1897
2022-12-16 13:32:49.383 [warning] [Decorations] CAPPING events from decorations provider vscode.git 1897
2022-12-16 13:32:58.099 [warning] [Decorations] CAPPING events from decorations provider vscode.git 1897
2022-12-16 13:33:05.836 [warning] [Decorations] CAPPING events from decorations provider vscode.git 1897
2022-12-16 13:33:14.956 [warning] [Decorations] CAPPING events from decorations provider vscode.git 1897
2022-12-16 13:39:45.414 [warning] [Decorations] CAPPING events from decorations provider vscode.git 1897
2022-12-16 13:41:05.383 [warning] [Decorations] CAPPING events from decorations provider vscode.git 1897
2022-12-16 13:41:10.775 [warning] [Decorations] CAPPING events from decorations provider vscode.git 1897
2022-12-16 13:41:16.241 [warning] [Decorations] CAPPING events from decorations provider vscode.git 1897
2022-12-16 13:41:21.630 [warning] [Decorations] CAPPING events from decorations provider vscode.git 1897
2022-12-16 13:41:27.028 [warning] [Decorations] CAPPING events from decorations provider vscode.git 1897
2022-12-16 13:41:32.528 [warning] [Decorations] CAPPING events from decorations provider vscode.git 1897
2022-12-16 13:43:48.938 [warning] [Decorations] CAPPING events from decorations provider vscode.git 1897
2022-12-16 13:43:54.340 [warning] [Decorations] CAPPING events from decorations provider vscode.git 1897
2022-12-16 13:43:59.794 [warning] [Decorations] CAPPING events from decorations provider vscode.git 1897
2022-12-16 13:44:05.222 [warning] [Decorations] CAPPING events from decorations provider vscode.git 1897
2022-12-16 13:44:10.756 [warning] [Decorations] CAPPING events from decorations provider vscode.git 1899
2022-12-16 13:44:16.414 [warning] [Decorations] CAPPING events from decorations provider vscode.git 1899
2022-12-16 13:44:22.082 [warning] [Decorations] CAPPING events from decorations provider vscode.git 1899
2022-12-16 13:44:30.852 [warning] [Decorations] CAPPING events from decorations provider vscode.git 1899
2022-12-16 13:44:36.441 [warning] [Decorations] CAPPING events from decorations provider vscode.git 1899
2022-12-16 13:45:49.990 [warning] [Decorations] CAPPING events from decorations provider vscode.git 1899
2022-12-16 13:45:55.529 [warning] [Decorations] CAPPING events from decorations provider vscode.git 1899
2022-12-16 13:46:02.068 [warning] [Decorations] CAPPING events from decorations provider vscode.git 1899
2022-12-16 13:46:24.925 [warning] [Decorations] CAPPING events from decorations provider vscode.git 1899
2022-12-16 13:46:30.395 [warning] [Decorations] CAPPING events from decorations provider vscode.git 1899
2022-12-16 13:46:35.872 [warning] [Decorations] CAPPING events from decorations provider vscode.git 1899
2022-12-16 13:46:41.468 [warning] [Decorations] CAPPING events from decorations provider vscode.git 1899
2022-12-16 13:46:47.210 [warning] [Decorations] CAPPING events from decorations provider vscode.git 1901
2022-12-16 13:46:57.435 [warning] [Decorations] CAPPING events from decorations provider vscode.git 1901
2022-12-16 13:47:03.265 [warning] [Decorations] CAPPING events from decorations provider vscode.git 1901
2022-12-16 13:47:20.048 [warning] [Decorations] CAPPING events from decorations provider vscode.git 1901
2022-12-16 13:47:25.500 [warning] [Decorations] CAPPING events from decorations provider vscode.git 1901
2022-12-16 13:47:31.185 [warning] [Decorations] CAPPING events from decorations provider vscode.git 1901
2022-12-16 13:47:42.048 [warning] [Decorations] CAPPING events from decorations provider vscode.git 1901
2022-12-16 13:47:47.700 [warning] [Decorations] CAPPING events from decorations provider vscode.git 1901
2022-12-16 13:48:00.798 [warning] [Decorations] CAPPING events from decorations provider vscode.git 1901
2022-12-16 13:48:12.086 [warning] [Decorations] CAPPING events from decorations provider vscode.git 1901
2022-12-16 13:48:17.601 [warning] [Decorations] CAPPING events from decorations provider vscode.git 1901
2022-12-16 13:48:23.078 [warning] [Decorations] CAPPING events from decorations provider vscode.git 1901
2022-12-16 13:48:28.725 [warning] [Decorations] CAPPING events from decorations provider vscode.git 1903
2022-12-16 13:48:41.683 [warning] [Decorations] CAPPING events from decorations provider vscode.git 1903
2022-12-16 13:48:59.830 [warning] [Decorations] CAPPING events from decorations provider vscode.git 1903
2022-12-16 13:49:05.343 [warning] [Decorations] CAPPING events from decorations provider vscode.git 1903
2022-12-16 13:49:10.899 [warning] [Decorations] CAPPING events from decorations provider vscode.git 1903
2022-12-16 13:49:22.907 [warning] [Decorations] CAPPING events from decorations provider vscode.git 1905
2022-12-16 13:49:28.533 [warning] [Decorations] CAPPING events from decorations provider vscode.git 1905
2022-12-16 13:49:47.616 [warning] [Decorations] CAPPING events from decorations provider vscode.git 1905
2022-12-16 13:49:53.130 [warning] [Decorations] CAPPING events from decorations provider vscode.git 1905
2022-12-16 13:49:58.694 [warning] [Decorations] CAPPING events from decorations provider vscode.git 1905
2022-12-16 13:52:24.942 [warning] [Decorations] CAPPING events from decorations provider vscode.git 1907
2022-12-16 13:52:30.525 [warning] [Decorations] CAPPING events from decorations provider vscode.git 1907
2022-12-16 13:52:51.092 [warning] [Decorations] CAPPING events from decorations provider vscode.git 1907
2022-12-16 13:52:56.550 [warning] [Decorations] CAPPING events from decorations provider vscode.git 1907
2022-12-16 13:53:02.029 [warning] [Decorations] CAPPING events from decorations provider vscode.git 1907
2022-12-16 13:53:07.548 [warning] [Decorations] CAPPING events from decorations provider vscode.git 1907
2022-12-16 13:53:13.155 [warning] [Decorations] CAPPING events from decorations provider vscode.git 1909
2022-12-16 13:53:18.693 [warning] [Decorations] CAPPING events from decorations provider vscode.git 1909
2022-12-16 13:53:30.619 [warning] [Decorations] CAPPING events from decorations provider vscode.git 1909
2022-12-16 13:53:59.084 [warning] [Decorations] CAPPING events from decorations provider vscode.git 1909
2022-12-16 13:54:04.724 [warning] [Decorations] CAPPING events from decorations provider vscode.git 1909
2022-12-16 13:54:10.256 [warning] [Decorations] CAPPING events from decorations provider vscode.git 1909
2022-12-16 13:54:16.054 [warning] [Decorations] CAPPING events from decorations provider vscode.git 1911
2022-12-16 13:54:40.585 [warning] [Decorations] CAPPING events from decorations provider vscode.git 1911
2022-12-16 13:54:46.335 [warning] [Decorations] CAPPING events from decorations provider vscode.git 1911
2022-12-16 13:55:27.238 [warning] [Decorations] CAPPING events from decorations provider vscode.git 1911
2022-12-16 13:55:32.791 [warning] [Decorations] CAPPING events from decorations provider vscode.git 1911
2022-12-16 13:55:38.603 [warning] [Decorations] CAPPING events from decorations provider vscode.git 1911
2022-12-16 13:55:44.097 [warning] [Decorations] CAPPING events from decorations provider vscode.git 1911
2022-12-16 13:55:50.153 [warning] [Decorations] CAPPING events from decorations provider vscode.git 1911
2022-12-16 13:56:47.584 [warning] [Decorations] CAPPING events from decorations provider vscode.git 1911
2022-12-16 13:56:53.291 [warning] [Decorations] CAPPING events from decorations provider vscode.git 1911
2022-12-16 13:57:03.821 [warning] [Decorations] CAPPING events from decorations provider vscode.git 1911
2022-12-16 13:57:09.335 [warning] [Decorations] CAPPING events from decorations provider vscode.git 1911
2022-12-16 13:57:14.826 [warning] [Decorations] CAPPING events from decorations provider vscode.git 1911
2022-12-16 13:57:20.353 [warning] [Decorations] CAPPING events from decorations provider vscode.git 1913
2022-12-16 14:00:24.522 [warning] [Decorations] CAPPING events from decorations provider vscode.git 1913
2022-12-16 14:00:29.930 [warning] [Decorations] CAPPING events from decorations provider vscode.git 1913
2022-12-16 14:00:36.469 [warning] [Decorations] CAPPING events from decorations provider vscode.git 1913
2022-12-16 14:00:41.871 [warning] [Decorations] CAPPING events from decorations provider vscode.git 1913
2022-12-16 14:00:47.426 [warning] [Decorations] CAPPING events from decorations provider vscode.git 1913
2022-12-16 14:01:06.876 [warning] [Decorations] CAPPING events from decorations provider vscode.git 1913
2022-12-16 14:01:12.534 [warning] [Decorations] CAPPING events from decorations provider vscode.git 1913
2022-12-16 14:01:31.738 [warning] [Decorations] CAPPING events from decorations provider vscode.git 1913
2022-12-16 14:01:37.205 [warning] [Decorations] CAPPING events from decorations provider vscode.git 1913
2022-12-16 14:01:42.882 [warning] [Decorations] CAPPING events from decorations provider vscode.git 1913
2022-12-16 14:01:48.463 [warning] [Decorations] CAPPING events from decorations provider vscode.git 1915
2022-12-16 14:01:59.008 [warning] [Decorations] CAPPING events from decorations provider vscode.git 1915
2022-12-16 14:02:04.596 [warning] [Decorations] CAPPING events from decorations provider vscode.git 1915
2022-12-16 14:02:23.237 [warning] [Decorations] CAPPING events from decorations provider vscode.git 1915
2022-12-16 14:02:28.728 [warning] [Decorations] CAPPING events from decorations provider vscode.git 1915
2022-12-16 14:02:34.219 [warning] [Decorations] CAPPING events from decorations provider vscode.git 1915
2022-12-16 14:02:39.903 [warning] [Decorations] CAPPING events from decorations provider vscode.git 1915
2022-12-16 14:02:49.928 [warning] [Decorations] CAPPING events from decorations provider vscode.git 1917
2022-12-16 14:03:22.607 [warning] [Decorations] CAPPING events from decorations provider vscode.git 1917
2022-12-16 14:03:28.130 [warning] [Decorations] CAPPING events from decorations provider vscode.git 1917
2022-12-16 14:03:33.909 [warning] [Decorations] CAPPING events from decorations provider vscode.git 1917
2022-12-16 14:03:39.340 [warning] [Decorations] CAPPING events from decorations provider vscode.git 1919
2022-12-16 14:03:47.444 [warning] [Decorations] CAPPING events from decorations provider vscode.git 1919
2022-12-16 14:03:52.874 [warning] [Decorations] CAPPING events from decorations provider vscode.git 1919
2022-12-16 14:04:02.305 [warning] [Decorations] CAPPING events from decorations provider vscode.git 1919
2022-12-16 14:04:13.063 [warning] [Decorations] CAPPING events from decorations provider vscode.git 1919
2022-12-16 14:09:14.786 [warning] [Decorations] CAPPING events from decorations provider vscode.git 1919
2022-12-16 14:09:20.153 [warning] [Decorations] CAPPING events from decorations provider vscode.git 1919
2022-12-16 14:09:25.581 [warning] [Decorations] CAPPING events from decorations provider vscode.git 1919
2022-12-16 14:09:30.990 [warning] [Decorations] CAPPING events from decorations provider vscode.git 1919
2022-12-16 14:10:34.947 [warning] [Decorations] CAPPING events from decorations provider vscode.git 1919
2022-12-16 14:10:40.509 [warning] [Decorations] CAPPING events from decorations provider vscode.git 1919
2022-12-16 14:10:46.037 [warning] [Decorations] CAPPING events from decorations provider vscode.git 1919
2022-12-16 14:10:51.550 [warning] [Decorations] CAPPING events from decorations provider vscode.git 1921
2022-12-16 14:10:59.654 [warning] [Decorations] CAPPING events from decorations provider vscode.git 1921
2022-12-16 14:11:05.126 [warning] [Decorations] CAPPING events from decorations provider vscode.git 1921
2022-12-16 14:11:14.073 [warning] [Decorations] CAPPING events from decorations provider vscode.git 1921
2022-12-16 14:13:38.261 [warning] [Decorations] CAPPING events from decorations provider vscode.git 1921
2022-12-16 14:13:43.763 [warning] [Decorations] CAPPING events from decorations provider vscode.git 1921
2022-12-16 14:13:49.236 [warning] [Decorations] CAPPING events from decorations provider vscode.git 1921
2022-12-16 14:13:54.687 [warning] [Decorations] CAPPING events from decorations provider vscode.git 1921
2022-12-16 14:14:00.177 [warning] [Decorations] CAPPING events from decorations provider vscode.git 1921
2022-12-16 14:14:08.132 [warning] [Decorations] CAPPING events from decorations provider vscode.git 1921
2022-12-16 14:14:13.602 [warning] [Decorations] CAPPING events from decorations provider vscode.git 1921
2022-12-16 14:14:19.023 [warning] [Decorations] CAPPING events from decorations provider vscode.git 1921
2022-12-16 14:14:24.420 [warning] [Decorations] CAPPING events from decorations provider vscode.git 1921
2022-12-16 14:14:29.816 [warning] [Decorations] CAPPING events from decorations provider vscode.git 1921
2022-12-16 14:14:35.803 [warning] [Decorations] CAPPING events from decorations provider vscode.git 1921
2022-12-16 14:14:41.238 [warning] [Decorations] CAPPING events from decorations provider vscode.git 1921
2022-12-16 14:14:46.637 [warning] [Decorations] CAPPING events from decorations provider vscode.git 1921
2022-12-16 14:14:52.039 [warning] [Decorations] CAPPING events from decorations provider vscode.git 1921
2022-12-16 14:14:57.461 [warning] [Decorations] CAPPING events from decorations provider vscode.git 1921
2022-12-16 14:15:02.861 [warning] [Decorations] CAPPING events from decorations provider vscode.git 1921
2022-12-16 14:15:08.257 [warning] [Decorations] CAPPING events from decorations provider vscode.git 1921
2022-12-16 14:15:13.685 [warning] [Decorations] CAPPING events from decorations provider vscode.git 1921
2022-12-16 14:15:19.172 [warning] [Decorations] CAPPING events from decorations provider vscode.git 1921
2022-12-16 14:15:24.565 [warning] [Decorations] CAPPING events from decorations provider vscode.git 1921
2022-12-16 14:15:29.988 [warning] [Decorations] CAPPING events from decorations provider vscode.git 1921
2022-12-16 14:18:17.217 [warning] [Decorations] CAPPING events from decorations provider vscode.git 1921
2022-12-16 14:18:22.615 [warning] [Decorations] CAPPING events from decorations provider vscode.git 1921
2022-12-16 14:18:28.118 [warning] [Decorations] CAPPING events from decorations provider vscode.git 1921
2022-12-16 14:18:33.522 [warning] [Decorations] CAPPING events from decorations provider vscode.git 1921
2022-12-16 14:18:39.056 [warning] [Decorations] CAPPING events from decorations provider vscode.git 1921
2022-12-16 14:18:44.435 [warning] [Decorations] CAPPING events from decorations provider vscode.git 1921
2022-12-16 14:18:47.328 [info] ExtensionService#_doActivateExtension vscode.extension-editing, startup: false, activationEvent: 'onLanguage:markdown'
2022-12-16 14:18:47.329 [info] ExtensionService#_doActivateExtension vscode.markdown-language-features, startup: false, activationEvent: 'onLanguage:markdown'
2022-12-16 14:18:50.033 [info] ExtensionService#_doActivateExtension vscode.markdown-math, startup: false, activationEvent: 'api', root cause: vscode.markdown-language-features
2022-12-16 14:22:28.001 [warning] [Decorations] CAPPING events from decorations provider vscode.git 1922
2022-12-16 14:22:33.436 [warning] [Decorations] CAPPING events from decorations provider vscode.git 1922
2022-12-16 14:22:42.208 [warning] [Decorations] CAPPING events from decorations provider vscode.git 1922
2022-12-16 14:22:47.616 [warning] [Decorations] CAPPING events from decorations provider vscode.git 1922
2022-12-16 14:22:54.514 [warning] [Decorations] CAPPING events from decorations provider vscode.git 1922
2022-12-16 14:22:59.904 [warning] [Decorations] CAPPING events from decorations provider vscode.git 1922
2022-12-16 14:23:07.815 [warning] [Decorations] CAPPING events from decorations provider vscode.git 1922
2022-12-16 14:23:13.299 [warning] [Decorations] CAPPING events from decorations provider vscode.git 1922
2022-12-16 14:23:18.710 [warning] [Decorations] CAPPING events from decorations provider vscode.git 1922
2022-12-16 14:23:24.167 [warning] [Decorations] CAPPING events from decorations provider vscode.git 1922
2022-12-16 14:23:29.601 [warning] [Decorations] CAPPING events from decorations provider vscode.git 1922
2022-12-16 14:23:35.115 [warning] [Decorations] CAPPING events from decorations provider vscode.git 1922
2022-12-16 14:23:40.522 [warning] [Decorations] CAPPING events from decorations provider vscode.git 1922
2022-12-16 14:23:46.067 [warning] [Decorations] CAPPING events from decorations provider vscode.git 1922
2022-12-16 14:23:51.456 [warning] [Decorations] CAPPING events from decorations provider vscode.git 1922
2022-12-16 14:23:56.934 [warning] [Decorations] CAPPING events from decorations provider vscode.git 1922
2022-12-16 14:24:02.363 [warning] [Decorations] CAPPING events from decorations provider vscode.git 1922
2022-12-16 14:24:07.883 [warning] [Decorations] CAPPING events from decorations provider vscode.git 1922
2022-12-16 14:24:15.725 [warning] [Decorations] CAPPING events from decorations provider vscode.git 1922
2022-12-16 14:24:21.245 [warning] [Decorations] CAPPING events from decorations provider vscode.git 1922
2022-12-16 14:24:26.677 [warning] [Decorations] CAPPING events from decorations provider vscode.git 1922
2022-12-16 14:24:34.194 [warning] [Decorations] CAPPING events from decorations provider vscode.git 1922
2022-12-16 14:24:39.599 [warning] [Decorations] CAPPING events from decorations provider vscode.git 1922
2022-12-16 14:24:45.049 [warning] [Decorations] CAPPING events from decorations provider vscode.git 1922
2022-12-16 14:24:54.352 [warning] [Decorations] CAPPING events from decorations provider vscode.git 1922
2022-12-16 14:25:06.341 [warning] [Decorations] CAPPING events from decorations provider vscode.git 1922
2022-12-16 14:29:56.188 [warning] [Decorations] CAPPING events from decorations provider vscode.git 1922
2022-12-16 14:30:01.725 [warning] [Decorations] CAPPING events from decorations provider vscode.git 1922
2022-12-16 14:30:07.433 [warning] [Decorations] CAPPING events from decorations provider vscode.git 1922
2022-12-16 14:30:12.893 [warning] [Decorations] CAPPING events from decorations provider vscode.git 1922
2022-12-16 14:30:18.397 [warning] [Decorations] CAPPING events from decorations provider vscode.git 1922
2022-12-16 14:30:23.960 [warning] [Decorations] CAPPING events from decorations provider vscode.git 1923
2022-12-16 14:30:29.598 [warning] [Decorations] CAPPING events from decorations provider vscode.git 1924
2022-12-16 14:31:10.125 [warning] [Decorations] CAPPING events from decorations provider vscode.git 1924
2022-12-16 14:38:14.519 [warning] [Decorations] CAPPING events from decorations provider vscode.git 1924
2022-12-16 14:58:32.257 [warning] [Decorations] CAPPING events from decorations provider vscode.git 1924
2022-12-16 14:58:37.728 [warning] [Decorations] CAPPING events from decorations provider vscode.git 1924
2022-12-16 14:58:43.286 [warning] [Decorations] CAPPING events from decorations provider vscode.git 1924
2022-12-16 14:58:48.762 [warning] [Decorations] CAPPING events from decorations provider vscode.git 1924
2022-12-16 14:58:54.273 [warning] [Decorations] CAPPING events from decorations provider vscode.git 1924
2022-12-16 14:59:00.037 [warning] [Decorations] CAPPING events from decorations provider vscode.git 1924
2022-12-16 15:08:39.846 [warning] [Decorations] CAPPING events from decorations provider vscode.git 1924
2022-12-16 15:08:45.366 [warning] [Decorations] CAPPING events from decorations provider vscode.git 1924
2022-12-16 15:08:50.931 [warning] [Decorations] CAPPING events from decorations provider vscode.git 1924
2022-12-16 15:09:04.065 [warning] [Decorations] CAPPING events from decorations provider vscode.git 1924
2022-12-16 15:09:09.589 [warning] [Decorations] CAPPING events from decorations provider vscode.git 1924
2022-12-16 15:09:23.616 [warning] [Decorations] CAPPING events from decorations provider vscode.git 1924
2022-12-16 15:10:56.356 [warning] [Decorations] CAPPING events from decorations provider vscode.git 1924
2022-12-16 15:15:07.183 [warning] [Decorations] CAPPING events from decorations provider vscode.git 1924
2022-12-16 15:15:12.630 [warning] [Decorations] CAPPING events from decorations provider vscode.git 1924
2022-12-16 15:15:18.041 [warning] [Decorations] CAPPING events from decorations provider vscode.git 1924
2022-12-16 15:15:28.736 [warning] [Decorations] CAPPING events from decorations provider vscode.git 1924
2022-12-16 15:15:34.339 [warning] [Decorations] CAPPING events from decorations provider vscode.git 1924
2022-12-16 15:15:44.526 [warning] [Decorations] CAPPING events from decorations provider vscode.git 1924
2022-12-16 15:15:50.099 [warning] [Decorations] CAPPING events from decorations provider vscode.git 1924
2022-12-16 15:16:04.381 [warning] [Decorations] CAPPING events from decorations provider vscode.git 1924
2022-12-16 15:16:40.660 [warning] [Decorations] CAPPING events from decorations provider vscode.git 1924
2022-12-16 15:16:46.214 [warning] [Decorations] CAPPING events from decorations provider vscode.git 1924
2022-12-16 15:16:51.840 [warning] [Decorations] CAPPING events from decorations provider vscode.git 1924
2022-12-16 15:16:57.348 [warning] [Decorations] CAPPING events from decorations provider vscode.git 1924
2022-12-16 15:17:09.949 [info] Extension host terminating: received terminate message from renderer
2022-12-16 15:17:09.953 [info] Lock '/home/karolart/.vscode-server/data/User/workspaceStorage/e87297d80ed91d9a981cbfb24e7a1840/vscode.lock': Marking the lockfile as scheduled to be released in 6000 ms.
2022-12-16 15:17:10.097 [info] Extension host with pid 97 exiting with code 0
