2022-12-18 10:58:14.904 [info] Log level: Info
2022-12-18 10:58:14.904 [info] Validating found git in: "git"
2022-12-18 10:58:14.904 [info] Using git "2.25.1" from "git"
2022-12-18 10:58:14.904 [info] > git rev-parse --show-toplevel [952ms]
2022-12-18 10:58:14.911 [info] > git rev-parse --git-dir --git-common-dir [346ms]
2022-12-18 10:58:14.970 [info] Open repository: /home/karolart
2022-12-18 10:58:15.147 [info] > git rev-parse --show-toplevel [83ms]
2022-12-18 10:58:15.220 [info] > git config --get commit.template [105ms]
2022-12-18 10:58:15.282 [info] > git rev-parse --git-dir --git-common-dir [81ms]
2022-12-18 10:58:15.297 [info] Open repository: /home/karolart/holbertonschool-interview
2022-12-18 10:58:15.523 [info] > git for-each-ref --format=%(refname)%00%(upstream:short)%00%(objectname)%00%(upstream:track)%00%(upstream:remotename)%00%(upstream:remoteref) refs/heads/master refs/remotes/master [108ms]
2022-12-18 10:58:15.620 [info] > git rev-parse --show-toplevel [257ms]
2022-12-18 10:58:16.200 [info] > git for-each-ref --sort -committerdate --format %(refname) %(objectname) %(*objectname) [581ms]
2022-12-18 10:58:16.202 [info] > git config --get commit.template [747ms]
2022-12-18 10:58:16.503 [info] > git rev-parse --show-toplevel [828ms]
2022-12-18 10:58:16.720 [info] > git status -z -uall [1145ms]
2022-12-18 10:58:16.721 [info] > git check-ignore -v -z --stdin [455ms]
2022-12-18 10:58:16.739 [info] > git for-each-ref --format=%(refname)%00%(upstream:short)%00%(objectname)%00%(upstream:track)%00%(upstream:remotename)%00%(upstream:remoteref) refs/heads/main refs/remotes/main [412ms]
2022-12-18 10:58:18.292 [info] > git status -z -uall [1510ms]
2022-12-18 10:58:18.292 [info] > git check-ignore -v -z --stdin [1151ms]
2022-12-18 10:58:18.294 [info] > git check-ignore -v -z --stdin [1112ms]
2022-12-18 10:58:18.297 [info] > git for-each-ref --sort -committerdate --format %(refname) %(objectname) %(*objectname) [1448ms]
2022-12-18 10:58:18.314 [info] > git rev-parse --show-toplevel [1753ms]
2022-12-18 10:58:18.461 [info] > git rev-parse --show-toplevel [103ms]
2022-12-18 10:58:18.515 [info] > git config --get commit.template [289ms]
2022-12-18 10:58:18.536 [info] > git config --get commit.template [108ms]
2022-12-18 10:58:18.581 [info] > git rev-parse --show-toplevel [68ms]
2022-12-18 10:58:18.757 [info] > git for-each-ref --format=%(refname)%00%(upstream:short)%00%(objectname)%00%(upstream:track)%00%(upstream:remotename)%00%(upstream:remoteref) refs/heads/master refs/remotes/master [181ms]
2022-12-18 10:58:18.871 [info] > git for-each-ref --format=%(refname)%00%(upstream:short)%00%(objectname)%00%(upstream:track)%00%(upstream:remotename)%00%(upstream:remoteref) refs/heads/main refs/remotes/main [138ms]
2022-12-18 10:58:18.991 [info] > git rev-parse --git-dir --git-common-dir [351ms]
2022-12-18 10:58:19.010 [info] Open repository: /home/karolart/holbertonschool-frontend
2022-12-18 10:58:19.124 [info] > git status -z -uall [196ms]
2022-12-18 10:58:19.135 [info] > git for-each-ref --sort -committerdate --format %(refname) %(objectname) %(*objectname) [144ms]
2022-12-18 10:58:19.142 [info] > git for-each-ref --sort -committerdate --format %(refname) %(objectname) %(*objectname) [282ms]
2022-12-18 10:58:19.151 [info] > git config --get commit.template [34ms]
2022-12-18 10:58:19.151 [info] > git rev-parse --show-toplevel [94ms]
2022-12-18 10:58:19.263 [info] > git rev-parse --git-dir --git-common-dir [59ms]
2022-12-18 10:58:19.272 [info] Open repository: /home/karolart/holbertonschool-frontend-javascript
2022-12-18 10:58:19.481 [info] > git status -z -uall [673ms]
2022-12-18 10:58:19.481 [info] > git show --textconv :0x02-minimum_operations/README.md [143ms]
2022-12-18 10:58:19.487 [info] > git for-each-ref --format=%(refname)%00%(upstream:short)%00%(objectname)%00%(upstream:track)%00%(upstream:remotename)%00%(upstream:remoteref) refs/heads/main refs/remotes/main [228ms]
2022-12-18 10:58:19.653 [info] > git status -z -uall [100ms]
2022-12-18 10:58:19.656 [info] > git config --get commit.template [200ms]
2022-12-18 10:58:19.657 [info] > git ls-files --stage -- /home/karolart/holbertonschool-interview/0x02-minimum_operations/README.md [273ms]
2022-12-18 10:58:19.823 [info] > git cat-file -s 06d00aba7adef32605089204411d87f3edadaeba [122ms]
2022-12-18 10:58:19.825 [info] > git for-each-ref --sort -committerdate --format %(refname) %(objectname) %(*objectname) [183ms]
2022-12-18 10:58:20.703 [info] > git for-each-ref --format=%(refname)%00%(upstream:short)%00%(objectname)%00%(upstream:track)%00%(upstream:remotename)%00%(upstream:remoteref) refs/heads/main refs/remotes/main [824ms]
2022-12-18 10:58:21.302 [info] > git status -z -uall [475ms]
2022-12-18 10:58:21.304 [info] > git for-each-ref --sort -committerdate --format %(refname) %(objectname) %(*objectname) [378ms]
2022-12-18 10:58:21.324 [info] > git check-ignore -v -z --stdin [268ms]
2022-12-18 10:58:21.326 [info] > git check-ignore -v -z --stdin [209ms]
2022-12-18 10:58:21.328 [info] > git check-ignore -v -z --stdin [132ms]
2022-12-18 10:58:21.330 [info] > git check-ignore -v -z --stdin [43ms]
2022-12-18 10:58:23.489 [info] > git config --get commit.template [48ms]
2022-12-18 10:58:23.495 [info] > git for-each-ref --format=%(refname)%00%(upstream:short)%00%(objectname)%00%(upstream:track)%00%(upstream:remotename)%00%(upstream:remoteref) refs/heads/master refs/remotes/master [8ms]
2022-12-18 10:58:23.584 [info] > git for-each-ref --sort -committerdate --format %(refname) %(objectname) %(*objectname) [11ms]
2022-12-18 10:58:23.806 [info] > git status -z -uall [273ms]
2022-12-18 10:58:28.942 [info] > git config --get commit.template [23ms]
2022-12-18 10:58:29.019 [info] > git for-each-ref --format=%(refname)%00%(upstream:short)%00%(objectname)%00%(upstream:track)%00%(upstream:remotename)%00%(upstream:remoteref) refs/heads/master refs/remotes/master [13ms]
2022-12-18 10:58:29.270 [info] > git for-each-ref --sort -committerdate --format %(refname) %(objectname) %(*objectname) [9ms]
2022-12-18 10:58:29.668 [info] > git status -z -uall [587ms]
2022-12-18 11:29:26.992 [info] > git config --get commit.template [65ms]
2022-12-18 11:29:26.996 [info] > git for-each-ref --format=%(refname)%00%(upstream:short)%00%(objectname)%00%(upstream:track)%00%(upstream:remotename)%00%(upstream:remoteref) refs/heads/master refs/remotes/master [9ms]
2022-12-18 11:29:27.082 [info] > git for-each-ref --sort -committerdate --format %(refname) %(objectname) %(*objectname) [11ms]
2022-12-18 11:29:27.266 [info] > git status -z -uall [231ms]
2022-12-18 11:29:32.484 [info] > git config --get commit.template [57ms]
2022-12-18 11:29:32.488 [info] > git for-each-ref --format=%(refname)%00%(upstream:short)%00%(objectname)%00%(upstream:track)%00%(upstream:remotename)%00%(upstream:remoteref) refs/heads/master refs/remotes/master [12ms]
2022-12-18 11:29:32.595 [info] > git for-each-ref --sort -committerdate --format %(refname) %(objectname) %(*objectname) [15ms]
2022-12-18 11:29:33.011 [info] > git status -z -uall [475ms]
2022-12-18 11:29:34.040 [info] > git check-ignore -v -z --stdin [120ms]
2022-12-18 11:29:34.044 [info] > git config --get commit.template [15ms]
2022-12-18 11:29:34.360 [info] > git show --textconv :0x02-minimum_operations/0-minoperations.py [77ms]
2022-12-18 11:29:34.362 [info] > git for-each-ref --format=%(refname)%00%(upstream:short)%00%(objectname)%00%(upstream:track)%00%(upstream:remotename)%00%(upstream:remoteref) refs/heads/main refs/remotes/main [233ms]
2022-12-18 11:29:34.725 [info] > git status -z -uall [184ms]
2022-12-18 11:29:34.727 [info] > git ls-files --stage -- /home/karolart/holbertonschool-interview/0x02-minimum_operations/0-minoperations.py [373ms]
2022-12-18 11:29:34.769 [info] > git for-each-ref --sort -committerdate --format %(refname) %(objectname) %(*objectname) [150ms]
2022-12-18 11:51:50.561 [info] > git config --get commit.template [61ms]
2022-12-18 11:51:50.567 [info] > git for-each-ref --format=%(refname)%00%(upstream:short)%00%(objectname)%00%(upstream:track)%00%(upstream:remotename)%00%(upstream:remoteref) refs/heads/master refs/remotes/master [9ms]
2022-12-18 11:51:50.631 [info] > git for-each-ref --sort -committerdate --format %(refname) %(objectname) %(*objectname) [9ms]
2022-12-18 11:51:50.816 [info] > git status -z -uall [223ms]
2022-12-18 11:51:56.009 [info] > git config --get commit.template [34ms]
2022-12-18 11:51:56.014 [info] > git for-each-ref --format=%(refname)%00%(upstream:short)%00%(objectname)%00%(upstream:track)%00%(upstream:remotename)%00%(upstream:remoteref) refs/heads/master refs/remotes/master [9ms]
2022-12-18 11:51:56.090 [info] > git for-each-ref --sort -committerdate --format %(refname) %(objectname) %(*objectname) [9ms]
2022-12-18 11:51:56.250 [info] > git status -z -uall [206ms]
2022-12-18 11:52:01.413 [info] > git config --get commit.template [40ms]
2022-12-18 11:52:01.419 [info] > git for-each-ref --format=%(refname)%00%(upstream:short)%00%(objectname)%00%(upstream:track)%00%(upstream:remotename)%00%(upstream:remoteref) refs/heads/master refs/remotes/master [9ms]
2022-12-18 11:52:01.504 [info] > git for-each-ref --sort -committerdate --format %(refname) %(objectname) %(*objectname) [8ms]
2022-12-18 11:52:01.675 [info] > git status -z -uall [224ms]
2022-12-18 12:06:07.123 [info] > git config --get commit.template [58ms]
2022-12-18 12:06:07.132 [info] > git for-each-ref --format=%(refname)%00%(upstream:short)%00%(objectname)%00%(upstream:track)%00%(upstream:remotename)%00%(upstream:remoteref) refs/heads/master refs/remotes/master [13ms]
