2022-12-18 10:58:10.760 [info] Extension host with pid 58 started
2022-12-18 10:58:10.862 [error] Error: EEXIST: file already exists, open '/home/karolart/.vscode-server/data/User/workspaceStorage/e87297d80ed91d9a981cbfb24e7a1840/vscode.lock'
2022-12-18 10:58:10.888 [info] Lock '/home/karolart/.vscode-server/data/User/workspaceStorage/e87297d80ed91d9a981cbfb24e7a1840/vscode.lock': Could not acquire lock, checking if the file is stale.
2022-12-18 10:58:10.912 [info] Lock '/home/karolart/.vscode-server/data/User/workspaceStorage/e87297d80ed91d9a981cbfb24e7a1840/vscode.lock': The pid 117 appears to be gone.
2022-12-18 10:58:10.912 [info] Lock '/home/karolart/.vscode-server/data/User/workspaceStorage/e87297d80ed91d9a981cbfb24e7a1840/vscode.lock': Deleting a stale lock.
2022-12-18 10:58:10.943 [info] Lock '/home/karolart/.vscode-server/data/User/workspaceStorage/e87297d80ed91d9a981cbfb24e7a1840/vscode.lock': Lock acquired.
2022-12-18 10:58:11.199 [info] ExtensionService#_doActivateExtension vscode.extension-editing, startup: false, activationEvent: 'onLanguage:markdown'
2022-12-18 10:58:11.202 [info] ExtensionService#_doActivateExtension vscode.markdown-language-features, startup: false, activationEvent: 'onLanguage:markdown'
2022-12-18 10:58:11.206 [info] ExtensionService#_doActivateExtension vscode.git-base, startup: true, activationEvent: '*', root cause: vscode.git
2022-12-18 10:58:12.078 [info] ExtensionService#_doActivateExtension vscode.git, startup: true, activationEvent: '*'
2022-12-18 10:58:12.079 [info] ExtensionService#_doActivateExtension vscode.github, startup: true, activationEvent: '*'
2022-12-18 10:58:13.558 [info] ExtensionService#_doActivateExtension vscode.debug-auto-launch, startup: false, activationEvent: 'onStartupFinished'
2022-12-18 10:58:13.560 [info] ExtensionService#_doActivateExtension vscode.emmet, startup: false, activationEvent: 'onStartupFinished'
2022-12-18 10:58:13.562 [info] ExtensionService#_doActivateExtension vscode.merge-conflict, startup: false, activationEvent: 'onStartupFinished'
2022-12-18 10:58:13.569 [info] Eager extensions activated
2022-12-18 10:58:13.785 [info] ExtensionService#_doActivateExtension vscode.configuration-editing, startup: false, activationEvent: 'onLanguage:jsonc'
2022-12-18 10:58:13.786 [info] ExtensionService#_doActivateExtension vscode.json-language-features, startup: false, activationEvent: 'onLanguage:jsonc'
2022-12-18 10:58:13.788 [info] ExtensionService#_doActivateExtension vscode.typescript-language-features, startup: false, activationEvent: 'onLanguage:jsonc'
2022-12-18 10:58:16.174 [info] ExtensionService#_doActivateExtension vscode.markdown-math, startup: false, activationEvent: 'api', root cause: vscode.markdown-language-features
2022-12-18 10:58:17.060 [warning] [Decorations] CAPPING events from decorations provider vscode.git 1943
2022-12-18 10:58:19.784 [warning] [Decorations] CAPPING events from decorations provider vscode.git 1945
2022-12-18 10:58:23.850 [warning] [Decorations] CAPPING events from decorations provider vscode.git 1945
2022-12-18 10:58:29.746 [warning] [Decorations] CAPPING events from decorations provider vscode.git 1945
2022-12-18 11:29:27.331 [warning] [Decorations] CAPPING events from decorations provider vscode.git 1945
2022-12-18 11:29:33.102 [warning] [Decorations] CAPPING events from decorations provider vscode.git 1945
2022-12-18 11:51:50.883 [warning] [Decorations] CAPPING events from decorations provider vscode.git 1945
2022-12-18 11:51:56.293 [warning] [Decorations] CAPPING events from decorations provider vscode.git 1945
2022-12-18 11:52:01.736 [warning] [Decorations] CAPPING events from decorations provider vscode.git 1945
2022-12-18 12:06:07.323 [info] Extension host terminating: received terminate message from renderer
2022-12-18 12:06:07.328 [info] Lock '/home/karolart/.vscode-server/data/User/workspaceStorage/e87297d80ed91d9a981cbfb24e7a1840/vscode.lock': Marking the lockfile as scheduled to be released in 6000 ms.
2022-12-18 12:06:07.621 [info] Extension host with pid 58 exiting with code 0
